<testsuites id="" name="" tests="100" failures="95" skipped="0" errors="0" time="1253.205076">
<testsuite name="accusation-flow.spec.ts" timestamp="2025-07-26T13:50:52.835Z" hostname="chromium" tests="9" failures="9" skipped="0" time="719.52" errors="0">
<testcase name="Sistema de Acusação - Testes Funcionais Completos › deve permitir acusação correta e exibir vitória" classname="accusation-flow.spec.ts" time="104.823">
<failure message="accusation-flow.spec.ts:39:7 deve permitir acusação correta e exibir vitória" type="FAILURE">
<![CDATA[  [chromium] › accusation-flow.spec.ts:39:7 › Sistema de Acusação - Testes Funcionais Completos › deve permitir acusação correta e exibir vitória 

    TimeoutError: page.goto: Timeout 30000ms exceeded.
    Call log:
      - navigating to "http://localhost:3000/game/functional-test-game/investigation", waiting until "load"


       at pages/InvestigationPage.ts:92

      90 |    */
      91 |   async goto(gameId: string = 'test-game') {
    > 92 |     await this.page.goto(`/game/${gameId}/investigation`)
         |                     ^
      93 |     await this.waitForLoad()
      94 |   }
      95 |
        at InvestigationPage.goto (/Users/thamiresfernandesmendes/Desktop/NovoProjeto/criminal-minds-game/tests/functional/pages/InvestigationPage.ts:92:21)
        at /Users/thamiresfernandesmendes/Desktop/NovoProjeto/criminal-minds-game/tests/functional/accusation-flow.spec.ts:28:29

    attachment #1: video (video/webm) ──────────────────────────────────────────────────────────────
    ../../test-results/accusation-flow-Sistema-de-2da99-ão-correta-e-exibir-vitória-chromium/video.webm
    ────────────────────────────────────────────────────────────────────────────────────────────────

    Error Context: ../../test-results/accusation-flow-Sistema-de-2da99-ão-correta-e-exibir-vitória-chromium/error-context.md
]]>
</failure>
<system-out>
<![CDATA[
[[ATTACHMENT|accusation-flow-Sistema-de-2da99-ão-correta-e-exibir-vitória-chromium/video.webm]]

[[ATTACHMENT|accusation-flow-Sistema-de-2da99-ão-correta-e-exibir-vitória-chromium/error-context.md]]
]]>
</system-out>
</testcase>
<testcase name="Sistema de Acusação - Testes Funcionais Completos › deve processar acusação incorreta e exibir derrota" classname="accusation-flow.spec.ts" time="104.8">
<failure message="accusation-flow.spec.ts:75:7 deve processar acusação incorreta e exibir derrota" type="FAILURE">
<![CDATA[  [chromium] › accusation-flow.spec.ts:75:7 › Sistema de Acusação - Testes Funcionais Completos › deve processar acusação incorreta e exibir derrota 

    TimeoutError: page.goto: Timeout 30000ms exceeded.
    Call log:
      - navigating to "http://localhost:3000/game/functional-test-game/investigation", waiting until "load"


       at pages/InvestigationPage.ts:92

      90 |    */
      91 |   async goto(gameId: string = 'test-game') {
    > 92 |     await this.page.goto(`/game/${gameId}/investigation`)
         |                     ^
      93 |     await this.waitForLoad()
      94 |   }
      95 |
        at InvestigationPage.goto (/Users/thamiresfernandesmendes/Desktop/NovoProjeto/criminal-minds-game/tests/functional/pages/InvestigationPage.ts:92:21)
        at /Users/thamiresfernandesmendes/Desktop/NovoProjeto/criminal-minds-game/tests/functional/accusation-flow.spec.ts:28:29

    attachment #1: video (video/webm) ──────────────────────────────────────────────────────────────
    ../../test-results/accusation-flow-Sistema-de-a9794--incorreta-e-exibir-derrota-chromium/video.webm
    ────────────────────────────────────────────────────────────────────────────────────────────────

    Error Context: ../../test-results/accusation-flow-Sistema-de-a9794--incorreta-e-exibir-derrota-chromium/error-context.md
]]>
</failure>
<system-out>
<![CDATA[
[[ATTACHMENT|accusation-flow-Sistema-de-a9794--incorreta-e-exibir-derrota-chromium/video.webm]]

[[ATTACHMENT|accusation-flow-Sistema-de-a9794--incorreta-e-exibir-derrota-chromium/error-context.md]]
]]>
</system-out>
</testcase>
<testcase name="Sistema de Acusação - Testes Funcionais Completos › deve validar dados obrigatórios no formulário de acusação" classname="accusation-flow.spec.ts" time="103.805">
<failure message="accusation-flow.spec.ts:108:7 deve validar dados obrigatórios no formulário de acusação" type="FAILURE">
<![CDATA[  [chromium] › accusation-flow.spec.ts:108:7 › Sistema de Acusação - Testes Funcionais Completos › deve validar dados obrigatórios no formulário de acusação 

    TimeoutError: page.goto: Timeout 30000ms exceeded.
    Call log:
      - navigating to "http://localhost:3000/game/functional-test-game/investigation", waiting until "load"


       at pages/InvestigationPage.ts:92

      90 |    */
      91 |   async goto(gameId: string = 'test-game') {
    > 92 |     await this.page.goto(`/game/${gameId}/investigation`)
         |                     ^
      93 |     await this.waitForLoad()
      94 |   }
      95 |
        at InvestigationPage.goto (/Users/thamiresfernandesmendes/Desktop/NovoProjeto/criminal-minds-game/tests/functional/pages/InvestigationPage.ts:92:21)
        at /Users/thamiresfernandesmendes/Desktop/NovoProjeto/criminal-minds-game/tests/functional/accusation-flow.spec.ts:28:29

    attachment #1: video (video/webm) ──────────────────────────────────────────────────────────────
    ../../test-results/accusation-flow-Sistema-de-8cdbe-s-no-formulário-de-acusação-chromium/video.webm
    ────────────────────────────────────────────────────────────────────────────────────────────────

    Error Context: ../../test-results/accusation-flow-Sistema-de-8cdbe-s-no-formulário-de-acusação-chromium/error-context.md
]]>
</failure>
<system-out>
<![CDATA[
[[ATTACHMENT|accusation-flow-Sistema-de-8cdbe-s-no-formulário-de-acusação-chromium/video.webm]]

[[ATTACHMENT|accusation-flow-Sistema-de-8cdbe-s-no-formulário-de-acusação-chromium/error-context.md]]
]]>
</system-out>
</testcase>
<testcase name="Sistema de Acusação - Testes Funcionais Completos › deve atualizar contador de caracteres em tempo real" classname="accusation-flow.spec.ts" time="103.139">
<failure message="accusation-flow.spec.ts:137:7 deve atualizar contador de caracteres em tempo real" type="FAILURE">
<![CDATA[  [chromium] › accusation-flow.spec.ts:137:7 › Sistema de Acusação - Testes Funcionais Completos › deve atualizar contador de caracteres em tempo real 

    TimeoutError: page.goto: Timeout 30000ms exceeded.
    Call log:
      - navigating to "http://localhost:3000/game/functional-test-game/investigation", waiting until "load"


       at pages/InvestigationPage.ts:92

      90 |    */
      91 |   async goto(gameId: string = 'test-game') {
    > 92 |     await this.page.goto(`/game/${gameId}/investigation`)
         |                     ^
      93 |     await this.waitForLoad()
      94 |   }
      95 |
        at InvestigationPage.goto (/Users/thamiresfernandesmendes/Desktop/NovoProjeto/criminal-minds-game/tests/functional/pages/InvestigationPage.ts:92:21)
        at /Users/thamiresfernandesmendes/Desktop/NovoProjeto/criminal-minds-game/tests/functional/accusation-flow.spec.ts:28:29

    attachment #1: video (video/webm) ──────────────────────────────────────────────────────────────
    ../../test-results/accusation-flow-Sistema-de-ed2dc-de-caracteres-em-tempo-real-chromium/video.webm
    ────────────────────────────────────────────────────────────────────────────────────────────────

    Error Context: ../../test-results/accusation-flow-Sistema-de-ed2dc-de-caracteres-em-tempo-real-chromium/error-context.md
]]>
</failure>
<system-out>
<![CDATA[
[[ATTACHMENT|accusation-flow-Sistema-de-ed2dc-de-caracteres-em-tempo-real-chromium/video.webm]]

[[ATTACHMENT|accusation-flow-Sistema-de-ed2dc-de-caracteres-em-tempo-real-chromium/error-context.md]]
]]>
</system-out>
</testcase>
<testcase name="Sistema de Acusação - Testes Funcionais Completos › deve permitir cancelar acusação sem efeitos colaterais" classname="accusation-flow.spec.ts" time="71.285">
<failure message="accusation-flow.spec.ts:165:7 deve permitir cancelar acusação sem efeitos colaterais" type="FAILURE">
<![CDATA[  [chromium] › accusation-flow.spec.ts:165:7 › Sistema de Acusação - Testes Funcionais Completos › deve permitir cancelar acusação sem efeitos colaterais 

    Error: Timed out 10000ms waiting for expect(locator).toBeVisible()

    Locator: locator('[data-testid="investigation-map"], .investigation-map')
    Expected: visible
    Received: <element(s) not found>
    Call log:
      - Expect "toBeVisible" with timeout 10000ms
      - waiting for locator('[data-testid="investigation-map"], .investigation-map')


       at pages/InvestigationPage.ts:104

      102 |     // Aguardar elementos principais da investigação
      103 |     await expect(this.gameTitle).toBeVisible()
    > 104 |     await expect(this.investigationMap).toBeVisible()
          |                                         ^
      105 |   }
      106 |
      107 |   /**
        at InvestigationPage.waitForLoad (/Users/thamiresfernandesmendes/Desktop/NovoProjeto/criminal-minds-game/tests/functional/pages/InvestigationPage.ts:104:41)
        at InvestigationPage.goto (/Users/thamiresfernandesmendes/Desktop/NovoProjeto/criminal-minds-game/tests/functional/pages/InvestigationPage.ts:93:5)
        at /Users/thamiresfernandesmendes/Desktop/NovoProjeto/criminal-minds-game/tests/functional/accusation-flow.spec.ts:28:5

    attachment #1: video (video/webm) ──────────────────────────────────────────────────────────────
    ../../test-results/accusation-flow-Sistema-de-0ab86-ação-sem-efeitos-colaterais-chromium/video.webm
    ────────────────────────────────────────────────────────────────────────────────────────────────

    Error Context: ../../test-results/accusation-flow-Sistema-de-0ab86-ação-sem-efeitos-colaterais-chromium/error-context.md
]]>
</failure>
<system-out>
<![CDATA[
[[ATTACHMENT|accusation-flow-Sistema-de-0ab86-ação-sem-efeitos-colaterais-chromium/video.webm]]

[[ATTACHMENT|accusation-flow-Sistema-de-0ab86-ação-sem-efeitos-colaterais-chromium/error-context.md]]
]]>
</system-out>
</testcase>
<testcase name="Sistema de Acusação - Testes Funcionais Completos › deve executar fluxo end-to-end completo com sucesso" classname="accusation-flow.spec.ts" time="68.49">
<failure message="accusation-flow.spec.ts:194:7 deve executar fluxo end-to-end completo com sucesso" type="FAILURE">
<![CDATA[  [chromium] › accusation-flow.spec.ts:194:7 › Sistema de Acusação - Testes Funcionais Completos › deve executar fluxo end-to-end completo com sucesso 

    Error: Timed out 10000ms waiting for expect(locator).toBeVisible()

    Locator: locator('[data-testid="investigation-map"], .investigation-map')
    Expected: visible
    Received: <element(s) not found>
    Call log:
      - Expect "toBeVisible" with timeout 10000ms
      - waiting for locator('[data-testid="investigation-map"], .investigation-map')


       at pages/InvestigationPage.ts:104

      102 |     // Aguardar elementos principais da investigação
      103 |     await expect(this.gameTitle).toBeVisible()
    > 104 |     await expect(this.investigationMap).toBeVisible()
          |                                         ^
      105 |   }
      106 |
      107 |   /**
        at InvestigationPage.waitForLoad (/Users/thamiresfernandesmendes/Desktop/NovoProjeto/criminal-minds-game/tests/functional/pages/InvestigationPage.ts:104:41)
        at InvestigationPage.goto (/Users/thamiresfernandesmendes/Desktop/NovoProjeto/criminal-minds-game/tests/functional/pages/InvestigationPage.ts:93:5)
        at /Users/thamiresfernandesmendes/Desktop/NovoProjeto/criminal-minds-game/tests/functional/accusation-flow.spec.ts:28:5

    attachment #1: video (video/webm) ──────────────────────────────────────────────────────────────
    ../../test-results/accusation-flow-Sistema-de-3154e-to-end-completo-com-sucesso-chromium/video.webm
    ────────────────────────────────────────────────────────────────────────────────────────────────

    Error Context: ../../test-results/accusation-flow-Sistema-de-3154e-to-end-completo-com-sucesso-chromium/error-context.md
]]>
</failure>
<system-out>
<![CDATA[
[[ATTACHMENT|accusation-flow-Sistema-de-3154e-to-end-completo-com-sucesso-chromium/video.webm]]

[[ATTACHMENT|accusation-flow-Sistema-de-3154e-to-end-completo-com-sucesso-chromium/error-context.md]]
]]>
</system-out>
</testcase>
<testcase name="Sistema de Acusação - Testes Funcionais Completos › deve funcionar corretamente em diferentes resoluções" classname="accusation-flow.spec.ts" time="63.35">
<failure message="accusation-flow.spec.ts:243:7 deve funcionar corretamente em diferentes resoluções" type="FAILURE">
<![CDATA[  [chromium] › accusation-flow.spec.ts:243:7 › Sistema de Acusação - Testes Funcionais Completos › deve funcionar corretamente em diferentes resoluções 

    Error: Timed out 10000ms waiting for expect(locator).toBeVisible()

    Locator: locator('[data-testid="investigation-map"], .investigation-map')
    Expected: visible
    Received: <element(s) not found>
    Call log:
      - Expect "toBeVisible" with timeout 10000ms
      - waiting for locator('[data-testid="investigation-map"], .investigation-map')


       at pages/InvestigationPage.ts:104

      102 |     // Aguardar elementos principais da investigação
      103 |     await expect(this.gameTitle).toBeVisible()
    > 104 |     await expect(this.investigationMap).toBeVisible()
          |                                         ^
      105 |   }
      106 |
      107 |   /**
        at InvestigationPage.waitForLoad (/Users/thamiresfernandesmendes/Desktop/NovoProjeto/criminal-minds-game/tests/functional/pages/InvestigationPage.ts:104:41)
        at InvestigationPage.goto (/Users/thamiresfernandesmendes/Desktop/NovoProjeto/criminal-minds-game/tests/functional/pages/InvestigationPage.ts:93:5)
        at /Users/thamiresfernandesmendes/Desktop/NovoProjeto/criminal-minds-game/tests/functional/accusation-flow.spec.ts:28:5

    attachment #1: video (video/webm) ──────────────────────────────────────────────────────────────
    ../../test-results/accusation-flow-Sistema-de-923f7-te-em-diferentes-resoluções-chromium/video.webm
    ────────────────────────────────────────────────────────────────────────────────────────────────

    Error Context: ../../test-results/accusation-flow-Sistema-de-923f7-te-em-diferentes-resoluções-chromium/error-context.md
]]>
</failure>
<system-out>
<![CDATA[
[[ATTACHMENT|accusation-flow-Sistema-de-923f7-te-em-diferentes-resoluções-chromium/video.webm]]

[[ATTACHMENT|accusation-flow-Sistema-de-923f7-te-em-diferentes-resoluções-chromium/error-context.md]]
]]>
</system-out>
</testcase>
<testcase name="Sistema de Acusação - Testes Funcionais Completos › deve atender requisitos básicos de acessibilidade" classname="accusation-flow.spec.ts" time="63.114">
<failure message="accusation-flow.spec.ts:274:7 deve atender requisitos básicos de acessibilidade" type="FAILURE">
<![CDATA[  [chromium] › accusation-flow.spec.ts:274:7 › Sistema de Acusação - Testes Funcionais Completos › deve atender requisitos básicos de acessibilidade 

    Error: Timed out 10000ms waiting for expect(locator).toBeVisible()

    Locator: locator('[data-testid="investigation-map"], .investigation-map')
    Expected: visible
    Received: <element(s) not found>
    Call log:
      - Expect "toBeVisible" with timeout 10000ms
      - waiting for locator('[data-testid="investigation-map"], .investigation-map')


       at pages/InvestigationPage.ts:104

      102 |     // Aguardar elementos principais da investigação
      103 |     await expect(this.gameTitle).toBeVisible()
    > 104 |     await expect(this.investigationMap).toBeVisible()
          |                                         ^
      105 |   }
      106 |
      107 |   /**
        at InvestigationPage.waitForLoad (/Users/thamiresfernandesmendes/Desktop/NovoProjeto/criminal-minds-game/tests/functional/pages/InvestigationPage.ts:104:41)
        at InvestigationPage.goto (/Users/thamiresfernandesmendes/Desktop/NovoProjeto/criminal-minds-game/tests/functional/pages/InvestigationPage.ts:93:5)
        at /Users/thamiresfernandesmendes/Desktop/NovoProjeto/criminal-minds-game/tests/functional/accusation-flow.spec.ts:28:5

    attachment #1: video (video/webm) ──────────────────────────────────────────────────────────────
    ../../test-results/accusation-flow-Sistema-de-b8387-s-básicos-de-acessibilidade-chromium/video.webm
    ────────────────────────────────────────────────────────────────────────────────────────────────

    Error Context: ../../test-results/accusation-flow-Sistema-de-b8387-s-básicos-de-acessibilidade-chromium/error-context.md
]]>
</failure>
<system-out>
<![CDATA[
[[ATTACHMENT|accusation-flow-Sistema-de-b8387-s-básicos-de-acessibilidade-chromium/video.webm]]

[[ATTACHMENT|accusation-flow-Sistema-de-b8387-s-básicos-de-acessibilidade-chromium/error-context.md]]
]]>
</system-out>
</testcase>
<testcase name="Sistema de Acusação - Testes Funcionais Completos › deve se recuperar graciosamente de erros de rede" classname="accusation-flow.spec.ts" time="36.714">
<failure message="accusation-flow.spec.ts:302:7 deve se recuperar graciosamente de erros de rede" type="FAILURE">
<![CDATA[  [chromium] › accusation-flow.spec.ts:302:7 › Sistema de Acusação - Testes Funcionais Completos › deve se recuperar graciosamente de erros de rede 

    Error: Timed out 10000ms waiting for expect(locator).toBeVisible()

    Locator: locator('[data-testid="investigation-map"], .investigation-map')
    Expected: visible
    Received: <element(s) not found>
    Call log:
      - Expect "toBeVisible" with timeout 10000ms
      - waiting for locator('[data-testid="investigation-map"], .investigation-map')


       at pages/InvestigationPage.ts:104

      102 |     // Aguardar elementos principais da investigação
      103 |     await expect(this.gameTitle).toBeVisible()
    > 104 |     await expect(this.investigationMap).toBeVisible()
          |                                         ^
      105 |   }
      106 |
      107 |   /**
        at InvestigationPage.waitForLoad (/Users/thamiresfernandesmendes/Desktop/NovoProjeto/criminal-minds-game/tests/functional/pages/InvestigationPage.ts:104:41)
        at InvestigationPage.goto (/Users/thamiresfernandesmendes/Desktop/NovoProjeto/criminal-minds-game/tests/functional/pages/InvestigationPage.ts:93:5)
        at /Users/thamiresfernandesmendes/Desktop/NovoProjeto/criminal-minds-game/tests/functional/accusation-flow.spec.ts:28:5

    attachment #1: screenshot (image/png) ──────────────────────────────────────────────────────────
    ../../test-results/accusation-flow-Sistema-de-b9fb3-ciosamente-de-erros-de-rede-chromium/test-failed-1.png
    ────────────────────────────────────────────────────────────────────────────────────────────────

    attachment #2: video (video/webm) ──────────────────────────────────────────────────────────────
    ../../test-results/accusation-flow-Sistema-de-b9fb3-ciosamente-de-erros-de-rede-chromium/video.webm
    ────────────────────────────────────────────────────────────────────────────────────────────────

    Error Context: ../../test-results/accusation-flow-Sistema-de-b9fb3-ciosamente-de-erros-de-rede-chromium/error-context.md
]]>
</failure>
<system-out>
<![CDATA[
[[ATTACHMENT|accusation-flow-Sistema-de-b9fb3-ciosamente-de-erros-de-rede-chromium/test-failed-1.png]]

[[ATTACHMENT|accusation-flow-Sistema-de-b9fb3-ciosamente-de-erros-de-rede-chromium/video.webm]]

[[ATTACHMENT|accusation-flow-Sistema-de-b9fb3-ciosamente-de-erros-de-rede-chromium/error-context.md]]
]]>
</system-out>
</testcase>
</testsuite>
<testsuite name="navigation-flow.spec.ts" timestamp="2025-07-26T13:50:52.835Z" hostname="chromium" tests="11" failures="10" skipped="0" time="278.695" errors="0">
<testcase name="Sistema de Navegação - Testes Funcionais › deve navegar corretamente desde página inicial" classname="navigation-flow.spec.ts" time="40.147">
<failure message="navigation-flow.spec.ts:25:7 deve navegar corretamente desde página inicial" type="FAILURE">
<![CDATA[  [chromium] › navigation-flow.spec.ts:25:7 › Sistema de Navegação - Testes Funcionais › deve navegar corretamente desde página inicial 

    Error: Timed out 10000ms waiting for expect(locator).toBeVisible()

    Locator: locator('nav, [data-testid="navigation"]')
    Expected: visible
    Received: <element(s) not found>
    Call log:
      - Expect "toBeVisible" with timeout 10000ms
      - waiting for locator('nav, [data-testid="navigation"]')


       at pages/HomePage.ts:119

      117 |     
      118 |     // Verificar navegação principal
    > 119 |     await expect(this.navigationMenu).toBeVisible()
          |                                       ^
      120 |     
      121 |     // Verificar botões principais (pelo menos um deve estar visível)
      122 |     const mainButtons = [
        at HomePage.verifyPageElements (/Users/thamiresfernandesmendes/Desktop/NovoProjeto/criminal-minds-game/tests/functional/pages/HomePage.ts:119:39)
        at /Users/thamiresfernandesmendes/Desktop/NovoProjeto/criminal-minds-game/tests/functional/navigation-flow.spec.ts:28:5

    attachment #1: screenshot (image/png) ──────────────────────────────────────────────────────────
    ../../test-results/navigation-flow-Sistema-de-1e7a5-amente-desde-página-inicial-chromium/test-failed-1.png
    ────────────────────────────────────────────────────────────────────────────────────────────────

    attachment #2: video (video/webm) ──────────────────────────────────────────────────────────────
    ../../test-results/navigation-flow-Sistema-de-1e7a5-amente-desde-página-inicial-chromium/video.webm
    ────────────────────────────────────────────────────────────────────────────────────────────────

    Error Context: ../../test-results/navigation-flow-Sistema-de-1e7a5-amente-desde-página-inicial-chromium/error-context.md
]]>
</failure>
<system-out>
<![CDATA[
[[ATTACHMENT|navigation-flow-Sistema-de-1e7a5-amente-desde-página-inicial-chromium/test-failed-1.png]]

[[ATTACHMENT|navigation-flow-Sistema-de-1e7a5-amente-desde-página-inicial-chromium/video.webm]]

[[ATTACHMENT|navigation-flow-Sistema-de-1e7a5-amente-desde-página-inicial-chromium/error-context.md]]
]]>
</system-out>
</testcase>
<testcase name="Sistema de Navegação - Testes Funcionais › deve acessar configurações e retornar" classname="navigation-flow.spec.ts" time="32.153">
<failure message="navigation-flow.spec.ts:48:7 deve acessar configurações e retornar" type="FAILURE">
<![CDATA[  [chromium] › navigation-flow.spec.ts:48:7 › Sistema de Navegação - Testes Funcionais › deve acessar configurações e retornar 

    TimeoutError: locator.click: Timeout 10000ms exceeded.
    Call log:
      - waiting for locator('button:has-text("Configurações"), a[href="/settings"]')


       at pages/HomePage.ts:87

      85 |    */
      86 |   async goToSettings() {
    > 87 |     await this.settingsButton.click()
         |                               ^
      88 |     await this.page.waitForURL('**/settings')
      89 |   }
      90 |
        at HomePage.goToSettings (/Users/thamiresfernandesmendes/Desktop/NovoProjeto/criminal-minds-game/tests/functional/pages/HomePage.ts:87:31)
        at /Users/thamiresfernandesmendes/Desktop/NovoProjeto/criminal-minds-game/tests/functional/navigation-flow.spec.ts:53:20

    attachment #1: screenshot (image/png) ──────────────────────────────────────────────────────────
    ../../test-results/navigation-flow-Sistema-de-9de14-ar-configurações-e-retornar-chromium/test-failed-1.png
    ────────────────────────────────────────────────────────────────────────────────────────────────

    attachment #2: video (video/webm) ──────────────────────────────────────────────────────────────
    ../../test-results/navigation-flow-Sistema-de-9de14-ar-configurações-e-retornar-chromium/video.webm
    ────────────────────────────────────────────────────────────────────────────────────────────────

    Error Context: ../../test-results/navigation-flow-Sistema-de-9de14-ar-configurações-e-retornar-chromium/error-context.md
]]>
</failure>
<system-out>
<![CDATA[
[[ATTACHMENT|navigation-flow-Sistema-de-9de14-ar-configurações-e-retornar-chromium/test-failed-1.png]]

[[ATTACHMENT|navigation-flow-Sistema-de-9de14-ar-configurações-e-retornar-chromium/video.webm]]

[[ATTACHMENT|navigation-flow-Sistema-de-9de14-ar-configurações-e-retornar-chromium/error-context.md]]
]]>
</system-out>
</testcase>
<testcase name="Sistema de Navegação - Testes Funcionais › deve permitir acesso direto à investigação" classname="navigation-flow.spec.ts" time="25.442">
<failure message="navigation-flow.spec.ts:71:7 deve permitir acesso direto à investigação" type="FAILURE">
<![CDATA[  [chromium] › navigation-flow.spec.ts:71:7 › Sistema de Navegação - Testes Funcionais › deve permitir acesso direto à investigação 

    Error: Timed out 10000ms waiting for expect(locator).toBeVisible()

    Locator: locator('[data-testid="investigation-map"], .investigation-map')
    Expected: visible
    Received: <element(s) not found>
    Call log:
      - Expect "toBeVisible" with timeout 10000ms
      - waiting for locator('[data-testid="investigation-map"], .investigation-map')


       at pages/InvestigationPage.ts:104

      102 |     // Aguardar elementos principais da investigação
      103 |     await expect(this.gameTitle).toBeVisible()
    > 104 |     await expect(this.investigationMap).toBeVisible()
          |                                         ^
      105 |   }
      106 |
      107 |   /**
        at InvestigationPage.waitForLoad (/Users/thamiresfernandesmendes/Desktop/NovoProjeto/criminal-minds-game/tests/functional/pages/InvestigationPage.ts:104:41)
        at InvestigationPage.goto (/Users/thamiresfernandesmendes/Desktop/NovoProjeto/criminal-minds-game/tests/functional/pages/InvestigationPage.ts:93:5)
        at /Users/thamiresfernandesmendes/Desktop/NovoProjeto/criminal-minds-game/tests/functional/navigation-flow.spec.ts:73:5

    attachment #1: screenshot (image/png) ──────────────────────────────────────────────────────────
    ../../test-results/navigation-flow-Sistema-de-a2955-cesso-direto-à-investigação-chromium/test-failed-1.png
    ────────────────────────────────────────────────────────────────────────────────────────────────

    attachment #2: video (video/webm) ──────────────────────────────────────────────────────────────
    ../../test-results/navigation-flow-Sistema-de-a2955-cesso-direto-à-investigação-chromium/video.webm
    ────────────────────────────────────────────────────────────────────────────────────────────────

    Error Context: ../../test-results/navigation-flow-Sistema-de-a2955-cesso-direto-à-investigação-chromium/error-context.md
]]>
</failure>
<system-out>
<![CDATA[
[[ATTACHMENT|navigation-flow-Sistema-de-a2955-cesso-direto-à-investigação-chromium/test-failed-1.png]]

[[ATTACHMENT|navigation-flow-Sistema-de-a2955-cesso-direto-à-investigação-chromium/video.webm]]

[[ATTACHMENT|navigation-flow-Sistema-de-a2955-cesso-direto-à-investigação-chromium/error-context.md]]
]]>
</system-out>
</testcase>
<testcase name="Sistema de Navegação - Testes Funcionais › deve executar fluxo completo: home → lobby → jogo → resultado" classname="navigation-flow.spec.ts" time="31.571">
<failure message="navigation-flow.spec.ts:95:7 deve executar fluxo completo: home → lobby → jogo → resultado" type="FAILURE">
<![CDATA[  [chromium] › navigation-flow.spec.ts:95:7 › Sistema de Navegação - Testes Funcionais › deve executar fluxo completo: home → lobby → jogo → resultado 

    TimeoutError: locator.click: Timeout 10000ms exceeded.
    Call log:
      - waiting for locator('button:has-text("Lobby"), a[href="/lobby"]')


       at pages/HomePage.ts:79

      77 |    */
      78 |   async goToLobby() {
    > 79 |     await this.lobbyButton.click()
         |                            ^
      80 |     await this.page.waitForURL('**/lobby')
      81 |   }
      82 |
        at HomePage.goToLobby (/Users/thamiresfernandesmendes/Desktop/NovoProjeto/criminal-minds-game/tests/functional/pages/HomePage.ts:79:28)
        at /Users/thamiresfernandesmendes/Desktop/NovoProjeto/criminal-minds-game/tests/functional/navigation-flow.spec.ts:102:20

    attachment #1: screenshot (image/png) ──────────────────────────────────────────────────────────
    ../../test-results/navigation-flow-Sistema-de-cdcda--→-lobby-→-jogo-→-resultado-chromium/test-failed-1.png
    ────────────────────────────────────────────────────────────────────────────────────────────────

    attachment #2: video (video/webm) ──────────────────────────────────────────────────────────────
    ../../test-results/navigation-flow-Sistema-de-cdcda--→-lobby-→-jogo-→-resultado-chromium/video.webm
    ────────────────────────────────────────────────────────────────────────────────────────────────

    Error Context: ../../test-results/navigation-flow-Sistema-de-cdcda--→-lobby-→-jogo-→-resultado-chromium/error-context.md
]]>
</failure>
<system-out>
<![CDATA[
[[ATTACHMENT|navigation-flow-Sistema-de-cdcda--→-lobby-→-jogo-→-resultado-chromium/test-failed-1.png]]

[[ATTACHMENT|navigation-flow-Sistema-de-cdcda--→-lobby-→-jogo-→-resultado-chromium/video.webm]]

[[ATTACHMENT|navigation-flow-Sistema-de-cdcda--→-lobby-→-jogo-→-resultado-chromium/error-context.md]]
]]>
</system-out>
</testcase>
<testcase name="Sistema de Navegação - Testes Funcionais › deve funcionar corretamente em múltiplas abas" classname="navigation-flow.spec.ts" time="39">
<failure message="navigation-flow.spec.ts:139:7 deve funcionar corretamente em múltiplas abas" type="FAILURE">
<![CDATA[  [chromium] › navigation-flow.spec.ts:139:7 › Sistema de Navegação - Testes Funcionais › deve funcionar corretamente em múltiplas abas 

    Error: Timed out 10000ms waiting for expect(locator).toBeVisible()

    Locator: locator('nav, [data-testid="navigation"]')
    Expected: visible
    Received: <element(s) not found>
    Call log:
      - Expect "toBeVisible" with timeout 10000ms
      - waiting for locator('nav, [data-testid="navigation"]')


       at pages/HomePage.ts:119

      117 |     
      118 |     // Verificar navegação principal
    > 119 |     await expect(this.navigationMenu).toBeVisible()
          |                                       ^
      120 |     
      121 |     // Verificar botões principais (pelo menos um deve estar visível)
      122 |     const mainButtons = [
        at HomePage.verifyPageElements (/Users/thamiresfernandesmendes/Desktop/NovoProjeto/criminal-minds-game/tests/functional/pages/HomePage.ts:119:39)
        at /Users/thamiresfernandesmendes/Desktop/NovoProjeto/criminal-minds-game/tests/functional/navigation-flow.spec.ts:157:5

    attachment #1: screenshot (image/png) ──────────────────────────────────────────────────────────
    ../../test-results/navigation-flow-Sistema-de-13ff8-retamente-em-múltiplas-abas-chromium/test-failed-1.png
    ────────────────────────────────────────────────────────────────────────────────────────────────

    attachment #2: screenshot (image/png) ──────────────────────────────────────────────────────────
    ../../test-results/navigation-flow-Sistema-de-13ff8-retamente-em-múltiplas-abas-chromium/test-failed-2.png
    ────────────────────────────────────────────────────────────────────────────────────────────────

    attachment #3: screenshot (image/png) ──────────────────────────────────────────────────────────
    ../../test-results/navigation-flow-Sistema-de-13ff8-retamente-em-múltiplas-abas-chromium/test-failed-3.png
    ────────────────────────────────────────────────────────────────────────────────────────────────

    attachment #4: video (video/webm) ──────────────────────────────────────────────────────────────
    ../../test-results/navigation-flow-Sistema-de-13ff8-retamente-em-múltiplas-abas-chromium/video.webm
    ────────────────────────────────────────────────────────────────────────────────────────────────

    Error Context: ../../test-results/navigation-flow-Sistema-de-13ff8-retamente-em-múltiplas-abas-chromium/error-context.md
]]>
</failure>
<system-out>
<![CDATA[
[[ATTACHMENT|navigation-flow-Sistema-de-13ff8-retamente-em-múltiplas-abas-chromium/test-failed-1.png]]

[[ATTACHMENT|navigation-flow-Sistema-de-13ff8-retamente-em-múltiplas-abas-chromium/test-failed-2.png]]

[[ATTACHMENT|navigation-flow-Sistema-de-13ff8-retamente-em-múltiplas-abas-chromium/test-failed-3.png]]

[[ATTACHMENT|navigation-flow-Sistema-de-13ff8-retamente-em-múltiplas-abas-chromium/video.webm]]

[[ATTACHMENT|navigation-flow-Sistema-de-13ff8-retamente-em-múltiplas-abas-chromium/error-context.md]]
]]>
</system-out>
</testcase>
<testcase name="Sistema de Navegação - Testes Funcionais › deve lidar corretamente com parâmetros de URL" classname="navigation-flow.spec.ts" time="24.593">
<failure message="navigation-flow.spec.ts:167:7 deve lidar corretamente com parâmetros de URL" type="FAILURE">
<![CDATA[  [chromium] › navigation-flow.spec.ts:167:7 › Sistema de Navegação - Testes Funcionais › deve lidar corretamente com parâmetros de URL 

    Error: Timed out 10000ms waiting for expect(locator).toBeVisible()

    Locator: locator('[data-testid="investigation-map"], .investigation-map')
    Expected: visible
    Received: <element(s) not found>
    Call log:
      - Expect "toBeVisible" with timeout 10000ms
      - waiting for locator('[data-testid="investigation-map"], .investigation-map')


       at pages/InvestigationPage.ts:104

      102 |     // Aguardar elementos principais da investigação
      103 |     await expect(this.gameTitle).toBeVisible()
    > 104 |     await expect(this.investigationMap).toBeVisible()
          |                                         ^
      105 |   }
      106 |
      107 |   /**
        at InvestigationPage.waitForLoad (/Users/thamiresfernandesmendes/Desktop/NovoProjeto/criminal-minds-game/tests/functional/pages/InvestigationPage.ts:104:41)
        at InvestigationPage.goto (/Users/thamiresfernandesmendes/Desktop/NovoProjeto/criminal-minds-game/tests/functional/pages/InvestigationPage.ts:93:5)
        at /Users/thamiresfernandesmendes/Desktop/NovoProjeto/criminal-minds-game/tests/functional/navigation-flow.spec.ts:174:5

    attachment #1: screenshot (image/png) ──────────────────────────────────────────────────────────
    ../../test-results/navigation-flow-Sistema-de-1493d-mente-com-parâmetros-de-URL-chromium/test-failed-1.png
    ────────────────────────────────────────────────────────────────────────────────────────────────

    attachment #2: video (video/webm) ──────────────────────────────────────────────────────────────
    ../../test-results/navigation-flow-Sistema-de-1493d-mente-com-parâmetros-de-URL-chromium/video.webm
    ────────────────────────────────────────────────────────────────────────────────────────────────

    Error Context: ../../test-results/navigation-flow-Sistema-de-1493d-mente-com-parâmetros-de-URL-chromium/error-context.md
]]>
</failure>
<system-out>
<![CDATA[
[[ATTACHMENT|navigation-flow-Sistema-de-1493d-mente-com-parâmetros-de-URL-chromium/test-failed-1.png]]

[[ATTACHMENT|navigation-flow-Sistema-de-1493d-mente-com-parâmetros-de-URL-chromium/video.webm]]

[[ATTACHMENT|navigation-flow-Sistema-de-1493d-mente-com-parâmetros-de-URL-chromium/error-context.md]]
]]>
</system-out>
</testcase>
<testcase name="Sistema de Navegação - Testes Funcionais › deve lidar graciosamente com URLs inválidas" classname="navigation-flow.spec.ts" time="15.942">
</testcase>
<testcase name="Sistema de Navegação - Testes Funcionais › deve suportar diferentes métodos de navegação" classname="navigation-flow.spec.ts" time="20.941">
<failure message="navigation-flow.spec.ts:208:7 deve suportar diferentes métodos de navegação" type="FAILURE">
<![CDATA[  [chromium] › navigation-flow.spec.ts:208:7 › Sistema de Navegação - Testes Funcionais › deve suportar diferentes métodos de navegação 

    TimeoutError: locator.click: Timeout 10000ms exceeded.
    Call log:
      - waiting for locator('button:has-text("Lobby"), a[href="/lobby"]')


       at pages/HomePage.ts:79

      77 |    */
      78 |   async goToLobby() {
    > 79 |     await this.lobbyButton.click()
         |                            ^
      80 |     await this.page.waitForURL('**/lobby')
      81 |   }
      82 |
        at HomePage.goToLobby (/Users/thamiresfernandesmendes/Desktop/NovoProjeto/criminal-minds-game/tests/functional/pages/HomePage.ts:79:28)
        at /Users/thamiresfernandesmendes/Desktop/NovoProjeto/criminal-minds-game/tests/functional/navigation-flow.spec.ts:211:20

    attachment #1: screenshot (image/png) ──────────────────────────────────────────────────────────
    ../../test-results/navigation-flow-Sistema-de-4fb25-rentes-métodos-de-navegação-chromium/test-failed-1.png
    ────────────────────────────────────────────────────────────────────────────────────────────────

    attachment #2: video (video/webm) ──────────────────────────────────────────────────────────────
    ../../test-results/navigation-flow-Sistema-de-4fb25-rentes-métodos-de-navegação-chromium/video.webm
    ────────────────────────────────────────────────────────────────────────────────────────────────

    Error Context: ../../test-results/navigation-flow-Sistema-de-4fb25-rentes-métodos-de-navegação-chromium/error-context.md
]]>
</failure>
<system-out>
<![CDATA[
[[ATTACHMENT|navigation-flow-Sistema-de-4fb25-rentes-métodos-de-navegação-chromium/test-failed-1.png]]

[[ATTACHMENT|navigation-flow-Sistema-de-4fb25-rentes-métodos-de-navegação-chromium/video.webm]]

[[ATTACHMENT|navigation-flow-Sistema-de-4fb25-rentes-métodos-de-navegação-chromium/error-context.md]]
]]>
</system-out>
</testcase>
<testcase name="Sistema de Navegação - Testes Funcionais › deve navegar corretamente em dispositivos móveis" classname="navigation-flow.spec.ts" time="18.016">
<failure message="navigation-flow.spec.ts:235:7 deve navegar corretamente em dispositivos móveis" type="FAILURE">
<![CDATA[  [chromium] › navigation-flow.spec.ts:235:7 › Sistema de Navegação - Testes Funcionais › deve navegar corretamente em dispositivos móveis 

    Error: Timed out 10000ms waiting for expect(locator).toBeVisible()

    Locator: locator('nav, [data-testid="navigation"]')
    Expected: visible
    Received: <element(s) not found>
    Call log:
      - Expect "toBeVisible" with timeout 10000ms
      - waiting for locator('nav, [data-testid="navigation"]')


       at pages/HomePage.ts:119

      117 |     
      118 |     // Verificar navegação principal
    > 119 |     await expect(this.navigationMenu).toBeVisible()
          |                                       ^
      120 |     
      121 |     // Verificar botões principais (pelo menos um deve estar visível)
      122 |     const mainButtons = [
        at HomePage.verifyPageElements (/Users/thamiresfernandesmendes/Desktop/NovoProjeto/criminal-minds-game/tests/functional/pages/HomePage.ts:119:39)
        at /Users/thamiresfernandesmendes/Desktop/NovoProjeto/criminal-minds-game/tests/functional/navigation-flow.spec.ts:241:5

    attachment #1: screenshot (image/png) ──────────────────────────────────────────────────────────
    ../../test-results/navigation-flow-Sistema-de-63fa9-ente-em-dispositivos-móveis-chromium/test-failed-1.png
    ────────────────────────────────────────────────────────────────────────────────────────────────

    attachment #2: video (video/webm) ──────────────────────────────────────────────────────────────
    ../../test-results/navigation-flow-Sistema-de-63fa9-ente-em-dispositivos-móveis-chromium/video.webm
    ────────────────────────────────────────────────────────────────────────────────────────────────

    Error Context: ../../test-results/navigation-flow-Sistema-de-63fa9-ente-em-dispositivos-móveis-chromium/error-context.md
]]>
</failure>
<system-out>
<![CDATA[
[[ATTACHMENT|navigation-flow-Sistema-de-63fa9-ente-em-dispositivos-móveis-chromium/test-failed-1.png]]

[[ATTACHMENT|navigation-flow-Sistema-de-63fa9-ente-em-dispositivos-móveis-chromium/video.webm]]

[[ATTACHMENT|navigation-flow-Sistema-de-63fa9-ente-em-dispositivos-móveis-chromium/error-context.md]]
]]>
</system-out>
</testcase>
<testcase name="Sistema de Navegação - Testes Funcionais › deve navegar com performance adequada" classname="navigation-flow.spec.ts" time="15.82">
<failure message="navigation-flow.spec.ts:266:7 deve navegar com performance adequada" type="FAILURE">
<![CDATA[  [chromium] › navigation-flow.spec.ts:266:7 › Sistema de Navegação - Testes Funcionais › deve navegar com performance adequada 

    TimeoutError: locator.click: Timeout 10000ms exceeded.
    Call log:
      - waiting for locator('button:has-text("Lobby"), a[href="/lobby"]')


       at pages/HomePage.ts:79

      77 |    */
      78 |   async goToLobby() {
    > 79 |     await this.lobbyButton.click()
         |                            ^
      80 |     await this.page.waitForURL('**/lobby')
      81 |   }
      82 |
        at HomePage.goToLobby (/Users/thamiresfernandesmendes/Desktop/NovoProjeto/criminal-minds-game/tests/functional/pages/HomePage.ts:79:28)
        at /Users/thamiresfernandesmendes/Desktop/NovoProjeto/criminal-minds-game/tests/functional/navigation-flow.spec.ts:271:20

    attachment #1: screenshot (image/png) ──────────────────────────────────────────────────────────
    ../../test-results/navigation-flow-Sistema-de-041c8-ar-com-performance-adequada-chromium/test-failed-1.png
    ────────────────────────────────────────────────────────────────────────────────────────────────

    attachment #2: video (video/webm) ──────────────────────────────────────────────────────────────
    ../../test-results/navigation-flow-Sistema-de-041c8-ar-com-performance-adequada-chromium/video.webm
    ────────────────────────────────────────────────────────────────────────────────────────────────

    Error Context: ../../test-results/navigation-flow-Sistema-de-041c8-ar-com-performance-adequada-chromium/error-context.md
]]>
</failure>
<system-out>
<![CDATA[
[[ATTACHMENT|navigation-flow-Sistema-de-041c8-ar-com-performance-adequada-chromium/test-failed-1.png]]

[[ATTACHMENT|navigation-flow-Sistema-de-041c8-ar-com-performance-adequada-chromium/video.webm]]

[[ATTACHMENT|navigation-flow-Sistema-de-041c8-ar-com-performance-adequada-chromium/error-context.md]]
]]>
</system-out>
</testcase>
<testcase name="Sistema de Navegação - Testes Funcionais › deve manter estado apropriado durante navegação" classname="navigation-flow.spec.ts" time="15.07">
<failure message="navigation-flow.spec.ts:295:7 deve manter estado apropriado durante navegação" type="FAILURE">
<![CDATA[  [chromium] › navigation-flow.spec.ts:295:7 › Sistema de Navegação - Testes Funcionais › deve manter estado apropriado durante navegação 

    TimeoutError: locator.click: Timeout 10000ms exceeded.
    Call log:
      - waiting for locator('button:has-text("Lobby"), a[href="/lobby"]')


       at pages/HomePage.ts:79

      77 |    */
      78 |   async goToLobby() {
    > 79 |     await this.lobbyButton.click()
         |                            ^
      80 |     await this.page.waitForURL('**/lobby')
      81 |   }
      82 |
        at HomePage.goToLobby (/Users/thamiresfernandesmendes/Desktop/NovoProjeto/criminal-minds-game/tests/functional/pages/HomePage.ts:79:28)
        at /Users/thamiresfernandesmendes/Desktop/NovoProjeto/criminal-minds-game/tests/functional/navigation-flow.spec.ts:308:20

    attachment #1: screenshot (image/png) ──────────────────────────────────────────────────────────
    ../../test-results/navigation-flow-Sistema-de-6e9bc-propriado-durante-navegação-chromium/test-failed-1.png
    ────────────────────────────────────────────────────────────────────────────────────────────────

    attachment #2: video (video/webm) ──────────────────────────────────────────────────────────────
    ../../test-results/navigation-flow-Sistema-de-6e9bc-propriado-durante-navegação-chromium/video.webm
    ────────────────────────────────────────────────────────────────────────────────────────────────

    Error Context: ../../test-results/navigation-flow-Sistema-de-6e9bc-propriado-durante-navegação-chromium/error-context.md
]]>
</failure>
<system-out>
<![CDATA[
[[ATTACHMENT|navigation-flow-Sistema-de-6e9bc-propriado-durante-navegação-chromium/test-failed-1.png]]

[[ATTACHMENT|navigation-flow-Sistema-de-6e9bc-propriado-durante-navegação-chromium/video.webm]]

[[ATTACHMENT|navigation-flow-Sistema-de-6e9bc-propriado-durante-navegação-chromium/error-context.md]]
]]>
</system-out>
</testcase>
</testsuite>
<testsuite name="accusation-flow.spec.ts" timestamp="2025-07-26T13:50:52.835Z" hostname="firefox" tests="9" failures="9" skipped="0" time="532.923" errors="0">
<testcase name="Sistema de Acusação - Testes Funcionais Completos › deve permitir acusação correta e exibir vitória" classname="accusation-flow.spec.ts" time="19.407">
<failure message="accusation-flow.spec.ts:39:7 deve permitir acusação correta e exibir vitória" type="FAILURE">
<![CDATA[  [firefox] › accusation-flow.spec.ts:39:7 › Sistema de Acusação - Testes Funcionais Completos › deve permitir acusação correta e exibir vitória 

    Error: Timed out 10000ms waiting for expect(locator).toBeVisible()

    Locator: locator('[data-testid="investigation-map"], .investigation-map')
    Expected: visible
    Received: <element(s) not found>
    Call log:
      - Expect "toBeVisible" with timeout 10000ms
      - waiting for locator('[data-testid="investigation-map"], .investigation-map')


       at pages/InvestigationPage.ts:104

      102 |     // Aguardar elementos principais da investigação
      103 |     await expect(this.gameTitle).toBeVisible()
    > 104 |     await expect(this.investigationMap).toBeVisible()
          |                                         ^
      105 |   }
      106 |
      107 |   /**
        at InvestigationPage.waitForLoad (/Users/thamiresfernandesmendes/Desktop/NovoProjeto/criminal-minds-game/tests/functional/pages/InvestigationPage.ts:104:41)
        at InvestigationPage.goto (/Users/thamiresfernandesmendes/Desktop/NovoProjeto/criminal-minds-game/tests/functional/pages/InvestigationPage.ts:93:5)
        at /Users/thamiresfernandesmendes/Desktop/NovoProjeto/criminal-minds-game/tests/functional/accusation-flow.spec.ts:28:5

    attachment #1: screenshot (image/png) ──────────────────────────────────────────────────────────
    ../../test-results/accusation-flow-Sistema-de-2da99-ão-correta-e-exibir-vitória-firefox/test-failed-1.png
    ────────────────────────────────────────────────────────────────────────────────────────────────

    attachment #2: video (video/webm) ──────────────────────────────────────────────────────────────
    ../../test-results/accusation-flow-Sistema-de-2da99-ão-correta-e-exibir-vitória-firefox/video.webm
    ────────────────────────────────────────────────────────────────────────────────────────────────

    Error Context: ../../test-results/accusation-flow-Sistema-de-2da99-ão-correta-e-exibir-vitória-firefox/error-context.md
]]>
</failure>
<system-out>
<![CDATA[
[[ATTACHMENT|accusation-flow-Sistema-de-2da99-ão-correta-e-exibir-vitória-firefox/test-failed-1.png]]

[[ATTACHMENT|accusation-flow-Sistema-de-2da99-ão-correta-e-exibir-vitória-firefox/video.webm]]

[[ATTACHMENT|accusation-flow-Sistema-de-2da99-ão-correta-e-exibir-vitória-firefox/error-context.md]]
]]>
</system-out>
</testcase>
<testcase name="Sistema de Acusação - Testes Funcionais Completos › deve processar acusação incorreta e exibir derrota" classname="accusation-flow.spec.ts" time="18.565">
<failure message="accusation-flow.spec.ts:75:7 deve processar acusação incorreta e exibir derrota" type="FAILURE">
<![CDATA[  [firefox] › accusation-flow.spec.ts:75:7 › Sistema de Acusação - Testes Funcionais Completos › deve processar acusação incorreta e exibir derrota 

    Error: Timed out 10000ms waiting for expect(locator).toBeVisible()

    Locator: locator('[data-testid="investigation-map"], .investigation-map')
    Expected: visible
    Received: <element(s) not found>
    Call log:
      - Expect "toBeVisible" with timeout 10000ms
      - waiting for locator('[data-testid="investigation-map"], .investigation-map')


       at pages/InvestigationPage.ts:104

      102 |     // Aguardar elementos principais da investigação
      103 |     await expect(this.gameTitle).toBeVisible()
    > 104 |     await expect(this.investigationMap).toBeVisible()
          |                                         ^
      105 |   }
      106 |
      107 |   /**
        at InvestigationPage.waitForLoad (/Users/thamiresfernandesmendes/Desktop/NovoProjeto/criminal-minds-game/tests/functional/pages/InvestigationPage.ts:104:41)
        at InvestigationPage.goto (/Users/thamiresfernandesmendes/Desktop/NovoProjeto/criminal-minds-game/tests/functional/pages/InvestigationPage.ts:93:5)
        at /Users/thamiresfernandesmendes/Desktop/NovoProjeto/criminal-minds-game/tests/functional/accusation-flow.spec.ts:28:5

    attachment #1: screenshot (image/png) ──────────────────────────────────────────────────────────
    ../../test-results/accusation-flow-Sistema-de-a9794--incorreta-e-exibir-derrota-firefox/test-failed-1.png
    ────────────────────────────────────────────────────────────────────────────────────────────────

    attachment #2: video (video/webm) ──────────────────────────────────────────────────────────────
    ../../test-results/accusation-flow-Sistema-de-a9794--incorreta-e-exibir-derrota-firefox/video.webm
    ────────────────────────────────────────────────────────────────────────────────────────────────

    Error Context: ../../test-results/accusation-flow-Sistema-de-a9794--incorreta-e-exibir-derrota-firefox/error-context.md
]]>
</failure>
<system-out>
<![CDATA[
[[ATTACHMENT|accusation-flow-Sistema-de-a9794--incorreta-e-exibir-derrota-firefox/test-failed-1.png]]

[[ATTACHMENT|accusation-flow-Sistema-de-a9794--incorreta-e-exibir-derrota-firefox/video.webm]]

[[ATTACHMENT|accusation-flow-Sistema-de-a9794--incorreta-e-exibir-derrota-firefox/error-context.md]]
]]>
</system-out>
</testcase>
<testcase name="Sistema de Acusação - Testes Funcionais Completos › deve validar dados obrigatórios no formulário de acusação" classname="accusation-flow.spec.ts" time="61.523">
<failure message="accusation-flow.spec.ts:108:7 deve validar dados obrigatórios no formulário de acusação" type="FAILURE">
<![CDATA[  [firefox] › accusation-flow.spec.ts:108:7 › Sistema de Acusação - Testes Funcionais Completos › deve validar dados obrigatórios no formulário de acusação 

    Error: Timed out 10000ms waiting for expect(locator).toBeVisible()

    Locator: locator('[data-testid="investigation-map"], .investigation-map')
    Expected: visible
    Received: <element(s) not found>
    Call log:
      - Expect "toBeVisible" with timeout 10000ms
      - waiting for locator('[data-testid="investigation-map"], .investigation-map')


       at pages/InvestigationPage.ts:104

      102 |     // Aguardar elementos principais da investigação
      103 |     await expect(this.gameTitle).toBeVisible()
    > 104 |     await expect(this.investigationMap).toBeVisible()
          |                                         ^
      105 |   }
      106 |
      107 |   /**
        at InvestigationPage.waitForLoad (/Users/thamiresfernandesmendes/Desktop/NovoProjeto/criminal-minds-game/tests/functional/pages/InvestigationPage.ts:104:41)
        at InvestigationPage.goto (/Users/thamiresfernandesmendes/Desktop/NovoProjeto/criminal-minds-game/tests/functional/pages/InvestigationPage.ts:93:5)
        at /Users/thamiresfernandesmendes/Desktop/NovoProjeto/criminal-minds-game/tests/functional/accusation-flow.spec.ts:28:5

    attachment #1: screenshot (image/png) ──────────────────────────────────────────────────────────
    ../../test-results/accusation-flow-Sistema-de-8cdbe-s-no-formulário-de-acusação-firefox/test-failed-1.png
    ────────────────────────────────────────────────────────────────────────────────────────────────

    attachment #2: video (video/webm) ──────────────────────────────────────────────────────────────
    ../../test-results/accusation-flow-Sistema-de-8cdbe-s-no-formulário-de-acusação-firefox/video.webm
    ────────────────────────────────────────────────────────────────────────────────────────────────

    Error Context: ../../test-results/accusation-flow-Sistema-de-8cdbe-s-no-formulário-de-acusação-firefox/error-context.md
]]>
</failure>
<system-out>
<![CDATA[
[[ATTACHMENT|accusation-flow-Sistema-de-8cdbe-s-no-formulário-de-acusação-firefox/test-failed-1.png]]

[[ATTACHMENT|accusation-flow-Sistema-de-8cdbe-s-no-formulário-de-acusação-firefox/video.webm]]

[[ATTACHMENT|accusation-flow-Sistema-de-8cdbe-s-no-formulário-de-acusação-firefox/error-context.md]]
]]>
</system-out>
</testcase>
<testcase name="Sistema de Acusação - Testes Funcionais Completos › deve atualizar contador de caracteres em tempo real" classname="accusation-flow.spec.ts" time="60.492">
<failure message="accusation-flow.spec.ts:137:7 deve atualizar contador de caracteres em tempo real" type="FAILURE">
<![CDATA[  [firefox] › accusation-flow.spec.ts:137:7 › Sistema de Acusação - Testes Funcionais Completos › deve atualizar contador de caracteres em tempo real 

    Error: Timed out 10000ms waiting for expect(locator).toBeVisible()

    Locator: locator('[data-testid="investigation-map"], .investigation-map')
    Expected: visible
    Received: <element(s) not found>
    Call log:
      - Expect "toBeVisible" with timeout 10000ms
      - waiting for locator('[data-testid="investigation-map"], .investigation-map')


       at pages/InvestigationPage.ts:104

      102 |     // Aguardar elementos principais da investigação
      103 |     await expect(this.gameTitle).toBeVisible()
    > 104 |     await expect(this.investigationMap).toBeVisible()
          |                                         ^
      105 |   }
      106 |
      107 |   /**
        at InvestigationPage.waitForLoad (/Users/thamiresfernandesmendes/Desktop/NovoProjeto/criminal-minds-game/tests/functional/pages/InvestigationPage.ts:104:41)
        at InvestigationPage.goto (/Users/thamiresfernandesmendes/Desktop/NovoProjeto/criminal-minds-game/tests/functional/pages/InvestigationPage.ts:93:5)
        at /Users/thamiresfernandesmendes/Desktop/NovoProjeto/criminal-minds-game/tests/functional/accusation-flow.spec.ts:28:5

    attachment #1: screenshot (image/png) ──────────────────────────────────────────────────────────
    ../../test-results/accusation-flow-Sistema-de-ed2dc-de-caracteres-em-tempo-real-firefox/test-failed-1.png
    ────────────────────────────────────────────────────────────────────────────────────────────────

    attachment #2: video (video/webm) ──────────────────────────────────────────────────────────────
    ../../test-results/accusation-flow-Sistema-de-ed2dc-de-caracteres-em-tempo-real-firefox/video.webm
    ────────────────────────────────────────────────────────────────────────────────────────────────

    Error Context: ../../test-results/accusation-flow-Sistema-de-ed2dc-de-caracteres-em-tempo-real-firefox/error-context.md
]]>
</failure>
<system-out>
<![CDATA[
[[ATTACHMENT|accusation-flow-Sistema-de-ed2dc-de-caracteres-em-tempo-real-firefox/test-failed-1.png]]

[[ATTACHMENT|accusation-flow-Sistema-de-ed2dc-de-caracteres-em-tempo-real-firefox/video.webm]]

[[ATTACHMENT|accusation-flow-Sistema-de-ed2dc-de-caracteres-em-tempo-real-firefox/error-context.md]]
]]>
</system-out>
</testcase>
<testcase name="Sistema de Acusação - Testes Funcionais Completos › deve permitir cancelar acusação sem efeitos colaterais" classname="accusation-flow.spec.ts" time="49.609">
<failure message="accusation-flow.spec.ts:165:7 deve permitir cancelar acusação sem efeitos colaterais" type="FAILURE">
<![CDATA[  [firefox] › accusation-flow.spec.ts:165:7 › Sistema de Acusação - Testes Funcionais Completos › deve permitir cancelar acusação sem efeitos colaterais 

    Error: Timed out 10000ms waiting for expect(locator).toBeVisible()

    Locator: locator('[data-testid="investigation-map"], .investigation-map')
    Expected: visible
    Received: <element(s) not found>
    Call log:
      - Expect "toBeVisible" with timeout 10000ms
      - waiting for locator('[data-testid="investigation-map"], .investigation-map')


       at pages/InvestigationPage.ts:104

      102 |     // Aguardar elementos principais da investigação
      103 |     await expect(this.gameTitle).toBeVisible()
    > 104 |     await expect(this.investigationMap).toBeVisible()
          |                                         ^
      105 |   }
      106 |
      107 |   /**
        at InvestigationPage.waitForLoad (/Users/thamiresfernandesmendes/Desktop/NovoProjeto/criminal-minds-game/tests/functional/pages/InvestigationPage.ts:104:41)
        at InvestigationPage.goto (/Users/thamiresfernandesmendes/Desktop/NovoProjeto/criminal-minds-game/tests/functional/pages/InvestigationPage.ts:93:5)
        at /Users/thamiresfernandesmendes/Desktop/NovoProjeto/criminal-minds-game/tests/functional/accusation-flow.spec.ts:28:5

    attachment #1: screenshot (image/png) ──────────────────────────────────────────────────────────
    ../../test-results/accusation-flow-Sistema-de-0ab86-ação-sem-efeitos-colaterais-firefox/test-failed-1.png
    ────────────────────────────────────────────────────────────────────────────────────────────────

    attachment #2: video (video/webm) ──────────────────────────────────────────────────────────────
    ../../test-results/accusation-flow-Sistema-de-0ab86-ação-sem-efeitos-colaterais-firefox/video.webm
    ────────────────────────────────────────────────────────────────────────────────────────────────

    Error Context: ../../test-results/accusation-flow-Sistema-de-0ab86-ação-sem-efeitos-colaterais-firefox/error-context.md
]]>
</failure>
<system-out>
<![CDATA[
[[ATTACHMENT|accusation-flow-Sistema-de-0ab86-ação-sem-efeitos-colaterais-firefox/test-failed-1.png]]

[[ATTACHMENT|accusation-flow-Sistema-de-0ab86-ação-sem-efeitos-colaterais-firefox/video.webm]]

[[ATTACHMENT|accusation-flow-Sistema-de-0ab86-ação-sem-efeitos-colaterais-firefox/error-context.md]]
]]>
</system-out>
</testcase>
<testcase name="Sistema de Acusação - Testes Funcionais Completos › deve executar fluxo end-to-end completo com sucesso" classname="accusation-flow.spec.ts" time="79.67">
<failure message="accusation-flow.spec.ts:194:7 deve executar fluxo end-to-end completo com sucesso" type="FAILURE">
<![CDATA[  [firefox] › accusation-flow.spec.ts:194:7 › Sistema de Acusação - Testes Funcionais Completos › deve executar fluxo end-to-end completo com sucesso 

    Error: Timed out 10000ms waiting for expect(locator).toBeVisible()

    Locator: locator('[data-testid="investigation-map"], .investigation-map')
    Expected: visible
    Received: <element(s) not found>
    Call log:
      - Expect "toBeVisible" with timeout 10000ms
      - waiting for locator('[data-testid="investigation-map"], .investigation-map')


       at pages/InvestigationPage.ts:104

      102 |     // Aguardar elementos principais da investigação
      103 |     await expect(this.gameTitle).toBeVisible()
    > 104 |     await expect(this.investigationMap).toBeVisible()
          |                                         ^
      105 |   }
      106 |
      107 |   /**
        at InvestigationPage.waitForLoad (/Users/thamiresfernandesmendes/Desktop/NovoProjeto/criminal-minds-game/tests/functional/pages/InvestigationPage.ts:104:41)
        at InvestigationPage.goto (/Users/thamiresfernandesmendes/Desktop/NovoProjeto/criminal-minds-game/tests/functional/pages/InvestigationPage.ts:93:5)
        at /Users/thamiresfernandesmendes/Desktop/NovoProjeto/criminal-minds-game/tests/functional/accusation-flow.spec.ts:28:5

    attachment #1: screenshot (image/png) ──────────────────────────────────────────────────────────
    ../../test-results/accusation-flow-Sistema-de-3154e-to-end-completo-com-sucesso-firefox/test-failed-1.png
    ────────────────────────────────────────────────────────────────────────────────────────────────

    attachment #2: video (video/webm) ──────────────────────────────────────────────────────────────
    ../../test-results/accusation-flow-Sistema-de-3154e-to-end-completo-com-sucesso-firefox/video.webm
    ────────────────────────────────────────────────────────────────────────────────────────────────
]]>
</failure>
<system-out>
<![CDATA[
[[ATTACHMENT|accusation-flow-Sistema-de-3154e-to-end-completo-com-sucesso-firefox/test-failed-1.png]]

[[ATTACHMENT|accusation-flow-Sistema-de-3154e-to-end-completo-com-sucesso-firefox/video.webm]]
]]>
</system-out>
</testcase>
<testcase name="Sistema de Acusação - Testes Funcionais Completos › deve funcionar corretamente em diferentes resoluções" classname="accusation-flow.spec.ts" time="81.387">
<failure message="accusation-flow.spec.ts:243:7 deve funcionar corretamente em diferentes resoluções" type="FAILURE">
<![CDATA[  [firefox] › accusation-flow.spec.ts:243:7 › Sistema de Acusação - Testes Funcionais Completos › deve funcionar corretamente em diferentes resoluções 

    Test timeout of 60000ms exceeded while running "beforeEach" hook.

      20 |   let investigationPage: InvestigationPage
      21 |
    > 22 |   test.beforeEach(async ({ page }) => {
         |        ^
      23 |     // Inicializar Page Objects
      24 |     homePage = new HomePage(page)
      25 |     investigationPage = new InvestigationPage(page)
        at /Users/thamiresfernandesmendes/Desktop/NovoProjeto/criminal-minds-game/tests/functional/accusation-flow.spec.ts:22:8

    TimeoutError: page.goto: Timeout 30000ms exceeded.
    Call log:
      - navigating to "http://localhost:3000/game/functional-test-game/investigation", waiting until "load"


       at pages/InvestigationPage.ts:92

      90 |    */
      91 |   async goto(gameId: string = 'test-game') {
    > 92 |     await this.page.goto(`/game/${gameId}/investigation`)
         |                     ^
      93 |     await this.waitForLoad()
      94 |   }
      95 |
        at InvestigationPage.goto (/Users/thamiresfernandesmendes/Desktop/NovoProjeto/criminal-minds-game/tests/functional/pages/InvestigationPage.ts:92:21)
        at /Users/thamiresfernandesmendes/Desktop/NovoProjeto/criminal-minds-game/tests/functional/accusation-flow.spec.ts:28:29

    attachment #1: screenshot (image/png) ──────────────────────────────────────────────────────────
    ../../test-results/accusation-flow-Sistema-de-923f7-te-em-diferentes-resoluções-firefox/test-failed-1.png
    ────────────────────────────────────────────────────────────────────────────────────────────────

    attachment #2: video (video/webm) ──────────────────────────────────────────────────────────────
    ../../test-results/accusation-flow-Sistema-de-923f7-te-em-diferentes-resoluções-firefox/video.webm
    ────────────────────────────────────────────────────────────────────────────────────────────────
]]>
</failure>
<system-out>
<![CDATA[
[[ATTACHMENT|accusation-flow-Sistema-de-923f7-te-em-diferentes-resoluções-firefox/test-failed-1.png]]

[[ATTACHMENT|accusation-flow-Sistema-de-923f7-te-em-diferentes-resoluções-firefox/video.webm]]
]]>
</system-out>
</testcase>
<testcase name="Sistema de Acusação - Testes Funcionais Completos › deve atender requisitos básicos de acessibilidade" classname="accusation-flow.spec.ts" time="82.409">
<failure message="accusation-flow.spec.ts:274:7 deve atender requisitos básicos de acessibilidade" type="FAILURE">
<![CDATA[  [firefox] › accusation-flow.spec.ts:274:7 › Sistema de Acusação - Testes Funcionais Completos › deve atender requisitos básicos de acessibilidade 

    Test timeout of 60000ms exceeded while running "beforeEach" hook.

      20 |   let investigationPage: InvestigationPage
      21 |
    > 22 |   test.beforeEach(async ({ page }) => {
         |        ^
      23 |     // Inicializar Page Objects
      24 |     homePage = new HomePage(page)
      25 |     investigationPage = new InvestigationPage(page)
        at /Users/thamiresfernandesmendes/Desktop/NovoProjeto/criminal-minds-game/tests/functional/accusation-flow.spec.ts:22:8

    TimeoutError: page.goto: Timeout 30000ms exceeded.
    Call log:
      - navigating to "http://localhost:3000/game/functional-test-game/investigation", waiting until "load"


       at pages/InvestigationPage.ts:92

      90 |    */
      91 |   async goto(gameId: string = 'test-game') {
    > 92 |     await this.page.goto(`/game/${gameId}/investigation`)
         |                     ^
      93 |     await this.waitForLoad()
      94 |   }
      95 |
        at InvestigationPage.goto (/Users/thamiresfernandesmendes/Desktop/NovoProjeto/criminal-minds-game/tests/functional/pages/InvestigationPage.ts:92:21)
        at /Users/thamiresfernandesmendes/Desktop/NovoProjeto/criminal-minds-game/tests/functional/accusation-flow.spec.ts:28:29

    attachment #1: screenshot (image/png) ──────────────────────────────────────────────────────────
    ../../test-results/accusation-flow-Sistema-de-b8387-s-básicos-de-acessibilidade-firefox/test-failed-1.png
    ────────────────────────────────────────────────────────────────────────────────────────────────

    attachment #2: video (video/webm) ──────────────────────────────────────────────────────────────
    ../../test-results/accusation-flow-Sistema-de-b8387-s-básicos-de-acessibilidade-firefox/video.webm
    ────────────────────────────────────────────────────────────────────────────────────────────────
]]>
</failure>
<system-out>
<![CDATA[
[[ATTACHMENT|accusation-flow-Sistema-de-b8387-s-básicos-de-acessibilidade-firefox/test-failed-1.png]]

[[ATTACHMENT|accusation-flow-Sistema-de-b8387-s-básicos-de-acessibilidade-firefox/video.webm]]
]]>
</system-out>
</testcase>
<testcase name="Sistema de Acusação - Testes Funcionais Completos › deve se recuperar graciosamente de erros de rede" classname="accusation-flow.spec.ts" time="79.861">
<failure message="accusation-flow.spec.ts:302:7 deve se recuperar graciosamente de erros de rede" type="FAILURE">
<![CDATA[  [firefox] › accusation-flow.spec.ts:302:7 › Sistema de Acusação - Testes Funcionais Completos › deve se recuperar graciosamente de erros de rede 

    Test timeout of 60000ms exceeded while running "beforeEach" hook.

      20 |   let investigationPage: InvestigationPage
      21 |
    > 22 |   test.beforeEach(async ({ page }) => {
         |        ^
      23 |     // Inicializar Page Objects
      24 |     homePage = new HomePage(page)
      25 |     investigationPage = new InvestigationPage(page)
        at /Users/thamiresfernandesmendes/Desktop/NovoProjeto/criminal-minds-game/tests/functional/accusation-flow.spec.ts:22:8

    TimeoutError: page.goto: Timeout 30000ms exceeded.
    Call log:
      - navigating to "http://localhost:3000/game/functional-test-game/investigation", waiting until "load"


       at pages/InvestigationPage.ts:92

      90 |    */
      91 |   async goto(gameId: string = 'test-game') {
    > 92 |     await this.page.goto(`/game/${gameId}/investigation`)
         |                     ^
      93 |     await this.waitForLoad()
      94 |   }
      95 |
        at InvestigationPage.goto (/Users/thamiresfernandesmendes/Desktop/NovoProjeto/criminal-minds-game/tests/functional/pages/InvestigationPage.ts:92:21)
        at /Users/thamiresfernandesmendes/Desktop/NovoProjeto/criminal-minds-game/tests/functional/accusation-flow.spec.ts:28:29

    attachment #1: screenshot (image/png) ──────────────────────────────────────────────────────────
    ../../test-results/accusation-flow-Sistema-de-b9fb3-ciosamente-de-erros-de-rede-firefox/test-failed-1.png
    ────────────────────────────────────────────────────────────────────────────────────────────────

    attachment #2: video (video/webm) ──────────────────────────────────────────────────────────────
    ../../test-results/accusation-flow-Sistema-de-b9fb3-ciosamente-de-erros-de-rede-firefox/video.webm
    ────────────────────────────────────────────────────────────────────────────────────────────────

    Error Context: ../../test-results/accusation-flow-Sistema-de-b9fb3-ciosamente-de-erros-de-rede-firefox/error-context.md
]]>
</failure>
<system-out>
<![CDATA[
[[ATTACHMENT|accusation-flow-Sistema-de-b9fb3-ciosamente-de-erros-de-rede-firefox/test-failed-1.png]]

[[ATTACHMENT|accusation-flow-Sistema-de-b9fb3-ciosamente-de-erros-de-rede-firefox/video.webm]]

[[ATTACHMENT|accusation-flow-Sistema-de-b9fb3-ciosamente-de-erros-de-rede-firefox/error-context.md]]
]]>
</system-out>
</testcase>
</testsuite>
<testsuite name="navigation-flow.spec.ts" timestamp="2025-07-26T13:50:52.835Z" hostname="firefox" tests="11" failures="10" skipped="0" time="450.414" errors="0">
<testcase name="Sistema de Navegação - Testes Funcionais › deve navegar corretamente desde página inicial" classname="navigation-flow.spec.ts" time="23.778">
<failure message="navigation-flow.spec.ts:25:7 deve navegar corretamente desde página inicial" type="FAILURE">
<![CDATA[  [firefox] › navigation-flow.spec.ts:25:7 › Sistema de Navegação - Testes Funcionais › deve navegar corretamente desde página inicial 

    Error: Timed out 10000ms waiting for expect(locator).toBeVisible()

    Locator: locator('nav, [data-testid="navigation"]')
    Expected: visible
    Received: <element(s) not found>
    Call log:
      - Expect "toBeVisible" with timeout 10000ms
      - waiting for locator('nav, [data-testid="navigation"]')


       at pages/HomePage.ts:119

      117 |     
      118 |     // Verificar navegação principal
    > 119 |     await expect(this.navigationMenu).toBeVisible()
          |                                       ^
      120 |     
      121 |     // Verificar botões principais (pelo menos um deve estar visível)
      122 |     const mainButtons = [
        at HomePage.verifyPageElements (/Users/thamiresfernandesmendes/Desktop/NovoProjeto/criminal-minds-game/tests/functional/pages/HomePage.ts:119:39)
        at /Users/thamiresfernandesmendes/Desktop/NovoProjeto/criminal-minds-game/tests/functional/navigation-flow.spec.ts:28:5

    attachment #1: screenshot (image/png) ──────────────────────────────────────────────────────────
    ../../test-results/navigation-flow-Sistema-de-1e7a5-amente-desde-página-inicial-firefox/test-failed-1.png
    ────────────────────────────────────────────────────────────────────────────────────────────────

    attachment #2: video (video/webm) ──────────────────────────────────────────────────────────────
    ../../test-results/navigation-flow-Sistema-de-1e7a5-amente-desde-página-inicial-firefox/video.webm
    ────────────────────────────────────────────────────────────────────────────────────────────────

    Error Context: ../../test-results/navigation-flow-Sistema-de-1e7a5-amente-desde-página-inicial-firefox/error-context.md
]]>
</failure>
<system-out>
<![CDATA[
[[ATTACHMENT|navigation-flow-Sistema-de-1e7a5-amente-desde-página-inicial-firefox/test-failed-1.png]]

[[ATTACHMENT|navigation-flow-Sistema-de-1e7a5-amente-desde-página-inicial-firefox/video.webm]]

[[ATTACHMENT|navigation-flow-Sistema-de-1e7a5-amente-desde-página-inicial-firefox/error-context.md]]
]]>
</system-out>
</testcase>
<testcase name="Sistema de Navegação - Testes Funcionais › deve acessar configurações e retornar" classname="navigation-flow.spec.ts" time="34.87">
<failure message="navigation-flow.spec.ts:48:7 deve acessar configurações e retornar" type="FAILURE">
<![CDATA[  [firefox] › navigation-flow.spec.ts:48:7 › Sistema de Navegação - Testes Funcionais › deve acessar configurações e retornar 

    TimeoutError: locator.click: Timeout 10000ms exceeded.
    Call log:
      - waiting for locator('button:has-text("Configurações"), a[href="/settings"]')


       at pages/HomePage.ts:87

      85 |    */
      86 |   async goToSettings() {
    > 87 |     await this.settingsButton.click()
         |                               ^
      88 |     await this.page.waitForURL('**/settings')
      89 |   }
      90 |
        at HomePage.goToSettings (/Users/thamiresfernandesmendes/Desktop/NovoProjeto/criminal-minds-game/tests/functional/pages/HomePage.ts:87:31)
        at /Users/thamiresfernandesmendes/Desktop/NovoProjeto/criminal-minds-game/tests/functional/navigation-flow.spec.ts:53:20

    attachment #1: screenshot (image/png) ──────────────────────────────────────────────────────────
    ../../test-results/navigation-flow-Sistema-de-9de14-ar-configurações-e-retornar-firefox/test-failed-1.png
    ────────────────────────────────────────────────────────────────────────────────────────────────

    attachment #2: video (video/webm) ──────────────────────────────────────────────────────────────
    ../../test-results/navigation-flow-Sistema-de-9de14-ar-configurações-e-retornar-firefox/video.webm
    ────────────────────────────────────────────────────────────────────────────────────────────────

    Error Context: ../../test-results/navigation-flow-Sistema-de-9de14-ar-configurações-e-retornar-firefox/error-context.md
]]>
</failure>
<system-out>
<![CDATA[
[[ATTACHMENT|navigation-flow-Sistema-de-9de14-ar-configurações-e-retornar-firefox/test-failed-1.png]]

[[ATTACHMENT|navigation-flow-Sistema-de-9de14-ar-configurações-e-retornar-firefox/video.webm]]

[[ATTACHMENT|navigation-flow-Sistema-de-9de14-ar-configurações-e-retornar-firefox/error-context.md]]
]]>
</system-out>
</testcase>
<testcase name="Sistema de Navegação - Testes Funcionais › deve permitir acesso direto à investigação" classname="navigation-flow.spec.ts" time="39.821">
<failure message="navigation-flow.spec.ts:71:7 deve permitir acesso direto à investigação" type="FAILURE">
<![CDATA[  [firefox] › navigation-flow.spec.ts:71:7 › Sistema de Navegação - Testes Funcionais › deve permitir acesso direto à investigação 

    Error: Timed out 10000ms waiting for expect(locator).toBeVisible()

    Locator: locator('[data-testid="investigation-map"], .investigation-map')
    Expected: visible
    Received: <element(s) not found>
    Call log:
      - Expect "toBeVisible" with timeout 10000ms
      - waiting for locator('[data-testid="investigation-map"], .investigation-map')


       at pages/InvestigationPage.ts:104

      102 |     // Aguardar elementos principais da investigação
      103 |     await expect(this.gameTitle).toBeVisible()
    > 104 |     await expect(this.investigationMap).toBeVisible()
          |                                         ^
      105 |   }
      106 |
      107 |   /**
        at InvestigationPage.waitForLoad (/Users/thamiresfernandesmendes/Desktop/NovoProjeto/criminal-minds-game/tests/functional/pages/InvestigationPage.ts:104:41)
        at InvestigationPage.goto (/Users/thamiresfernandesmendes/Desktop/NovoProjeto/criminal-minds-game/tests/functional/pages/InvestigationPage.ts:93:5)
        at /Users/thamiresfernandesmendes/Desktop/NovoProjeto/criminal-minds-game/tests/functional/navigation-flow.spec.ts:73:5

    attachment #1: screenshot (image/png) ──────────────────────────────────────────────────────────
    ../../test-results/navigation-flow-Sistema-de-a2955-cesso-direto-à-investigação-firefox/test-failed-1.png
    ────────────────────────────────────────────────────────────────────────────────────────────────

    attachment #2: video (video/webm) ──────────────────────────────────────────────────────────────
    ../../test-results/navigation-flow-Sistema-de-a2955-cesso-direto-à-investigação-firefox/video.webm
    ────────────────────────────────────────────────────────────────────────────────────────────────

    Error Context: ../../test-results/navigation-flow-Sistema-de-a2955-cesso-direto-à-investigação-firefox/error-context.md
]]>
</failure>
<system-out>
<![CDATA[
[[ATTACHMENT|navigation-flow-Sistema-de-a2955-cesso-direto-à-investigação-firefox/test-failed-1.png]]

[[ATTACHMENT|navigation-flow-Sistema-de-a2955-cesso-direto-à-investigação-firefox/video.webm]]

[[ATTACHMENT|navigation-flow-Sistema-de-a2955-cesso-direto-à-investigação-firefox/error-context.md]]
]]>
</system-out>
</testcase>
<testcase name="Sistema de Navegação - Testes Funcionais › deve executar fluxo completo: home → lobby → jogo → resultado" classname="navigation-flow.spec.ts" time="35.096">
<failure message="navigation-flow.spec.ts:95:7 deve executar fluxo completo: home → lobby → jogo → resultado" type="FAILURE">
<![CDATA[  [firefox] › navigation-flow.spec.ts:95:7 › Sistema de Navegação - Testes Funcionais › deve executar fluxo completo: home → lobby → jogo → resultado 

    TimeoutError: locator.click: Timeout 10000ms exceeded.
    Call log:
      - waiting for locator('button:has-text("Lobby"), a[href="/lobby"]')


       at pages/HomePage.ts:79

      77 |    */
      78 |   async goToLobby() {
    > 79 |     await this.lobbyButton.click()
         |                            ^
      80 |     await this.page.waitForURL('**/lobby')
      81 |   }
      82 |
        at HomePage.goToLobby (/Users/thamiresfernandesmendes/Desktop/NovoProjeto/criminal-minds-game/tests/functional/pages/HomePage.ts:79:28)
        at /Users/thamiresfernandesmendes/Desktop/NovoProjeto/criminal-minds-game/tests/functional/navigation-flow.spec.ts:102:20

    attachment #1: screenshot (image/png) ──────────────────────────────────────────────────────────
    ../../test-results/navigation-flow-Sistema-de-cdcda--→-lobby-→-jogo-→-resultado-firefox/test-failed-1.png
    ────────────────────────────────────────────────────────────────────────────────────────────────

    attachment #2: video (video/webm) ──────────────────────────────────────────────────────────────
    ../../test-results/navigation-flow-Sistema-de-cdcda--→-lobby-→-jogo-→-resultado-firefox/video.webm
    ────────────────────────────────────────────────────────────────────────────────────────────────

    Error Context: ../../test-results/navigation-flow-Sistema-de-cdcda--→-lobby-→-jogo-→-resultado-firefox/error-context.md
]]>
</failure>
<system-out>
<![CDATA[
[[ATTACHMENT|navigation-flow-Sistema-de-cdcda--→-lobby-→-jogo-→-resultado-firefox/test-failed-1.png]]

[[ATTACHMENT|navigation-flow-Sistema-de-cdcda--→-lobby-→-jogo-→-resultado-firefox/video.webm]]

[[ATTACHMENT|navigation-flow-Sistema-de-cdcda--→-lobby-→-jogo-→-resultado-firefox/error-context.md]]
]]>
</system-out>
</testcase>
<testcase name="Sistema de Navegação - Testes Funcionais › deve funcionar corretamente em múltiplas abas" classname="navigation-flow.spec.ts" time="75.913">
<failure message="navigation-flow.spec.ts:139:7 deve funcionar corretamente em múltiplas abas" type="FAILURE">
<![CDATA[  [firefox] › navigation-flow.spec.ts:139:7 › Sistema de Navegação - Testes Funcionais › deve funcionar corretamente em múltiplas abas 

    Test timeout of 60000ms exceeded.

    Error: Timed out 10000ms waiting for expect(locator).toBeVisible()

    Locator: locator('nav, [data-testid="navigation"]')
    Expected: visible
    Received: <element(s) not found>
    Call log:
      - Expect "toBeVisible" with timeout 10000ms
      - waiting for locator('nav, [data-testid="navigation"]')


       at pages/HomePage.ts:119

      117 |     
      118 |     // Verificar navegação principal
    > 119 |     await expect(this.navigationMenu).toBeVisible()
          |                                       ^
      120 |     
      121 |     // Verificar botões principais (pelo menos um deve estar visível)
      122 |     const mainButtons = [
        at HomePage.verifyPageElements (/Users/thamiresfernandesmendes/Desktop/NovoProjeto/criminal-minds-game/tests/functional/pages/HomePage.ts:119:39)
        at /Users/thamiresfernandesmendes/Desktop/NovoProjeto/criminal-minds-game/tests/functional/navigation-flow.spec.ts:157:5

    attachment #1: video (video/webm) ──────────────────────────────────────────────────────────────
    ../../test-results/navigation-flow-Sistema-de-13ff8-retamente-em-múltiplas-abas-firefox/video.webm
    ────────────────────────────────────────────────────────────────────────────────────────────────
]]>
</failure>
<system-out>
<![CDATA[
[[ATTACHMENT|navigation-flow-Sistema-de-13ff8-retamente-em-múltiplas-abas-firefox/video.webm]]
]]>
</system-out>
</testcase>
<testcase name="Sistema de Navegação - Testes Funcionais › deve lidar corretamente com parâmetros de URL" classname="navigation-flow.spec.ts" time="61.639">
<failure message="navigation-flow.spec.ts:167:7 deve lidar corretamente com parâmetros de URL" type="FAILURE">
<![CDATA[  [firefox] › navigation-flow.spec.ts:167:7 › Sistema de Navegação - Testes Funcionais › deve lidar corretamente com parâmetros de URL 

    Test timeout of 60000ms exceeded.

    Error: Timed out 10000ms waiting for expect(locator).toBeVisible()

    Locator: locator('[data-testid="investigation-map"], .investigation-map')
    Expected: visible
    Received: <element(s) not found>
    Call log:
      - Expect "toBeVisible" with timeout 10000ms
      - waiting for locator('[data-testid="investigation-map"], .investigation-map')


       at pages/InvestigationPage.ts:104

      102 |     // Aguardar elementos principais da investigação
      103 |     await expect(this.gameTitle).toBeVisible()
    > 104 |     await expect(this.investigationMap).toBeVisible()
          |                                         ^
      105 |   }
      106 |
      107 |   /**
        at InvestigationPage.waitForLoad (/Users/thamiresfernandesmendes/Desktop/NovoProjeto/criminal-minds-game/tests/functional/pages/InvestigationPage.ts:104:41)
        at InvestigationPage.goto (/Users/thamiresfernandesmendes/Desktop/NovoProjeto/criminal-minds-game/tests/functional/pages/InvestigationPage.ts:93:5)
        at /Users/thamiresfernandesmendes/Desktop/NovoProjeto/criminal-minds-game/tests/functional/navigation-flow.spec.ts:174:5

    attachment #1: screenshot (image/png) ──────────────────────────────────────────────────────────
    ../../test-results/navigation-flow-Sistema-de-1493d-mente-com-parâmetros-de-URL-firefox/test-failed-1.png
    ────────────────────────────────────────────────────────────────────────────────────────────────

    attachment #2: video (video/webm) ──────────────────────────────────────────────────────────────
    ../../test-results/navigation-flow-Sistema-de-1493d-mente-com-parâmetros-de-URL-firefox/video.webm
    ────────────────────────────────────────────────────────────────────────────────────────────────

    Error Context: ../../test-results/navigation-flow-Sistema-de-1493d-mente-com-parâmetros-de-URL-firefox/error-context.md
]]>
</failure>
<system-out>
<![CDATA[
[[ATTACHMENT|navigation-flow-Sistema-de-1493d-mente-com-parâmetros-de-URL-firefox/test-failed-1.png]]

[[ATTACHMENT|navigation-flow-Sistema-de-1493d-mente-com-parâmetros-de-URL-firefox/video.webm]]

[[ATTACHMENT|navigation-flow-Sistema-de-1493d-mente-com-parâmetros-de-URL-firefox/error-context.md]]
]]>
</system-out>
</testcase>
<testcase name="Sistema de Navegação - Testes Funcionais › deve lidar graciosamente com URLs inválidas" classname="navigation-flow.spec.ts" time="57.978">
</testcase>
<testcase name="Sistema de Navegação - Testes Funcionais › deve suportar diferentes métodos de navegação" classname="navigation-flow.spec.ts" time="53.342">
<failure message="navigation-flow.spec.ts:208:7 deve suportar diferentes métodos de navegação" type="FAILURE">
<![CDATA[  [firefox] › navigation-flow.spec.ts:208:7 › Sistema de Navegação - Testes Funcionais › deve suportar diferentes métodos de navegação 

    TimeoutError: locator.click: Timeout 10000ms exceeded.
    Call log:
      - waiting for locator('button:has-text("Lobby"), a[href="/lobby"]')


       at pages/HomePage.ts:79

      77 |    */
      78 |   async goToLobby() {
    > 79 |     await this.lobbyButton.click()
         |                            ^
      80 |     await this.page.waitForURL('**/lobby')
      81 |   }
      82 |
        at HomePage.goToLobby (/Users/thamiresfernandesmendes/Desktop/NovoProjeto/criminal-minds-game/tests/functional/pages/HomePage.ts:79:28)
        at /Users/thamiresfernandesmendes/Desktop/NovoProjeto/criminal-minds-game/tests/functional/navigation-flow.spec.ts:211:20

    attachment #1: screenshot (image/png) ──────────────────────────────────────────────────────────
    ../../test-results/navigation-flow-Sistema-de-4fb25-rentes-métodos-de-navegação-firefox/test-failed-1.png
    ────────────────────────────────────────────────────────────────────────────────────────────────

    attachment #2: video (video/webm) ──────────────────────────────────────────────────────────────
    ../../test-results/navigation-flow-Sistema-de-4fb25-rentes-métodos-de-navegação-firefox/video.webm
    ────────────────────────────────────────────────────────────────────────────────────────────────

    Error Context: ../../test-results/navigation-flow-Sistema-de-4fb25-rentes-métodos-de-navegação-firefox/error-context.md
]]>
</failure>
<system-out>
<![CDATA[
[[ATTACHMENT|navigation-flow-Sistema-de-4fb25-rentes-métodos-de-navegação-firefox/test-failed-1.png]]

[[ATTACHMENT|navigation-flow-Sistema-de-4fb25-rentes-métodos-de-navegação-firefox/video.webm]]

[[ATTACHMENT|navigation-flow-Sistema-de-4fb25-rentes-métodos-de-navegação-firefox/error-context.md]]
]]>
</system-out>
</testcase>
<testcase name="Sistema de Navegação - Testes Funcionais › deve navegar corretamente em dispositivos móveis" classname="navigation-flow.spec.ts" time="21.865">
<failure message="navigation-flow.spec.ts:235:7 deve navegar corretamente em dispositivos móveis" type="FAILURE">
<![CDATA[  [firefox] › navigation-flow.spec.ts:235:7 › Sistema de Navegação - Testes Funcionais › deve navegar corretamente em dispositivos móveis 

    Error: Timed out 10000ms waiting for expect(locator).toBeVisible()

    Locator: locator('nav, [data-testid="navigation"]')
    Expected: visible
    Received: <element(s) not found>
    Call log:
      - Expect "toBeVisible" with timeout 10000ms
      - waiting for locator('nav, [data-testid="navigation"]')


       at pages/HomePage.ts:119

      117 |     
      118 |     // Verificar navegação principal
    > 119 |     await expect(this.navigationMenu).toBeVisible()
          |                                       ^
      120 |     
      121 |     // Verificar botões principais (pelo menos um deve estar visível)
      122 |     const mainButtons = [
        at HomePage.verifyPageElements (/Users/thamiresfernandesmendes/Desktop/NovoProjeto/criminal-minds-game/tests/functional/pages/HomePage.ts:119:39)
        at /Users/thamiresfernandesmendes/Desktop/NovoProjeto/criminal-minds-game/tests/functional/navigation-flow.spec.ts:241:5

    attachment #1: screenshot (image/png) ──────────────────────────────────────────────────────────
    ../../test-results/navigation-flow-Sistema-de-63fa9-ente-em-dispositivos-móveis-firefox/test-failed-1.png
    ────────────────────────────────────────────────────────────────────────────────────────────────

    attachment #2: video (video/webm) ──────────────────────────────────────────────────────────────
    ../../test-results/navigation-flow-Sistema-de-63fa9-ente-em-dispositivos-móveis-firefox/video.webm
    ────────────────────────────────────────────────────────────────────────────────────────────────

    Error Context: ../../test-results/navigation-flow-Sistema-de-63fa9-ente-em-dispositivos-móveis-firefox/error-context.md
]]>
</failure>
<system-out>
<![CDATA[
[[ATTACHMENT|navigation-flow-Sistema-de-63fa9-ente-em-dispositivos-móveis-firefox/test-failed-1.png]]

[[ATTACHMENT|navigation-flow-Sistema-de-63fa9-ente-em-dispositivos-móveis-firefox/video.webm]]

[[ATTACHMENT|navigation-flow-Sistema-de-63fa9-ente-em-dispositivos-móveis-firefox/error-context.md]]
]]>
</system-out>
</testcase>
<testcase name="Sistema de Navegação - Testes Funcionais › deve navegar com performance adequada" classname="navigation-flow.spec.ts" time="20.356">
<failure message="navigation-flow.spec.ts:266:7 deve navegar com performance adequada" type="FAILURE">
<![CDATA[  [firefox] › navigation-flow.spec.ts:266:7 › Sistema de Navegação - Testes Funcionais › deve navegar com performance adequada 

    TimeoutError: locator.click: Timeout 10000ms exceeded.
    Call log:
      - waiting for locator('button:has-text("Lobby"), a[href="/lobby"]')


       at pages/HomePage.ts:79

      77 |    */
      78 |   async goToLobby() {
    > 79 |     await this.lobbyButton.click()
         |                            ^
      80 |     await this.page.waitForURL('**/lobby')
      81 |   }
      82 |
        at HomePage.goToLobby (/Users/thamiresfernandesmendes/Desktop/NovoProjeto/criminal-minds-game/tests/functional/pages/HomePage.ts:79:28)
        at /Users/thamiresfernandesmendes/Desktop/NovoProjeto/criminal-minds-game/tests/functional/navigation-flow.spec.ts:271:20

    attachment #1: screenshot (image/png) ──────────────────────────────────────────────────────────
    ../../test-results/navigation-flow-Sistema-de-041c8-ar-com-performance-adequada-firefox/test-failed-1.png
    ────────────────────────────────────────────────────────────────────────────────────────────────

    attachment #2: video (video/webm) ──────────────────────────────────────────────────────────────
    ../../test-results/navigation-flow-Sistema-de-041c8-ar-com-performance-adequada-firefox/video.webm
    ────────────────────────────────────────────────────────────────────────────────────────────────

    Error Context: ../../test-results/navigation-flow-Sistema-de-041c8-ar-com-performance-adequada-firefox/error-context.md
]]>
</failure>
<system-out>
<![CDATA[
[[ATTACHMENT|navigation-flow-Sistema-de-041c8-ar-com-performance-adequada-firefox/test-failed-1.png]]

[[ATTACHMENT|navigation-flow-Sistema-de-041c8-ar-com-performance-adequada-firefox/video.webm]]

[[ATTACHMENT|navigation-flow-Sistema-de-041c8-ar-com-performance-adequada-firefox/error-context.md]]
]]>
</system-out>
</testcase>
<testcase name="Sistema de Navegação - Testes Funcionais › deve manter estado apropriado durante navegação" classname="navigation-flow.spec.ts" time="25.756">
<failure message="navigation-flow.spec.ts:295:7 deve manter estado apropriado durante navegação" type="FAILURE">
<![CDATA[  [firefox] › navigation-flow.spec.ts:295:7 › Sistema de Navegação - Testes Funcionais › deve manter estado apropriado durante navegação 

    TimeoutError: locator.click: Timeout 10000ms exceeded.
    Call log:
      - waiting for locator('button:has-text("Lobby"), a[href="/lobby"]')


       at pages/HomePage.ts:79

      77 |    */
      78 |   async goToLobby() {
    > 79 |     await this.lobbyButton.click()
         |                            ^
      80 |     await this.page.waitForURL('**/lobby')
      81 |   }
      82 |
        at HomePage.goToLobby (/Users/thamiresfernandesmendes/Desktop/NovoProjeto/criminal-minds-game/tests/functional/pages/HomePage.ts:79:28)
        at /Users/thamiresfernandesmendes/Desktop/NovoProjeto/criminal-minds-game/tests/functional/navigation-flow.spec.ts:308:20

    attachment #1: screenshot (image/png) ──────────────────────────────────────────────────────────
    ../../test-results/navigation-flow-Sistema-de-6e9bc-propriado-durante-navegação-firefox/test-failed-1.png
    ────────────────────────────────────────────────────────────────────────────────────────────────

    attachment #2: video (video/webm) ──────────────────────────────────────────────────────────────
    ../../test-results/navigation-flow-Sistema-de-6e9bc-propriado-durante-navegação-firefox/video.webm
    ────────────────────────────────────────────────────────────────────────────────────────────────

    Error Context: ../../test-results/navigation-flow-Sistema-de-6e9bc-propriado-durante-navegação-firefox/error-context.md
]]>
</failure>
<system-out>
<![CDATA[
[[ATTACHMENT|navigation-flow-Sistema-de-6e9bc-propriado-durante-navegação-firefox/test-failed-1.png]]

[[ATTACHMENT|navigation-flow-Sistema-de-6e9bc-propriado-durante-navegação-firefox/video.webm]]

[[ATTACHMENT|navigation-flow-Sistema-de-6e9bc-propriado-durante-navegação-firefox/error-context.md]]
]]>
</system-out>
</testcase>
</testsuite>
<testsuite name="accusation-flow.spec.ts" timestamp="2025-07-26T13:50:52.835Z" hostname="webkit" tests="9" failures="9" skipped="0" time="705.687" errors="0">
<testcase name="Sistema de Acusação - Testes Funcionais Completos › deve permitir acusação correta e exibir vitória" classname="accusation-flow.spec.ts" time="81.094">
<failure message="accusation-flow.spec.ts:39:7 deve permitir acusação correta e exibir vitória" type="FAILURE">
<![CDATA[  [webkit] › accusation-flow.spec.ts:39:7 › Sistema de Acusação - Testes Funcionais Completos › deve permitir acusação correta e exibir vitória 

    Error: Timed out 10000ms waiting for expect(locator).toBeVisible()

    Locator: locator('[data-testid="investigation-map"], .investigation-map')
    Expected: visible
    Received: <element(s) not found>
    Call log:
      - Expect "toBeVisible" with timeout 10000ms
      - waiting for locator('[data-testid="investigation-map"], .investigation-map')


       at pages/InvestigationPage.ts:104

      102 |     // Aguardar elementos principais da investigação
      103 |     await expect(this.gameTitle).toBeVisible()
    > 104 |     await expect(this.investigationMap).toBeVisible()
          |                                         ^
      105 |   }
      106 |
      107 |   /**
        at InvestigationPage.waitForLoad (/Users/thamiresfernandesmendes/Desktop/NovoProjeto/criminal-minds-game/tests/functional/pages/InvestigationPage.ts:104:41)
        at InvestigationPage.goto (/Users/thamiresfernandesmendes/Desktop/NovoProjeto/criminal-minds-game/tests/functional/pages/InvestigationPage.ts:93:5)
        at /Users/thamiresfernandesmendes/Desktop/NovoProjeto/criminal-minds-game/tests/functional/accusation-flow.spec.ts:28:5

    Tearing down "context" exceeded the test timeout of 60000ms.

    Error Context: ../../test-results/accusation-flow-Sistema-de-2da99-ão-correta-e-exibir-vitória-webkit/error-context.md
]]>
</failure>
<system-out>
<![CDATA[
[[ATTACHMENT|accusation-flow-Sistema-de-2da99-ão-correta-e-exibir-vitória-webkit/error-context.md]]
]]>
</system-out>
</testcase>
<testcase name="Sistema de Acusação - Testes Funcionais Completos › deve processar acusação incorreta e exibir derrota" classname="accusation-flow.spec.ts" time="82.575">
<failure message="accusation-flow.spec.ts:75:7 deve processar acusação incorreta e exibir derrota" type="FAILURE">
<![CDATA[  [webkit] › accusation-flow.spec.ts:75:7 › Sistema de Acusação - Testes Funcionais Completos › deve processar acusação incorreta e exibir derrota 

    Error: Timed out 10000ms waiting for expect(locator).toBeVisible()

    Locator: locator('[data-testid="investigation-map"], .investigation-map')
    Expected: visible
    Received: <element(s) not found>
    Call log:
      - Expect "toBeVisible" with timeout 10000ms
      - waiting for locator('[data-testid="investigation-map"], .investigation-map')


       at pages/InvestigationPage.ts:104

      102 |     // Aguardar elementos principais da investigação
      103 |     await expect(this.gameTitle).toBeVisible()
    > 104 |     await expect(this.investigationMap).toBeVisible()
          |                                         ^
      105 |   }
      106 |
      107 |   /**
        at InvestigationPage.waitForLoad (/Users/thamiresfernandesmendes/Desktop/NovoProjeto/criminal-minds-game/tests/functional/pages/InvestigationPage.ts:104:41)
        at InvestigationPage.goto (/Users/thamiresfernandesmendes/Desktop/NovoProjeto/criminal-minds-game/tests/functional/pages/InvestigationPage.ts:93:5)
        at /Users/thamiresfernandesmendes/Desktop/NovoProjeto/criminal-minds-game/tests/functional/accusation-flow.spec.ts:28:5

    Tearing down "context" exceeded the test timeout of 60000ms.

    Error Context: ../../test-results/accusation-flow-Sistema-de-a9794--incorreta-e-exibir-derrota-webkit/error-context.md
]]>
</failure>
<system-out>
<![CDATA[
[[ATTACHMENT|accusation-flow-Sistema-de-a9794--incorreta-e-exibir-derrota-webkit/error-context.md]]
]]>
</system-out>
</testcase>
<testcase name="Sistema de Acusação - Testes Funcionais Completos › deve validar dados obrigatórios no formulário de acusação" classname="accusation-flow.spec.ts" time="79.566">
<failure message="accusation-flow.spec.ts:108:7 deve validar dados obrigatórios no formulário de acusação" type="FAILURE">
<![CDATA[  [webkit] › accusation-flow.spec.ts:108:7 › Sistema de Acusação - Testes Funcionais Completos › deve validar dados obrigatórios no formulário de acusação 

    Error: Timed out 10000ms waiting for expect(locator).toBeVisible()

    Locator: locator('[data-testid="investigation-map"], .investigation-map')
    Expected: visible
    Received: <element(s) not found>
    Call log:
      - Expect "toBeVisible" with timeout 10000ms
      - waiting for locator('[data-testid="investigation-map"], .investigation-map')


       at pages/InvestigationPage.ts:104

      102 |     // Aguardar elementos principais da investigação
      103 |     await expect(this.gameTitle).toBeVisible()
    > 104 |     await expect(this.investigationMap).toBeVisible()
          |                                         ^
      105 |   }
      106 |
      107 |   /**
        at InvestigationPage.waitForLoad (/Users/thamiresfernandesmendes/Desktop/NovoProjeto/criminal-minds-game/tests/functional/pages/InvestigationPage.ts:104:41)
        at InvestigationPage.goto (/Users/thamiresfernandesmendes/Desktop/NovoProjeto/criminal-minds-game/tests/functional/pages/InvestigationPage.ts:93:5)
        at /Users/thamiresfernandesmendes/Desktop/NovoProjeto/criminal-minds-game/tests/functional/accusation-flow.spec.ts:28:5

    Tearing down "context" exceeded the test timeout of 60000ms.

    Error Context: ../../test-results/accusation-flow-Sistema-de-8cdbe-s-no-formulário-de-acusação-webkit/error-context.md
]]>
</failure>
<system-out>
<![CDATA[
[[ATTACHMENT|accusation-flow-Sistema-de-8cdbe-s-no-formulário-de-acusação-webkit/error-context.md]]
]]>
</system-out>
</testcase>
<testcase name="Sistema de Acusação - Testes Funcionais Completos › deve atualizar contador de caracteres em tempo real" classname="accusation-flow.spec.ts" time="100.66">
<failure message="accusation-flow.spec.ts:137:7 deve atualizar contador de caracteres em tempo real" type="FAILURE">
<![CDATA[  [webkit] › accusation-flow.spec.ts:137:7 › Sistema de Acusação - Testes Funcionais Completos › deve atualizar contador de caracteres em tempo real 

    TimeoutError: page.goto: Timeout 30000ms exceeded.
    Call log:
      - navigating to "http://localhost:3000/game/functional-test-game/investigation", waiting until "load"


       at pages/InvestigationPage.ts:92

      90 |    */
      91 |   async goto(gameId: string = 'test-game') {
    > 92 |     await this.page.goto(`/game/${gameId}/investigation`)
         |                     ^
      93 |     await this.waitForLoad()
      94 |   }
      95 |
        at InvestigationPage.goto (/Users/thamiresfernandesmendes/Desktop/NovoProjeto/criminal-minds-game/tests/functional/pages/InvestigationPage.ts:92:21)
        at /Users/thamiresfernandesmendes/Desktop/NovoProjeto/criminal-minds-game/tests/functional/accusation-flow.spec.ts:28:29

    Tearing down "context" exceeded the test timeout of 60000ms.

    Error Context: ../../test-results/accusation-flow-Sistema-de-ed2dc-de-caracteres-em-tempo-real-webkit/error-context.md
]]>
</failure>
<system-out>
<![CDATA[
[[ATTACHMENT|accusation-flow-Sistema-de-ed2dc-de-caracteres-em-tempo-real-webkit/error-context.md]]
]]>
</system-out>
</testcase>
<testcase name="Sistema de Acusação - Testes Funcionais Completos › deve permitir cancelar acusação sem efeitos colaterais" classname="accusation-flow.spec.ts" time="93.853">
<failure message="accusation-flow.spec.ts:165:7 deve permitir cancelar acusação sem efeitos colaterais" type="FAILURE">
<![CDATA[  [webkit] › accusation-flow.spec.ts:165:7 › Sistema de Acusação - Testes Funcionais Completos › deve permitir cancelar acusação sem efeitos colaterais 

    Error: Timed out 10000ms waiting for expect(locator).toBeVisible()

    Locator: locator('[data-testid="investigation-map"], .investigation-map')
    Expected: visible
    Received: <element(s) not found>
    Call log:
      - Expect "toBeVisible" with timeout 10000ms
      - waiting for locator('[data-testid="investigation-map"], .investigation-map')


       at pages/InvestigationPage.ts:104

      102 |     // Aguardar elementos principais da investigação
      103 |     await expect(this.gameTitle).toBeVisible()
    > 104 |     await expect(this.investigationMap).toBeVisible()
          |                                         ^
      105 |   }
      106 |
      107 |   /**
        at InvestigationPage.waitForLoad (/Users/thamiresfernandesmendes/Desktop/NovoProjeto/criminal-minds-game/tests/functional/pages/InvestigationPage.ts:104:41)
        at InvestigationPage.goto (/Users/thamiresfernandesmendes/Desktop/NovoProjeto/criminal-minds-game/tests/functional/pages/InvestigationPage.ts:93:5)
        at /Users/thamiresfernandesmendes/Desktop/NovoProjeto/criminal-minds-game/tests/functional/accusation-flow.spec.ts:28:5

    Tearing down "context" exceeded the test timeout of 60000ms.

    attachment #1: screenshot (image/png) ──────────────────────────────────────────────────────────
    ../../test-results/accusation-flow-Sistema-de-0ab86-ação-sem-efeitos-colaterais-webkit/test-failed-1.png
    ────────────────────────────────────────────────────────────────────────────────────────────────

    Error Context: ../../test-results/accusation-flow-Sistema-de-0ab86-ação-sem-efeitos-colaterais-webkit/error-context.md
]]>
</failure>
<system-out>
<![CDATA[
[[ATTACHMENT|accusation-flow-Sistema-de-0ab86-ação-sem-efeitos-colaterais-webkit/test-failed-1.png]]

[[ATTACHMENT|accusation-flow-Sistema-de-0ab86-ação-sem-efeitos-colaterais-webkit/error-context.md]]
]]>
</system-out>
</testcase>
<testcase name="Sistema de Acusação - Testes Funcionais Completos › deve executar fluxo end-to-end completo com sucesso" classname="accusation-flow.spec.ts" time="38.886">
<failure message="accusation-flow.spec.ts:194:7 deve executar fluxo end-to-end completo com sucesso" type="FAILURE">
<![CDATA[  [webkit] › accusation-flow.spec.ts:194:7 › Sistema de Acusação - Testes Funcionais Completos › deve executar fluxo end-to-end completo com sucesso 

    Error: Timed out 10000ms waiting for expect(locator).toBeVisible()

    Locator: locator('[data-testid="investigation-map"], .investigation-map')
    Expected: visible
    Received: <element(s) not found>
    Call log:
      - Expect "toBeVisible" with timeout 10000ms
      - waiting for locator('[data-testid="investigation-map"], .investigation-map')


       at pages/InvestigationPage.ts:104

      102 |     // Aguardar elementos principais da investigação
      103 |     await expect(this.gameTitle).toBeVisible()
    > 104 |     await expect(this.investigationMap).toBeVisible()
          |                                         ^
      105 |   }
      106 |
      107 |   /**
        at InvestigationPage.waitForLoad (/Users/thamiresfernandesmendes/Desktop/NovoProjeto/criminal-minds-game/tests/functional/pages/InvestigationPage.ts:104:41)
        at InvestigationPage.goto (/Users/thamiresfernandesmendes/Desktop/NovoProjeto/criminal-minds-game/tests/functional/pages/InvestigationPage.ts:93:5)
        at /Users/thamiresfernandesmendes/Desktop/NovoProjeto/criminal-minds-game/tests/functional/accusation-flow.spec.ts:28:5

    attachment #1: screenshot (image/png) ──────────────────────────────────────────────────────────
    ../../test-results/accusation-flow-Sistema-de-3154e-to-end-completo-com-sucesso-webkit/test-failed-1.png
    ────────────────────────────────────────────────────────────────────────────────────────────────

    attachment #2: video (video/webm) ──────────────────────────────────────────────────────────────
    ../../test-results/accusation-flow-Sistema-de-3154e-to-end-completo-com-sucesso-webkit/video.webm
    ────────────────────────────────────────────────────────────────────────────────────────────────

    Error Context: ../../test-results/accusation-flow-Sistema-de-3154e-to-end-completo-com-sucesso-webkit/error-context.md
]]>
</failure>
<system-out>
<![CDATA[
[[ATTACHMENT|accusation-flow-Sistema-de-3154e-to-end-completo-com-sucesso-webkit/test-failed-1.png]]

[[ATTACHMENT|accusation-flow-Sistema-de-3154e-to-end-completo-com-sucesso-webkit/video.webm]]

[[ATTACHMENT|accusation-flow-Sistema-de-3154e-to-end-completo-com-sucesso-webkit/error-context.md]]
]]>
</system-out>
</testcase>
<testcase name="Sistema de Acusação - Testes Funcionais Completos › deve funcionar corretamente em diferentes resoluções" classname="accusation-flow.spec.ts" time="47.863">
<failure message="accusation-flow.spec.ts:243:7 deve funcionar corretamente em diferentes resoluções" type="FAILURE">
<![CDATA[  [webkit] › accusation-flow.spec.ts:243:7 › Sistema de Acusação - Testes Funcionais Completos › deve funcionar corretamente em diferentes resoluções 

    Error: Timed out 10000ms waiting for expect(locator).toBeVisible()

    Locator: locator('[data-testid="investigation-map"], .investigation-map')
    Expected: visible
    Received: <element(s) not found>
    Call log:
      - Expect "toBeVisible" with timeout 10000ms
      - waiting for locator('[data-testid="investigation-map"], .investigation-map')


       at pages/InvestigationPage.ts:104

      102 |     // Aguardar elementos principais da investigação
      103 |     await expect(this.gameTitle).toBeVisible()
    > 104 |     await expect(this.investigationMap).toBeVisible()
          |                                         ^
      105 |   }
      106 |
      107 |   /**
        at InvestigationPage.waitForLoad (/Users/thamiresfernandesmendes/Desktop/NovoProjeto/criminal-minds-game/tests/functional/pages/InvestigationPage.ts:104:41)
        at InvestigationPage.goto (/Users/thamiresfernandesmendes/Desktop/NovoProjeto/criminal-minds-game/tests/functional/pages/InvestigationPage.ts:93:5)
        at /Users/thamiresfernandesmendes/Desktop/NovoProjeto/criminal-minds-game/tests/functional/accusation-flow.spec.ts:28:5

    attachment #1: video (video/webm) ──────────────────────────────────────────────────────────────
    ../../test-results/accusation-flow-Sistema-de-923f7-te-em-diferentes-resoluções-webkit/video.webm
    ────────────────────────────────────────────────────────────────────────────────────────────────

    Error Context: ../../test-results/accusation-flow-Sistema-de-923f7-te-em-diferentes-resoluções-webkit/error-context.md
]]>
</failure>
<system-out>
<![CDATA[
[[ATTACHMENT|accusation-flow-Sistema-de-923f7-te-em-diferentes-resoluções-webkit/video.webm]]

[[ATTACHMENT|accusation-flow-Sistema-de-923f7-te-em-diferentes-resoluções-webkit/error-context.md]]
]]>
</system-out>
</testcase>
<testcase name="Sistema de Acusação - Testes Funcionais Completos › deve atender requisitos básicos de acessibilidade" classname="accusation-flow.spec.ts" time="90.619">
<failure message="accusation-flow.spec.ts:274:7 deve atender requisitos básicos de acessibilidade" type="FAILURE">
<![CDATA[  [webkit] › accusation-flow.spec.ts:274:7 › Sistema de Acusação - Testes Funcionais Completos › deve atender requisitos básicos de acessibilidade 

    Error: Timed out 10000ms waiting for expect(locator).toBeVisible()

    Locator: locator('[data-testid="investigation-map"], .investigation-map')
    Expected: visible
    Received: <element(s) not found>
    Call log:
      - Expect "toBeVisible" with timeout 10000ms
      - waiting for locator('[data-testid="investigation-map"], .investigation-map')


       at pages/InvestigationPage.ts:104

      102 |     // Aguardar elementos principais da investigação
      103 |     await expect(this.gameTitle).toBeVisible()
    > 104 |     await expect(this.investigationMap).toBeVisible()
          |                                         ^
      105 |   }
      106 |
      107 |   /**
        at InvestigationPage.waitForLoad (/Users/thamiresfernandesmendes/Desktop/NovoProjeto/criminal-minds-game/tests/functional/pages/InvestigationPage.ts:104:41)
        at InvestigationPage.goto (/Users/thamiresfernandesmendes/Desktop/NovoProjeto/criminal-minds-game/tests/functional/pages/InvestigationPage.ts:93:5)
        at /Users/thamiresfernandesmendes/Desktop/NovoProjeto/criminal-minds-game/tests/functional/accusation-flow.spec.ts:28:5

    Tearing down "context" exceeded the test timeout of 60000ms.

    Error Context: ../../test-results/accusation-flow-Sistema-de-b8387-s-básicos-de-acessibilidade-webkit/error-context.md
]]>
</failure>
<system-out>
<![CDATA[
[[ATTACHMENT|accusation-flow-Sistema-de-b8387-s-básicos-de-acessibilidade-webkit/error-context.md]]
]]>
</system-out>
</testcase>
<testcase name="Sistema de Acusação - Testes Funcionais Completos › deve se recuperar graciosamente de erros de rede" classname="accusation-flow.spec.ts" time="90.571">
<failure message="accusation-flow.spec.ts:302:7 deve se recuperar graciosamente de erros de rede" type="FAILURE">
<![CDATA[  [webkit] › accusation-flow.spec.ts:302:7 › Sistema de Acusação - Testes Funcionais Completos › deve se recuperar graciosamente de erros de rede 

    Error: Timed out 10000ms waiting for expect(locator).toBeVisible()

    Locator: locator('[data-testid="investigation-map"], .investigation-map')
    Expected: visible
    Received: <element(s) not found>
    Call log:
      - Expect "toBeVisible" with timeout 10000ms
      - waiting for locator('[data-testid="investigation-map"], .investigation-map')


       at pages/InvestigationPage.ts:104

      102 |     // Aguardar elementos principais da investigação
      103 |     await expect(this.gameTitle).toBeVisible()
    > 104 |     await expect(this.investigationMap).toBeVisible()
          |                                         ^
      105 |   }
      106 |
      107 |   /**
        at InvestigationPage.waitForLoad (/Users/thamiresfernandesmendes/Desktop/NovoProjeto/criminal-minds-game/tests/functional/pages/InvestigationPage.ts:104:41)
        at InvestigationPage.goto (/Users/thamiresfernandesmendes/Desktop/NovoProjeto/criminal-minds-game/tests/functional/pages/InvestigationPage.ts:93:5)
        at /Users/thamiresfernandesmendes/Desktop/NovoProjeto/criminal-minds-game/tests/functional/accusation-flow.spec.ts:28:5

    Tearing down "context" exceeded the test timeout of 60000ms.

    Error Context: ../../test-results/accusation-flow-Sistema-de-b9fb3-ciosamente-de-erros-de-rede-webkit/error-context.md
]]>
</failure>
<system-out>
<![CDATA[
[[ATTACHMENT|accusation-flow-Sistema-de-b9fb3-ciosamente-de-erros-de-rede-webkit/error-context.md]]
]]>
</system-out>
</testcase>
</testsuite>
<testsuite name="navigation-flow.spec.ts" timestamp="2025-07-26T13:50:52.835Z" hostname="webkit" tests="11" failures="10" skipped="0" time="377.94" errors="0">
<testcase name="Sistema de Navegação - Testes Funcionais › deve navegar corretamente desde página inicial" classname="navigation-flow.spec.ts" time="50.13">
<failure message="navigation-flow.spec.ts:25:7 deve navegar corretamente desde página inicial" type="FAILURE">
<![CDATA[  [webkit] › navigation-flow.spec.ts:25:7 › Sistema de Navegação - Testes Funcionais › deve navegar corretamente desde página inicial 

    Error: Timed out 10000ms waiting for expect(locator).toBeVisible()

    Locator: locator('nav, [data-testid="navigation"]')
    Expected: visible
    Received: <element(s) not found>
    Call log:
      - Expect "toBeVisible" with timeout 10000ms
      - waiting for locator('nav, [data-testid="navigation"]')


       at pages/HomePage.ts:119

      117 |     
      118 |     // Verificar navegação principal
    > 119 |     await expect(this.navigationMenu).toBeVisible()
          |                                       ^
      120 |     
      121 |     // Verificar botões principais (pelo menos um deve estar visível)
      122 |     const mainButtons = [
        at HomePage.verifyPageElements (/Users/thamiresfernandesmendes/Desktop/NovoProjeto/criminal-minds-game/tests/functional/pages/HomePage.ts:119:39)
        at /Users/thamiresfernandesmendes/Desktop/NovoProjeto/criminal-minds-game/tests/functional/navigation-flow.spec.ts:28:5

    attachment #1: screenshot (image/png) ──────────────────────────────────────────────────────────
    ../../test-results/navigation-flow-Sistema-de-1e7a5-amente-desde-página-inicial-webkit/test-failed-1.png
    ────────────────────────────────────────────────────────────────────────────────────────────────

    attachment #2: video (video/webm) ──────────────────────────────────────────────────────────────
    ../../test-results/navigation-flow-Sistema-de-1e7a5-amente-desde-página-inicial-webkit/video.webm
    ────────────────────────────────────────────────────────────────────────────────────────────────

    Error Context: ../../test-results/navigation-flow-Sistema-de-1e7a5-amente-desde-página-inicial-webkit/error-context.md
]]>
</failure>
<system-out>
<![CDATA[
[[ATTACHMENT|navigation-flow-Sistema-de-1e7a5-amente-desde-página-inicial-webkit/test-failed-1.png]]

[[ATTACHMENT|navigation-flow-Sistema-de-1e7a5-amente-desde-página-inicial-webkit/video.webm]]

[[ATTACHMENT|navigation-flow-Sistema-de-1e7a5-amente-desde-página-inicial-webkit/error-context.md]]
]]>
</system-out>
</testcase>
<testcase name="Sistema de Navegação - Testes Funcionais › deve acessar configurações e retornar" classname="navigation-flow.spec.ts" time="25.529">
<failure message="navigation-flow.spec.ts:48:7 deve acessar configurações e retornar" type="FAILURE">
<![CDATA[  [webkit] › navigation-flow.spec.ts:48:7 › Sistema de Navegação - Testes Funcionais › deve acessar configurações e retornar 

    TimeoutError: locator.click: Timeout 10000ms exceeded.
    Call log:
      - waiting for locator('button:has-text("Configurações"), a[href="/settings"]')


       at pages/HomePage.ts:87

      85 |    */
      86 |   async goToSettings() {
    > 87 |     await this.settingsButton.click()
         |                               ^
      88 |     await this.page.waitForURL('**/settings')
      89 |   }
      90 |
        at HomePage.goToSettings (/Users/thamiresfernandesmendes/Desktop/NovoProjeto/criminal-minds-game/tests/functional/pages/HomePage.ts:87:31)
        at /Users/thamiresfernandesmendes/Desktop/NovoProjeto/criminal-minds-game/tests/functional/navigation-flow.spec.ts:53:20

    attachment #1: screenshot (image/png) ──────────────────────────────────────────────────────────
    ../../test-results/navigation-flow-Sistema-de-9de14-ar-configurações-e-retornar-webkit/test-failed-1.png
    ────────────────────────────────────────────────────────────────────────────────────────────────

    attachment #2: video (video/webm) ──────────────────────────────────────────────────────────────
    ../../test-results/navigation-flow-Sistema-de-9de14-ar-configurações-e-retornar-webkit/video.webm
    ────────────────────────────────────────────────────────────────────────────────────────────────

    Error Context: ../../test-results/navigation-flow-Sistema-de-9de14-ar-configurações-e-retornar-webkit/error-context.md
]]>
</failure>
<system-out>
<![CDATA[
[[ATTACHMENT|navigation-flow-Sistema-de-9de14-ar-configurações-e-retornar-webkit/test-failed-1.png]]

[[ATTACHMENT|navigation-flow-Sistema-de-9de14-ar-configurações-e-retornar-webkit/video.webm]]

[[ATTACHMENT|navigation-flow-Sistema-de-9de14-ar-configurações-e-retornar-webkit/error-context.md]]
]]>
</system-out>
</testcase>
<testcase name="Sistema de Navegação - Testes Funcionais › deve permitir acesso direto à investigação" classname="navigation-flow.spec.ts" time="19.498">
<failure message="navigation-flow.spec.ts:71:7 deve permitir acesso direto à investigação" type="FAILURE">
<![CDATA[  [webkit] › navigation-flow.spec.ts:71:7 › Sistema de Navegação - Testes Funcionais › deve permitir acesso direto à investigação 

    Error: Timed out 10000ms waiting for expect(locator).toBeVisible()

    Locator: locator('[data-testid="investigation-map"], .investigation-map')
    Expected: visible
    Received: <element(s) not found>
    Call log:
      - Expect "toBeVisible" with timeout 10000ms
      - waiting for locator('[data-testid="investigation-map"], .investigation-map')


       at pages/InvestigationPage.ts:104

      102 |     // Aguardar elementos principais da investigação
      103 |     await expect(this.gameTitle).toBeVisible()
    > 104 |     await expect(this.investigationMap).toBeVisible()
          |                                         ^
      105 |   }
      106 |
      107 |   /**
        at InvestigationPage.waitForLoad (/Users/thamiresfernandesmendes/Desktop/NovoProjeto/criminal-minds-game/tests/functional/pages/InvestigationPage.ts:104:41)
        at InvestigationPage.goto (/Users/thamiresfernandesmendes/Desktop/NovoProjeto/criminal-minds-game/tests/functional/pages/InvestigationPage.ts:93:5)
        at /Users/thamiresfernandesmendes/Desktop/NovoProjeto/criminal-minds-game/tests/functional/navigation-flow.spec.ts:73:5

    attachment #1: screenshot (image/png) ──────────────────────────────────────────────────────────
    ../../test-results/navigation-flow-Sistema-de-a2955-cesso-direto-à-investigação-webkit/test-failed-1.png
    ────────────────────────────────────────────────────────────────────────────────────────────────

    attachment #2: video (video/webm) ──────────────────────────────────────────────────────────────
    ../../test-results/navigation-flow-Sistema-de-a2955-cesso-direto-à-investigação-webkit/video.webm
    ────────────────────────────────────────────────────────────────────────────────────────────────

    Error Context: ../../test-results/navigation-flow-Sistema-de-a2955-cesso-direto-à-investigação-webkit/error-context.md
]]>
</failure>
<system-out>
<![CDATA[
[[ATTACHMENT|navigation-flow-Sistema-de-a2955-cesso-direto-à-investigação-webkit/test-failed-1.png]]

[[ATTACHMENT|navigation-flow-Sistema-de-a2955-cesso-direto-à-investigação-webkit/video.webm]]

[[ATTACHMENT|navigation-flow-Sistema-de-a2955-cesso-direto-à-investigação-webkit/error-context.md]]
]]>
</system-out>
</testcase>
<testcase name="Sistema de Navegação - Testes Funcionais › deve executar fluxo completo: home → lobby → jogo → resultado" classname="navigation-flow.spec.ts" time="18.841">
<failure message="navigation-flow.spec.ts:95:7 deve executar fluxo completo: home → lobby → jogo → resultado" type="FAILURE">
<![CDATA[  [webkit] › navigation-flow.spec.ts:95:7 › Sistema de Navegação - Testes Funcionais › deve executar fluxo completo: home → lobby → jogo → resultado 

    TimeoutError: locator.click: Timeout 10000ms exceeded.
    Call log:
      - waiting for locator('button:has-text("Lobby"), a[href="/lobby"]')


       at pages/HomePage.ts:79

      77 |    */
      78 |   async goToLobby() {
    > 79 |     await this.lobbyButton.click()
         |                            ^
      80 |     await this.page.waitForURL('**/lobby')
      81 |   }
      82 |
        at HomePage.goToLobby (/Users/thamiresfernandesmendes/Desktop/NovoProjeto/criminal-minds-game/tests/functional/pages/HomePage.ts:79:28)
        at /Users/thamiresfernandesmendes/Desktop/NovoProjeto/criminal-minds-game/tests/functional/navigation-flow.spec.ts:102:20

    attachment #1: screenshot (image/png) ──────────────────────────────────────────────────────────
    ../../test-results/navigation-flow-Sistema-de-cdcda--→-lobby-→-jogo-→-resultado-webkit/test-failed-1.png
    ────────────────────────────────────────────────────────────────────────────────────────────────

    attachment #2: video (video/webm) ──────────────────────────────────────────────────────────────
    ../../test-results/navigation-flow-Sistema-de-cdcda--→-lobby-→-jogo-→-resultado-webkit/video.webm
    ────────────────────────────────────────────────────────────────────────────────────────────────

    Error Context: ../../test-results/navigation-flow-Sistema-de-cdcda--→-lobby-→-jogo-→-resultado-webkit/error-context.md
]]>
</failure>
<system-out>
<![CDATA[
[[ATTACHMENT|navigation-flow-Sistema-de-cdcda--→-lobby-→-jogo-→-resultado-webkit/test-failed-1.png]]

[[ATTACHMENT|navigation-flow-Sistema-de-cdcda--→-lobby-→-jogo-→-resultado-webkit/video.webm]]

[[ATTACHMENT|navigation-flow-Sistema-de-cdcda--→-lobby-→-jogo-→-resultado-webkit/error-context.md]]
]]>
</system-out>
</testcase>
<testcase name="Sistema de Navegação - Testes Funcionais › deve funcionar corretamente em múltiplas abas" classname="navigation-flow.spec.ts" time="84.461">
<failure message="navigation-flow.spec.ts:139:7 deve funcionar corretamente em múltiplas abas" type="FAILURE">
<![CDATA[  [webkit] › navigation-flow.spec.ts:139:7 › Sistema de Navegação - Testes Funcionais › deve funcionar corretamente em múltiplas abas 

    Error: Timed out 10000ms waiting for expect(locator).toBeVisible()

    Locator: locator('nav, [data-testid="navigation"]')
    Expected: visible
    Received: <element(s) not found>
    Call log:
      - Expect "toBeVisible" with timeout 10000ms
      - waiting for locator('nav, [data-testid="navigation"]')


       at pages/HomePage.ts:119

      117 |     
      118 |     // Verificar navegação principal
    > 119 |     await expect(this.navigationMenu).toBeVisible()
          |                                       ^
      120 |     
      121 |     // Verificar botões principais (pelo menos um deve estar visível)
      122 |     const mainButtons = [
        at HomePage.verifyPageElements (/Users/thamiresfernandesmendes/Desktop/NovoProjeto/criminal-minds-game/tests/functional/pages/HomePage.ts:119:39)
        at /Users/thamiresfernandesmendes/Desktop/NovoProjeto/criminal-minds-game/tests/functional/navigation-flow.spec.ts:157:5

    Tearing down "context" exceeded the test timeout of 60000ms.

    attachment #1: screenshot (image/png) ──────────────────────────────────────────────────────────
    ../../test-results/navigation-flow-Sistema-de-13ff8-retamente-em-múltiplas-abas-webkit/test-failed-1.png
    ────────────────────────────────────────────────────────────────────────────────────────────────

    attachment #2: screenshot (image/png) ──────────────────────────────────────────────────────────
    ../../test-results/navigation-flow-Sistema-de-13ff8-retamente-em-múltiplas-abas-webkit/test-failed-3.png
    ────────────────────────────────────────────────────────────────────────────────────────────────

    attachment #3: screenshot (image/png) ──────────────────────────────────────────────────────────
    ../../test-results/navigation-flow-Sistema-de-13ff8-retamente-em-múltiplas-abas-webkit/test-failed-2.png
    ────────────────────────────────────────────────────────────────────────────────────────────────
]]>
</failure>
<system-out>
<![CDATA[
[[ATTACHMENT|navigation-flow-Sistema-de-13ff8-retamente-em-múltiplas-abas-webkit/test-failed-1.png]]

[[ATTACHMENT|navigation-flow-Sistema-de-13ff8-retamente-em-múltiplas-abas-webkit/test-failed-3.png]]

[[ATTACHMENT|navigation-flow-Sistema-de-13ff8-retamente-em-múltiplas-abas-webkit/test-failed-2.png]]
]]>
</system-out>
</testcase>
<testcase name="Sistema de Navegação - Testes Funcionais › deve lidar corretamente com parâmetros de URL" classname="navigation-flow.spec.ts" time="21.879">
<failure message="navigation-flow.spec.ts:167:7 deve lidar corretamente com parâmetros de URL" type="FAILURE">
<![CDATA[  [webkit] › navigation-flow.spec.ts:167:7 › Sistema de Navegação - Testes Funcionais › deve lidar corretamente com parâmetros de URL 

    Error: page.goto: Navigation to "http://localhost:3000/game/url-param-test-123/investigation" is interrupted by another navigation to "http://localhost:3000/login"
    Call log:
      - navigating to "http://localhost:3000/game/url-param-test-123/investigation", waiting until "load"


       at pages/InvestigationPage.ts:92

      90 |    */
      91 |   async goto(gameId: string = 'test-game') {
    > 92 |     await this.page.goto(`/game/${gameId}/investigation`)
         |                     ^
      93 |     await this.waitForLoad()
      94 |   }
      95 |
        at InvestigationPage.goto (/Users/thamiresfernandesmendes/Desktop/NovoProjeto/criminal-minds-game/tests/functional/pages/InvestigationPage.ts:92:21)
        at /Users/thamiresfernandesmendes/Desktop/NovoProjeto/criminal-minds-game/tests/functional/navigation-flow.spec.ts:174:29

    attachment #1: video (video/webm) ──────────────────────────────────────────────────────────────
    ../../test-results/navigation-flow-Sistema-de-1493d-mente-com-parâmetros-de-URL-webkit/video.webm
    ────────────────────────────────────────────────────────────────────────────────────────────────

    Error Context: ../../test-results/navigation-flow-Sistema-de-1493d-mente-com-parâmetros-de-URL-webkit/error-context.md
]]>
</failure>
<system-out>
<![CDATA[
[[ATTACHMENT|navigation-flow-Sistema-de-1493d-mente-com-parâmetros-de-URL-webkit/video.webm]]

[[ATTACHMENT|navigation-flow-Sistema-de-1493d-mente-com-parâmetros-de-URL-webkit/error-context.md]]
]]>
</system-out>
</testcase>
<testcase name="Sistema de Navegação - Testes Funcionais › deve lidar graciosamente com URLs inválidas" classname="navigation-flow.spec.ts" time="30.444">
</testcase>
<testcase name="Sistema de Navegação - Testes Funcionais › deve suportar diferentes métodos de navegação" classname="navigation-flow.spec.ts" time="48.49">
<failure message="navigation-flow.spec.ts:208:7 deve suportar diferentes métodos de navegação" type="FAILURE">
<![CDATA[  [webkit] › navigation-flow.spec.ts:208:7 › Sistema de Navegação - Testes Funcionais › deve suportar diferentes métodos de navegação 

    TimeoutError: locator.click: Timeout 10000ms exceeded.
    Call log:
      - waiting for locator('button:has-text("Lobby"), a[href="/lobby"]')


       at pages/HomePage.ts:79

      77 |    */
      78 |   async goToLobby() {
    > 79 |     await this.lobbyButton.click()
         |                            ^
      80 |     await this.page.waitForURL('**/lobby')
      81 |   }
      82 |
        at HomePage.goToLobby (/Users/thamiresfernandesmendes/Desktop/NovoProjeto/criminal-minds-game/tests/functional/pages/HomePage.ts:79:28)
        at /Users/thamiresfernandesmendes/Desktop/NovoProjeto/criminal-minds-game/tests/functional/navigation-flow.spec.ts:211:20

    attachment #1: screenshot (image/png) ──────────────────────────────────────────────────────────
    ../../test-results/navigation-flow-Sistema-de-4fb25-rentes-métodos-de-navegação-webkit/test-failed-1.png
    ────────────────────────────────────────────────────────────────────────────────────────────────

    attachment #2: video (video/webm) ──────────────────────────────────────────────────────────────
    ../../test-results/navigation-flow-Sistema-de-4fb25-rentes-métodos-de-navegação-webkit/video.webm
    ────────────────────────────────────────────────────────────────────────────────────────────────

    Error Context: ../../test-results/navigation-flow-Sistema-de-4fb25-rentes-métodos-de-navegação-webkit/error-context.md
]]>
</failure>
<system-out>
<![CDATA[
[[ATTACHMENT|navigation-flow-Sistema-de-4fb25-rentes-métodos-de-navegação-webkit/test-failed-1.png]]

[[ATTACHMENT|navigation-flow-Sistema-de-4fb25-rentes-métodos-de-navegação-webkit/video.webm]]

[[ATTACHMENT|navigation-flow-Sistema-de-4fb25-rentes-métodos-de-navegação-webkit/error-context.md]]
]]>
</system-out>
</testcase>
<testcase name="Sistema de Navegação - Testes Funcionais › deve navegar corretamente em dispositivos móveis" classname="navigation-flow.spec.ts" time="15.467">
<failure message="navigation-flow.spec.ts:235:7 deve navegar corretamente em dispositivos móveis" type="FAILURE">
<![CDATA[  [webkit] › navigation-flow.spec.ts:235:7 › Sistema de Navegação - Testes Funcionais › deve navegar corretamente em dispositivos móveis 

    Error: Timed out 10000ms waiting for expect(locator).toBeVisible()

    Locator: locator('nav, [data-testid="navigation"]')
    Expected: visible
    Received: <element(s) not found>
    Call log:
      - Expect "toBeVisible" with timeout 10000ms
      - waiting for locator('nav, [data-testid="navigation"]')


       at pages/HomePage.ts:119

      117 |     
      118 |     // Verificar navegação principal
    > 119 |     await expect(this.navigationMenu).toBeVisible()
          |                                       ^
      120 |     
      121 |     // Verificar botões principais (pelo menos um deve estar visível)
      122 |     const mainButtons = [
        at HomePage.verifyPageElements (/Users/thamiresfernandesmendes/Desktop/NovoProjeto/criminal-minds-game/tests/functional/pages/HomePage.ts:119:39)
        at /Users/thamiresfernandesmendes/Desktop/NovoProjeto/criminal-minds-game/tests/functional/navigation-flow.spec.ts:241:5

    attachment #1: screenshot (image/png) ──────────────────────────────────────────────────────────
    ../../test-results/navigation-flow-Sistema-de-63fa9-ente-em-dispositivos-móveis-webkit/test-failed-1.png
    ────────────────────────────────────────────────────────────────────────────────────────────────

    attachment #2: video (video/webm) ──────────────────────────────────────────────────────────────
    ../../test-results/navigation-flow-Sistema-de-63fa9-ente-em-dispositivos-móveis-webkit/video.webm
    ────────────────────────────────────────────────────────────────────────────────────────────────

    Error Context: ../../test-results/navigation-flow-Sistema-de-63fa9-ente-em-dispositivos-móveis-webkit/error-context.md
]]>
</failure>
<system-out>
<![CDATA[
[[ATTACHMENT|navigation-flow-Sistema-de-63fa9-ente-em-dispositivos-móveis-webkit/test-failed-1.png]]

[[ATTACHMENT|navigation-flow-Sistema-de-63fa9-ente-em-dispositivos-móveis-webkit/video.webm]]

[[ATTACHMENT|navigation-flow-Sistema-de-63fa9-ente-em-dispositivos-móveis-webkit/error-context.md]]
]]>
</system-out>
</testcase>
<testcase name="Sistema de Navegação - Testes Funcionais › deve navegar com performance adequada" classname="navigation-flow.spec.ts" time="49.178">
<failure message="navigation-flow.spec.ts:266:7 deve navegar com performance adequada" type="FAILURE">
<![CDATA[  [webkit] › navigation-flow.spec.ts:266:7 › Sistema de Navegação - Testes Funcionais › deve navegar com performance adequada 

    TimeoutError: locator.click: Timeout 10000ms exceeded.
    Call log:
      - waiting for locator('button:has-text("Lobby"), a[href="/lobby"]')


       at pages/HomePage.ts:79

      77 |    */
      78 |   async goToLobby() {
    > 79 |     await this.lobbyButton.click()
         |                            ^
      80 |     await this.page.waitForURL('**/lobby')
      81 |   }
      82 |
        at HomePage.goToLobby (/Users/thamiresfernandesmendes/Desktop/NovoProjeto/criminal-minds-game/tests/functional/pages/HomePage.ts:79:28)
        at /Users/thamiresfernandesmendes/Desktop/NovoProjeto/criminal-minds-game/tests/functional/navigation-flow.spec.ts:271:20

    attachment #1: video (video/webm) ──────────────────────────────────────────────────────────────
    ../../test-results/navigation-flow-Sistema-de-041c8-ar-com-performance-adequada-webkit/video.webm
    ────────────────────────────────────────────────────────────────────────────────────────────────

    Error Context: ../../test-results/navigation-flow-Sistema-de-041c8-ar-com-performance-adequada-webkit/error-context.md
]]>
</failure>
<system-out>
<![CDATA[
[[ATTACHMENT|navigation-flow-Sistema-de-041c8-ar-com-performance-adequada-webkit/video.webm]]

[[ATTACHMENT|navigation-flow-Sistema-de-041c8-ar-com-performance-adequada-webkit/error-context.md]]
]]>
</system-out>
</testcase>
<testcase name="Sistema de Navegação - Testes Funcionais › deve manter estado apropriado durante navegação" classname="navigation-flow.spec.ts" time="14.023">
<failure message="navigation-flow.spec.ts:295:7 deve manter estado apropriado durante navegação" type="FAILURE">
<![CDATA[  [webkit] › navigation-flow.spec.ts:295:7 › Sistema de Navegação - Testes Funcionais › deve manter estado apropriado durante navegação 

    TimeoutError: locator.click: Timeout 10000ms exceeded.
    Call log:
      - waiting for locator('button:has-text("Lobby"), a[href="/lobby"]')


       at pages/HomePage.ts:79

      77 |    */
      78 |   async goToLobby() {
    > 79 |     await this.lobbyButton.click()
         |                            ^
      80 |     await this.page.waitForURL('**/lobby')
      81 |   }
      82 |
        at HomePage.goToLobby (/Users/thamiresfernandesmendes/Desktop/NovoProjeto/criminal-minds-game/tests/functional/pages/HomePage.ts:79:28)
        at /Users/thamiresfernandesmendes/Desktop/NovoProjeto/criminal-minds-game/tests/functional/navigation-flow.spec.ts:308:20

    attachment #1: screenshot (image/png) ──────────────────────────────────────────────────────────
    ../../test-results/navigation-flow-Sistema-de-6e9bc-propriado-durante-navegação-webkit/test-failed-1.png
    ────────────────────────────────────────────────────────────────────────────────────────────────

    attachment #2: video (video/webm) ──────────────────────────────────────────────────────────────
    ../../test-results/navigation-flow-Sistema-de-6e9bc-propriado-durante-navegação-webkit/video.webm
    ────────────────────────────────────────────────────────────────────────────────────────────────

    Error Context: ../../test-results/navigation-flow-Sistema-de-6e9bc-propriado-durante-navegação-webkit/error-context.md
]]>
</failure>
<system-out>
<![CDATA[
[[ATTACHMENT|navigation-flow-Sistema-de-6e9bc-propriado-durante-navegação-webkit/test-failed-1.png]]

[[ATTACHMENT|navigation-flow-Sistema-de-6e9bc-propriado-durante-navegação-webkit/video.webm]]

[[ATTACHMENT|navigation-flow-Sistema-de-6e9bc-propriado-durante-navegação-webkit/error-context.md]]
]]>
</system-out>
</testcase>
</testsuite>
<testsuite name="accusation-flow.spec.ts" timestamp="2025-07-26T13:50:52.835Z" hostname="Mobile Chrome" tests="9" failures="9" skipped="0" time="218.18" errors="0">
<testcase name="Sistema de Acusação - Testes Funcionais Completos › deve permitir acusação correta e exibir vitória" classname="accusation-flow.spec.ts" time="25.669">
<failure message="accusation-flow.spec.ts:39:7 deve permitir acusação correta e exibir vitória" type="FAILURE">
<![CDATA[  [Mobile Chrome] › accusation-flow.spec.ts:39:7 › Sistema de Acusação - Testes Funcionais Completos › deve permitir acusação correta e exibir vitória 

    Error: Timed out 10000ms waiting for expect(locator).toBeVisible()

    Locator: locator('[data-testid="investigation-map"], .investigation-map')
    Expected: visible
    Received: <element(s) not found>
    Call log:
      - Expect "toBeVisible" with timeout 10000ms
      - waiting for locator('[data-testid="investigation-map"], .investigation-map')


       at pages/InvestigationPage.ts:104

      102 |     // Aguardar elementos principais da investigação
      103 |     await expect(this.gameTitle).toBeVisible()
    > 104 |     await expect(this.investigationMap).toBeVisible()
          |                                         ^
      105 |   }
      106 |
      107 |   /**
        at InvestigationPage.waitForLoad (/Users/thamiresfernandesmendes/Desktop/NovoProjeto/criminal-minds-game/tests/functional/pages/InvestigationPage.ts:104:41)
        at InvestigationPage.goto (/Users/thamiresfernandesmendes/Desktop/NovoProjeto/criminal-minds-game/tests/functional/pages/InvestigationPage.ts:93:5)
        at /Users/thamiresfernandesmendes/Desktop/NovoProjeto/criminal-minds-game/tests/functional/accusation-flow.spec.ts:28:5

    attachment #1: screenshot (image/png) ──────────────────────────────────────────────────────────
    ../../test-results/accusation-flow-Sistema-de-2da99-ão-correta-e-exibir-vitória-Mobile-Chrome/test-failed-1.png
    ────────────────────────────────────────────────────────────────────────────────────────────────

    attachment #2: video (video/webm) ──────────────────────────────────────────────────────────────
    ../../test-results/accusation-flow-Sistema-de-2da99-ão-correta-e-exibir-vitória-Mobile-Chrome/video.webm
    ────────────────────────────────────────────────────────────────────────────────────────────────

    Error Context: ../../test-results/accusation-flow-Sistema-de-2da99-ão-correta-e-exibir-vitória-Mobile-Chrome/error-context.md
]]>
</failure>
<system-out>
<![CDATA[
[[ATTACHMENT|accusation-flow-Sistema-de-2da99-ão-correta-e-exibir-vitória-Mobile-Chrome/test-failed-1.png]]

[[ATTACHMENT|accusation-flow-Sistema-de-2da99-ão-correta-e-exibir-vitória-Mobile-Chrome/video.webm]]

[[ATTACHMENT|accusation-flow-Sistema-de-2da99-ão-correta-e-exibir-vitória-Mobile-Chrome/error-context.md]]
]]>
</system-out>
</testcase>
<testcase name="Sistema de Acusação - Testes Funcionais Completos › deve processar acusação incorreta e exibir derrota" classname="accusation-flow.spec.ts" time="21.68">
<failure message="accusation-flow.spec.ts:75:7 deve processar acusação incorreta e exibir derrota" type="FAILURE">
<![CDATA[  [Mobile Chrome] › accusation-flow.spec.ts:75:7 › Sistema de Acusação - Testes Funcionais Completos › deve processar acusação incorreta e exibir derrota 

    Error: Timed out 10000ms waiting for expect(locator).toBeVisible()

    Locator: locator('[data-testid="investigation-map"], .investigation-map')
    Expected: visible
    Received: <element(s) not found>
    Call log:
      - Expect "toBeVisible" with timeout 10000ms
      - waiting for locator('[data-testid="investigation-map"], .investigation-map')


       at pages/InvestigationPage.ts:104

      102 |     // Aguardar elementos principais da investigação
      103 |     await expect(this.gameTitle).toBeVisible()
    > 104 |     await expect(this.investigationMap).toBeVisible()
          |                                         ^
      105 |   }
      106 |
      107 |   /**
        at InvestigationPage.waitForLoad (/Users/thamiresfernandesmendes/Desktop/NovoProjeto/criminal-minds-game/tests/functional/pages/InvestigationPage.ts:104:41)
        at InvestigationPage.goto (/Users/thamiresfernandesmendes/Desktop/NovoProjeto/criminal-minds-game/tests/functional/pages/InvestigationPage.ts:93:5)
        at /Users/thamiresfernandesmendes/Desktop/NovoProjeto/criminal-minds-game/tests/functional/accusation-flow.spec.ts:28:5

    attachment #1: screenshot (image/png) ──────────────────────────────────────────────────────────
    ../../test-results/accusation-flow-Sistema-de-a9794--incorreta-e-exibir-derrota-Mobile-Chrome/test-failed-1.png
    ────────────────────────────────────────────────────────────────────────────────────────────────

    attachment #2: video (video/webm) ──────────────────────────────────────────────────────────────
    ../../test-results/accusation-flow-Sistema-de-a9794--incorreta-e-exibir-derrota-Mobile-Chrome/video.webm
    ────────────────────────────────────────────────────────────────────────────────────────────────

    Error Context: ../../test-results/accusation-flow-Sistema-de-a9794--incorreta-e-exibir-derrota-Mobile-Chrome/error-context.md
]]>
</failure>
<system-out>
<![CDATA[
[[ATTACHMENT|accusation-flow-Sistema-de-a9794--incorreta-e-exibir-derrota-Mobile-Chrome/test-failed-1.png]]

[[ATTACHMENT|accusation-flow-Sistema-de-a9794--incorreta-e-exibir-derrota-Mobile-Chrome/video.webm]]

[[ATTACHMENT|accusation-flow-Sistema-de-a9794--incorreta-e-exibir-derrota-Mobile-Chrome/error-context.md]]
]]>
</system-out>
</testcase>
<testcase name="Sistema de Acusação - Testes Funcionais Completos › deve validar dados obrigatórios no formulário de acusação" classname="accusation-flow.spec.ts" time="24.582">
<failure message="accusation-flow.spec.ts:108:7 deve validar dados obrigatórios no formulário de acusação" type="FAILURE">
<![CDATA[  [Mobile Chrome] › accusation-flow.spec.ts:108:7 › Sistema de Acusação - Testes Funcionais Completos › deve validar dados obrigatórios no formulário de acusação 

    Error: Timed out 10000ms waiting for expect(locator).toBeVisible()

    Locator: locator('[data-testid="investigation-map"], .investigation-map')
    Expected: visible
    Received: <element(s) not found>
    Call log:
      - Expect "toBeVisible" with timeout 10000ms
      - waiting for locator('[data-testid="investigation-map"], .investigation-map')


       at pages/InvestigationPage.ts:104

      102 |     // Aguardar elementos principais da investigação
      103 |     await expect(this.gameTitle).toBeVisible()
    > 104 |     await expect(this.investigationMap).toBeVisible()
          |                                         ^
      105 |   }
      106 |
      107 |   /**
        at InvestigationPage.waitForLoad (/Users/thamiresfernandesmendes/Desktop/NovoProjeto/criminal-minds-game/tests/functional/pages/InvestigationPage.ts:104:41)
        at InvestigationPage.goto (/Users/thamiresfernandesmendes/Desktop/NovoProjeto/criminal-minds-game/tests/functional/pages/InvestigationPage.ts:93:5)
        at /Users/thamiresfernandesmendes/Desktop/NovoProjeto/criminal-minds-game/tests/functional/accusation-flow.spec.ts:28:5

    attachment #1: screenshot (image/png) ──────────────────────────────────────────────────────────
    ../../test-results/accusation-flow-Sistema-de-8cdbe-s-no-formulário-de-acusação-Mobile-Chrome/test-failed-1.png
    ────────────────────────────────────────────────────────────────────────────────────────────────

    attachment #2: video (video/webm) ──────────────────────────────────────────────────────────────
    ../../test-results/accusation-flow-Sistema-de-8cdbe-s-no-formulário-de-acusação-Mobile-Chrome/video.webm
    ────────────────────────────────────────────────────────────────────────────────────────────────

    Error Context: ../../test-results/accusation-flow-Sistema-de-8cdbe-s-no-formulário-de-acusação-Mobile-Chrome/error-context.md
]]>
</failure>
<system-out>
<![CDATA[
[[ATTACHMENT|accusation-flow-Sistema-de-8cdbe-s-no-formulário-de-acusação-Mobile-Chrome/test-failed-1.png]]

[[ATTACHMENT|accusation-flow-Sistema-de-8cdbe-s-no-formulário-de-acusação-Mobile-Chrome/video.webm]]

[[ATTACHMENT|accusation-flow-Sistema-de-8cdbe-s-no-formulário-de-acusação-Mobile-Chrome/error-context.md]]
]]>
</system-out>
</testcase>
<testcase name="Sistema de Acusação - Testes Funcionais Completos › deve atualizar contador de caracteres em tempo real" classname="accusation-flow.spec.ts" time="19.1">
<failure message="accusation-flow.spec.ts:137:7 deve atualizar contador de caracteres em tempo real" type="FAILURE">
<![CDATA[  [Mobile Chrome] › accusation-flow.spec.ts:137:7 › Sistema de Acusação - Testes Funcionais Completos › deve atualizar contador de caracteres em tempo real 

    Error: Timed out 10000ms waiting for expect(locator).toBeVisible()

    Locator: locator('[data-testid="investigation-map"], .investigation-map')
    Expected: visible
    Received: <element(s) not found>
    Call log:
      - Expect "toBeVisible" with timeout 10000ms
      - waiting for locator('[data-testid="investigation-map"], .investigation-map')


       at pages/InvestigationPage.ts:104

      102 |     // Aguardar elementos principais da investigação
      103 |     await expect(this.gameTitle).toBeVisible()
    > 104 |     await expect(this.investigationMap).toBeVisible()
          |                                         ^
      105 |   }
      106 |
      107 |   /**
        at InvestigationPage.waitForLoad (/Users/thamiresfernandesmendes/Desktop/NovoProjeto/criminal-minds-game/tests/functional/pages/InvestigationPage.ts:104:41)
        at InvestigationPage.goto (/Users/thamiresfernandesmendes/Desktop/NovoProjeto/criminal-minds-game/tests/functional/pages/InvestigationPage.ts:93:5)
        at /Users/thamiresfernandesmendes/Desktop/NovoProjeto/criminal-minds-game/tests/functional/accusation-flow.spec.ts:28:5

    attachment #1: screenshot (image/png) ──────────────────────────────────────────────────────────
    ../../test-results/accusation-flow-Sistema-de-ed2dc-de-caracteres-em-tempo-real-Mobile-Chrome/test-failed-1.png
    ────────────────────────────────────────────────────────────────────────────────────────────────

    attachment #2: video (video/webm) ──────────────────────────────────────────────────────────────
    ../../test-results/accusation-flow-Sistema-de-ed2dc-de-caracteres-em-tempo-real-Mobile-Chrome/video.webm
    ────────────────────────────────────────────────────────────────────────────────────────────────

    Error Context: ../../test-results/accusation-flow-Sistema-de-ed2dc-de-caracteres-em-tempo-real-Mobile-Chrome/error-context.md
]]>
</failure>
<system-out>
<![CDATA[
[[ATTACHMENT|accusation-flow-Sistema-de-ed2dc-de-caracteres-em-tempo-real-Mobile-Chrome/test-failed-1.png]]

[[ATTACHMENT|accusation-flow-Sistema-de-ed2dc-de-caracteres-em-tempo-real-Mobile-Chrome/video.webm]]

[[ATTACHMENT|accusation-flow-Sistema-de-ed2dc-de-caracteres-em-tempo-real-Mobile-Chrome/error-context.md]]
]]>
</system-out>
</testcase>
<testcase name="Sistema de Acusação - Testes Funcionais Completos › deve permitir cancelar acusação sem efeitos colaterais" classname="accusation-flow.spec.ts" time="28.21">
<failure message="accusation-flow.spec.ts:165:7 deve permitir cancelar acusação sem efeitos colaterais" type="FAILURE">
<![CDATA[  [Mobile Chrome] › accusation-flow.spec.ts:165:7 › Sistema de Acusação - Testes Funcionais Completos › deve permitir cancelar acusação sem efeitos colaterais 

    Error: Timed out 10000ms waiting for expect(locator).toBeVisible()

    Locator: locator('[data-testid="investigation-map"], .investigation-map')
    Expected: visible
    Received: <element(s) not found>
    Call log:
      - Expect "toBeVisible" with timeout 10000ms
      - waiting for locator('[data-testid="investigation-map"], .investigation-map')


       at pages/InvestigationPage.ts:104

      102 |     // Aguardar elementos principais da investigação
      103 |     await expect(this.gameTitle).toBeVisible()
    > 104 |     await expect(this.investigationMap).toBeVisible()
          |                                         ^
      105 |   }
      106 |
      107 |   /**
        at InvestigationPage.waitForLoad (/Users/thamiresfernandesmendes/Desktop/NovoProjeto/criminal-minds-game/tests/functional/pages/InvestigationPage.ts:104:41)
        at InvestigationPage.goto (/Users/thamiresfernandesmendes/Desktop/NovoProjeto/criminal-minds-game/tests/functional/pages/InvestigationPage.ts:93:5)
        at /Users/thamiresfernandesmendes/Desktop/NovoProjeto/criminal-minds-game/tests/functional/accusation-flow.spec.ts:28:5

    attachment #1: screenshot (image/png) ──────────────────────────────────────────────────────────
    ../../test-results/accusation-flow-Sistema-de-0ab86-ação-sem-efeitos-colaterais-Mobile-Chrome/test-failed-1.png
    ────────────────────────────────────────────────────────────────────────────────────────────────

    attachment #2: video (video/webm) ──────────────────────────────────────────────────────────────
    ../../test-results/accusation-flow-Sistema-de-0ab86-ação-sem-efeitos-colaterais-Mobile-Chrome/video.webm
    ────────────────────────────────────────────────────────────────────────────────────────────────

    Error Context: ../../test-results/accusation-flow-Sistema-de-0ab86-ação-sem-efeitos-colaterais-Mobile-Chrome/error-context.md
]]>
</failure>
<system-out>
<![CDATA[
[[ATTACHMENT|accusation-flow-Sistema-de-0ab86-ação-sem-efeitos-colaterais-Mobile-Chrome/test-failed-1.png]]

[[ATTACHMENT|accusation-flow-Sistema-de-0ab86-ação-sem-efeitos-colaterais-Mobile-Chrome/video.webm]]

[[ATTACHMENT|accusation-flow-Sistema-de-0ab86-ação-sem-efeitos-colaterais-Mobile-Chrome/error-context.md]]
]]>
</system-out>
</testcase>
<testcase name="Sistema de Acusação - Testes Funcionais Completos › deve executar fluxo end-to-end completo com sucesso" classname="accusation-flow.spec.ts" time="25.637">
<failure message="accusation-flow.spec.ts:194:7 deve executar fluxo end-to-end completo com sucesso" type="FAILURE">
<![CDATA[  [Mobile Chrome] › accusation-flow.spec.ts:194:7 › Sistema de Acusação - Testes Funcionais Completos › deve executar fluxo end-to-end completo com sucesso 

    Error: Timed out 10000ms waiting for expect(locator).toBeVisible()

    Locator: locator('[data-testid="investigation-map"], .investigation-map')
    Expected: visible
    Received: <element(s) not found>
    Call log:
      - Expect "toBeVisible" with timeout 10000ms
      - waiting for locator('[data-testid="investigation-map"], .investigation-map')


       at pages/InvestigationPage.ts:104

      102 |     // Aguardar elementos principais da investigação
      103 |     await expect(this.gameTitle).toBeVisible()
    > 104 |     await expect(this.investigationMap).toBeVisible()
          |                                         ^
      105 |   }
      106 |
      107 |   /**
        at InvestigationPage.waitForLoad (/Users/thamiresfernandesmendes/Desktop/NovoProjeto/criminal-minds-game/tests/functional/pages/InvestigationPage.ts:104:41)
        at InvestigationPage.goto (/Users/thamiresfernandesmendes/Desktop/NovoProjeto/criminal-minds-game/tests/functional/pages/InvestigationPage.ts:93:5)
        at /Users/thamiresfernandesmendes/Desktop/NovoProjeto/criminal-minds-game/tests/functional/accusation-flow.spec.ts:28:5

    attachment #1: screenshot (image/png) ──────────────────────────────────────────────────────────
    ../../test-results/accusation-flow-Sistema-de-3154e-to-end-completo-com-sucesso-Mobile-Chrome/test-failed-1.png
    ────────────────────────────────────────────────────────────────────────────────────────────────

    attachment #2: video (video/webm) ──────────────────────────────────────────────────────────────
    ../../test-results/accusation-flow-Sistema-de-3154e-to-end-completo-com-sucesso-Mobile-Chrome/video.webm
    ────────────────────────────────────────────────────────────────────────────────────────────────

    Error Context: ../../test-results/accusation-flow-Sistema-de-3154e-to-end-completo-com-sucesso-Mobile-Chrome/error-context.md
]]>
</failure>
<system-out>
<![CDATA[
[[ATTACHMENT|accusation-flow-Sistema-de-3154e-to-end-completo-com-sucesso-Mobile-Chrome/test-failed-1.png]]

[[ATTACHMENT|accusation-flow-Sistema-de-3154e-to-end-completo-com-sucesso-Mobile-Chrome/video.webm]]

[[ATTACHMENT|accusation-flow-Sistema-de-3154e-to-end-completo-com-sucesso-Mobile-Chrome/error-context.md]]
]]>
</system-out>
</testcase>
<testcase name="Sistema de Acusação - Testes Funcionais Completos › deve funcionar corretamente em diferentes resoluções" classname="accusation-flow.spec.ts" time="25.844">
<failure message="accusation-flow.spec.ts:243:7 deve funcionar corretamente em diferentes resoluções" type="FAILURE">
<![CDATA[  [Mobile Chrome] › accusation-flow.spec.ts:243:7 › Sistema de Acusação - Testes Funcionais Completos › deve funcionar corretamente em diferentes resoluções 

    Error: Timed out 10000ms waiting for expect(locator).toBeVisible()

    Locator: locator('[data-testid="investigation-map"], .investigation-map')
    Expected: visible
    Received: <element(s) not found>
    Call log:
      - Expect "toBeVisible" with timeout 10000ms
      - waiting for locator('[data-testid="investigation-map"], .investigation-map')


       at pages/InvestigationPage.ts:104

      102 |     // Aguardar elementos principais da investigação
      103 |     await expect(this.gameTitle).toBeVisible()
    > 104 |     await expect(this.investigationMap).toBeVisible()
          |                                         ^
      105 |   }
      106 |
      107 |   /**
        at InvestigationPage.waitForLoad (/Users/thamiresfernandesmendes/Desktop/NovoProjeto/criminal-minds-game/tests/functional/pages/InvestigationPage.ts:104:41)
        at InvestigationPage.goto (/Users/thamiresfernandesmendes/Desktop/NovoProjeto/criminal-minds-game/tests/functional/pages/InvestigationPage.ts:93:5)
        at /Users/thamiresfernandesmendes/Desktop/NovoProjeto/criminal-minds-game/tests/functional/accusation-flow.spec.ts:28:5

    attachment #1: screenshot (image/png) ──────────────────────────────────────────────────────────
    ../../test-results/accusation-flow-Sistema-de-923f7-te-em-diferentes-resoluções-Mobile-Chrome/test-failed-1.png
    ────────────────────────────────────────────────────────────────────────────────────────────────

    attachment #2: video (video/webm) ──────────────────────────────────────────────────────────────
    ../../test-results/accusation-flow-Sistema-de-923f7-te-em-diferentes-resoluções-Mobile-Chrome/video.webm
    ────────────────────────────────────────────────────────────────────────────────────────────────

    Error Context: ../../test-results/accusation-flow-Sistema-de-923f7-te-em-diferentes-resoluções-Mobile-Chrome/error-context.md
]]>
</failure>
<system-out>
<![CDATA[
[[ATTACHMENT|accusation-flow-Sistema-de-923f7-te-em-diferentes-resoluções-Mobile-Chrome/test-failed-1.png]]

[[ATTACHMENT|accusation-flow-Sistema-de-923f7-te-em-diferentes-resoluções-Mobile-Chrome/video.webm]]

[[ATTACHMENT|accusation-flow-Sistema-de-923f7-te-em-diferentes-resoluções-Mobile-Chrome/error-context.md]]
]]>
</system-out>
</testcase>
<testcase name="Sistema de Acusação - Testes Funcionais Completos › deve atender requisitos básicos de acessibilidade" classname="accusation-flow.spec.ts" time="25.437">
<failure message="accusation-flow.spec.ts:274:7 deve atender requisitos básicos de acessibilidade" type="FAILURE">
<![CDATA[  [Mobile Chrome] › accusation-flow.spec.ts:274:7 › Sistema de Acusação - Testes Funcionais Completos › deve atender requisitos básicos de acessibilidade 

    Error: Timed out 10000ms waiting for expect(locator).toBeVisible()

    Locator: locator('[data-testid="investigation-map"], .investigation-map')
    Expected: visible
    Received: <element(s) not found>
    Call log:
      - Expect "toBeVisible" with timeout 10000ms
      - waiting for locator('[data-testid="investigation-map"], .investigation-map')


       at pages/InvestigationPage.ts:104

      102 |     // Aguardar elementos principais da investigação
      103 |     await expect(this.gameTitle).toBeVisible()
    > 104 |     await expect(this.investigationMap).toBeVisible()
          |                                         ^
      105 |   }
      106 |
      107 |   /**
        at InvestigationPage.waitForLoad (/Users/thamiresfernandesmendes/Desktop/NovoProjeto/criminal-minds-game/tests/functional/pages/InvestigationPage.ts:104:41)
        at InvestigationPage.goto (/Users/thamiresfernandesmendes/Desktop/NovoProjeto/criminal-minds-game/tests/functional/pages/InvestigationPage.ts:93:5)
        at /Users/thamiresfernandesmendes/Desktop/NovoProjeto/criminal-minds-game/tests/functional/accusation-flow.spec.ts:28:5

    attachment #1: screenshot (image/png) ──────────────────────────────────────────────────────────
    ../../test-results/accusation-flow-Sistema-de-b8387-s-básicos-de-acessibilidade-Mobile-Chrome/test-failed-1.png
    ────────────────────────────────────────────────────────────────────────────────────────────────

    attachment #2: video (video/webm) ──────────────────────────────────────────────────────────────
    ../../test-results/accusation-flow-Sistema-de-b8387-s-básicos-de-acessibilidade-Mobile-Chrome/video.webm
    ────────────────────────────────────────────────────────────────────────────────────────────────

    Error Context: ../../test-results/accusation-flow-Sistema-de-b8387-s-básicos-de-acessibilidade-Mobile-Chrome/error-context.md
]]>
</failure>
<system-out>
<![CDATA[
[[ATTACHMENT|accusation-flow-Sistema-de-b8387-s-básicos-de-acessibilidade-Mobile-Chrome/test-failed-1.png]]

[[ATTACHMENT|accusation-flow-Sistema-de-b8387-s-básicos-de-acessibilidade-Mobile-Chrome/video.webm]]

[[ATTACHMENT|accusation-flow-Sistema-de-b8387-s-básicos-de-acessibilidade-Mobile-Chrome/error-context.md]]
]]>
</system-out>
</testcase>
<testcase name="Sistema de Acusação - Testes Funcionais Completos › deve se recuperar graciosamente de erros de rede" classname="accusation-flow.spec.ts" time="22.021">
<failure message="accusation-flow.spec.ts:302:7 deve se recuperar graciosamente de erros de rede" type="FAILURE">
<![CDATA[  [Mobile Chrome] › accusation-flow.spec.ts:302:7 › Sistema de Acusação - Testes Funcionais Completos › deve se recuperar graciosamente de erros de rede 

    Error: Timed out 10000ms waiting for expect(locator).toBeVisible()

    Locator: locator('[data-testid="investigation-map"], .investigation-map')
    Expected: visible
    Received: <element(s) not found>
    Call log:
      - Expect "toBeVisible" with timeout 10000ms
      - waiting for locator('[data-testid="investigation-map"], .investigation-map')


       at pages/InvestigationPage.ts:104

      102 |     // Aguardar elementos principais da investigação
      103 |     await expect(this.gameTitle).toBeVisible()
    > 104 |     await expect(this.investigationMap).toBeVisible()
          |                                         ^
      105 |   }
      106 |
      107 |   /**
        at InvestigationPage.waitForLoad (/Users/thamiresfernandesmendes/Desktop/NovoProjeto/criminal-minds-game/tests/functional/pages/InvestigationPage.ts:104:41)
        at InvestigationPage.goto (/Users/thamiresfernandesmendes/Desktop/NovoProjeto/criminal-minds-game/tests/functional/pages/InvestigationPage.ts:93:5)
        at /Users/thamiresfernandesmendes/Desktop/NovoProjeto/criminal-minds-game/tests/functional/accusation-flow.spec.ts:28:5

    attachment #1: screenshot (image/png) ──────────────────────────────────────────────────────────
    ../../test-results/accusation-flow-Sistema-de-b9fb3-ciosamente-de-erros-de-rede-Mobile-Chrome/test-failed-1.png
    ────────────────────────────────────────────────────────────────────────────────────────────────

    attachment #2: video (video/webm) ──────────────────────────────────────────────────────────────
    ../../test-results/accusation-flow-Sistema-de-b9fb3-ciosamente-de-erros-de-rede-Mobile-Chrome/video.webm
    ────────────────────────────────────────────────────────────────────────────────────────────────

    Error Context: ../../test-results/accusation-flow-Sistema-de-b9fb3-ciosamente-de-erros-de-rede-Mobile-Chrome/error-context.md
]]>
</failure>
<system-out>
<![CDATA[
[[ATTACHMENT|accusation-flow-Sistema-de-b9fb3-ciosamente-de-erros-de-rede-Mobile-Chrome/test-failed-1.png]]

[[ATTACHMENT|accusation-flow-Sistema-de-b9fb3-ciosamente-de-erros-de-rede-Mobile-Chrome/video.webm]]

[[ATTACHMENT|accusation-flow-Sistema-de-b9fb3-ciosamente-de-erros-de-rede-Mobile-Chrome/error-context.md]]
]]>
</system-out>
</testcase>
</testsuite>
<testsuite name="navigation-flow.spec.ts" timestamp="2025-07-26T13:50:52.835Z" hostname="Mobile Chrome" tests="11" failures="10" skipped="0" time="222.116" errors="0">
<testcase name="Sistema de Navegação - Testes Funcionais › deve navegar corretamente desde página inicial" classname="navigation-flow.spec.ts" time="25.146">
<failure message="navigation-flow.spec.ts:25:7 deve navegar corretamente desde página inicial" type="FAILURE">
<![CDATA[  [Mobile Chrome] › navigation-flow.spec.ts:25:7 › Sistema de Navegação - Testes Funcionais › deve navegar corretamente desde página inicial 

    Error: Timed out 10000ms waiting for expect(locator).toBeVisible()

    Locator: locator('nav, [data-testid="navigation"]')
    Expected: visible
    Received: <element(s) not found>
    Call log:
      - Expect "toBeVisible" with timeout 10000ms
      - waiting for locator('nav, [data-testid="navigation"]')


       at pages/HomePage.ts:119

      117 |     
      118 |     // Verificar navegação principal
    > 119 |     await expect(this.navigationMenu).toBeVisible()
          |                                       ^
      120 |     
      121 |     // Verificar botões principais (pelo menos um deve estar visível)
      122 |     const mainButtons = [
        at HomePage.verifyPageElements (/Users/thamiresfernandesmendes/Desktop/NovoProjeto/criminal-minds-game/tests/functional/pages/HomePage.ts:119:39)
        at /Users/thamiresfernandesmendes/Desktop/NovoProjeto/criminal-minds-game/tests/functional/navigation-flow.spec.ts:28:5

    attachment #1: screenshot (image/png) ──────────────────────────────────────────────────────────
    ../../test-results/navigation-flow-Sistema-de-1e7a5-amente-desde-página-inicial-Mobile-Chrome/test-failed-1.png
    ────────────────────────────────────────────────────────────────────────────────────────────────

    attachment #2: video (video/webm) ──────────────────────────────────────────────────────────────
    ../../test-results/navigation-flow-Sistema-de-1e7a5-amente-desde-página-inicial-Mobile-Chrome/video.webm
    ────────────────────────────────────────────────────────────────────────────────────────────────

    Error Context: ../../test-results/navigation-flow-Sistema-de-1e7a5-amente-desde-página-inicial-Mobile-Chrome/error-context.md
]]>
</failure>
<system-out>
<![CDATA[
[[ATTACHMENT|navigation-flow-Sistema-de-1e7a5-amente-desde-página-inicial-Mobile-Chrome/test-failed-1.png]]

[[ATTACHMENT|navigation-flow-Sistema-de-1e7a5-amente-desde-página-inicial-Mobile-Chrome/video.webm]]

[[ATTACHMENT|navigation-flow-Sistema-de-1e7a5-amente-desde-página-inicial-Mobile-Chrome/error-context.md]]
]]>
</system-out>
</testcase>
<testcase name="Sistema de Navegação - Testes Funcionais › deve acessar configurações e retornar" classname="navigation-flow.spec.ts" time="25.371">
<failure message="navigation-flow.spec.ts:48:7 deve acessar configurações e retornar" type="FAILURE">
<![CDATA[  [Mobile Chrome] › navigation-flow.spec.ts:48:7 › Sistema de Navegação - Testes Funcionais › deve acessar configurações e retornar 

    TimeoutError: locator.click: Timeout 10000ms exceeded.
    Call log:
      - waiting for locator('button:has-text("Configurações"), a[href="/settings"]')


       at pages/HomePage.ts:87

      85 |    */
      86 |   async goToSettings() {
    > 87 |     await this.settingsButton.click()
         |                               ^
      88 |     await this.page.waitForURL('**/settings')
      89 |   }
      90 |
        at HomePage.goToSettings (/Users/thamiresfernandesmendes/Desktop/NovoProjeto/criminal-minds-game/tests/functional/pages/HomePage.ts:87:31)
        at /Users/thamiresfernandesmendes/Desktop/NovoProjeto/criminal-minds-game/tests/functional/navigation-flow.spec.ts:53:20

    attachment #1: screenshot (image/png) ──────────────────────────────────────────────────────────
    ../../test-results/navigation-flow-Sistema-de-9de14-ar-configurações-e-retornar-Mobile-Chrome/test-failed-1.png
    ────────────────────────────────────────────────────────────────────────────────────────────────

    attachment #2: video (video/webm) ──────────────────────────────────────────────────────────────
    ../../test-results/navigation-flow-Sistema-de-9de14-ar-configurações-e-retornar-Mobile-Chrome/video.webm
    ────────────────────────────────────────────────────────────────────────────────────────────────

    Error Context: ../../test-results/navigation-flow-Sistema-de-9de14-ar-configurações-e-retornar-Mobile-Chrome/error-context.md
]]>
</failure>
<system-out>
<![CDATA[
[[ATTACHMENT|navigation-flow-Sistema-de-9de14-ar-configurações-e-retornar-Mobile-Chrome/test-failed-1.png]]

[[ATTACHMENT|navigation-flow-Sistema-de-9de14-ar-configurações-e-retornar-Mobile-Chrome/video.webm]]

[[ATTACHMENT|navigation-flow-Sistema-de-9de14-ar-configurações-e-retornar-Mobile-Chrome/error-context.md]]
]]>
</system-out>
</testcase>
<testcase name="Sistema de Navegação - Testes Funcionais › deve permitir acesso direto à investigação" classname="navigation-flow.spec.ts" time="22.059">
<failure message="navigation-flow.spec.ts:71:7 deve permitir acesso direto à investigação" type="FAILURE">
<![CDATA[  [Mobile Chrome] › navigation-flow.spec.ts:71:7 › Sistema de Navegação - Testes Funcionais › deve permitir acesso direto à investigação 

    Error: Timed out 10000ms waiting for expect(locator).toBeVisible()

    Locator: locator('[data-testid="investigation-map"], .investigation-map')
    Expected: visible
    Received: <element(s) not found>
    Call log:
      - Expect "toBeVisible" with timeout 10000ms
      - waiting for locator('[data-testid="investigation-map"], .investigation-map')


       at pages/InvestigationPage.ts:104

      102 |     // Aguardar elementos principais da investigação
      103 |     await expect(this.gameTitle).toBeVisible()
    > 104 |     await expect(this.investigationMap).toBeVisible()
          |                                         ^
      105 |   }
      106 |
      107 |   /**
        at InvestigationPage.waitForLoad (/Users/thamiresfernandesmendes/Desktop/NovoProjeto/criminal-minds-game/tests/functional/pages/InvestigationPage.ts:104:41)
        at InvestigationPage.goto (/Users/thamiresfernandesmendes/Desktop/NovoProjeto/criminal-minds-game/tests/functional/pages/InvestigationPage.ts:93:5)
        at /Users/thamiresfernandesmendes/Desktop/NovoProjeto/criminal-minds-game/tests/functional/navigation-flow.spec.ts:73:5

    attachment #1: screenshot (image/png) ──────────────────────────────────────────────────────────
    ../../test-results/navigation-flow-Sistema-de-a2955-cesso-direto-à-investigação-Mobile-Chrome/test-failed-1.png
    ────────────────────────────────────────────────────────────────────────────────────────────────

    attachment #2: video (video/webm) ──────────────────────────────────────────────────────────────
    ../../test-results/navigation-flow-Sistema-de-a2955-cesso-direto-à-investigação-Mobile-Chrome/video.webm
    ────────────────────────────────────────────────────────────────────────────────────────────────

    Error Context: ../../test-results/navigation-flow-Sistema-de-a2955-cesso-direto-à-investigação-Mobile-Chrome/error-context.md
]]>
</failure>
<system-out>
<![CDATA[
[[ATTACHMENT|navigation-flow-Sistema-de-a2955-cesso-direto-à-investigação-Mobile-Chrome/test-failed-1.png]]

[[ATTACHMENT|navigation-flow-Sistema-de-a2955-cesso-direto-à-investigação-Mobile-Chrome/video.webm]]

[[ATTACHMENT|navigation-flow-Sistema-de-a2955-cesso-direto-à-investigação-Mobile-Chrome/error-context.md]]
]]>
</system-out>
</testcase>
<testcase name="Sistema de Navegação - Testes Funcionais › deve executar fluxo completo: home → lobby → jogo → resultado" classname="navigation-flow.spec.ts" time="16.058">
<failure message="navigation-flow.spec.ts:95:7 deve executar fluxo completo: home → lobby → jogo → resultado" type="FAILURE">
<![CDATA[  [Mobile Chrome] › navigation-flow.spec.ts:95:7 › Sistema de Navegação - Testes Funcionais › deve executar fluxo completo: home → lobby → jogo → resultado 

    TimeoutError: locator.click: Timeout 10000ms exceeded.
    Call log:
      - waiting for locator('button:has-text("Lobby"), a[href="/lobby"]')


       at pages/HomePage.ts:79

      77 |    */
      78 |   async goToLobby() {
    > 79 |     await this.lobbyButton.click()
         |                            ^
      80 |     await this.page.waitForURL('**/lobby')
      81 |   }
      82 |
        at HomePage.goToLobby (/Users/thamiresfernandesmendes/Desktop/NovoProjeto/criminal-minds-game/tests/functional/pages/HomePage.ts:79:28)
        at /Users/thamiresfernandesmendes/Desktop/NovoProjeto/criminal-minds-game/tests/functional/navigation-flow.spec.ts:102:20

    attachment #1: screenshot (image/png) ──────────────────────────────────────────────────────────
    ../../test-results/navigation-flow-Sistema-de-cdcda--→-lobby-→-jogo-→-resultado-Mobile-Chrome/test-failed-1.png
    ────────────────────────────────────────────────────────────────────────────────────────────────

    attachment #2: video (video/webm) ──────────────────────────────────────────────────────────────
    ../../test-results/navigation-flow-Sistema-de-cdcda--→-lobby-→-jogo-→-resultado-Mobile-Chrome/video.webm
    ────────────────────────────────────────────────────────────────────────────────────────────────

    Error Context: ../../test-results/navigation-flow-Sistema-de-cdcda--→-lobby-→-jogo-→-resultado-Mobile-Chrome/error-context.md
]]>
</failure>
<system-out>
<![CDATA[
[[ATTACHMENT|navigation-flow-Sistema-de-cdcda--→-lobby-→-jogo-→-resultado-Mobile-Chrome/test-failed-1.png]]

[[ATTACHMENT|navigation-flow-Sistema-de-cdcda--→-lobby-→-jogo-→-resultado-Mobile-Chrome/video.webm]]

[[ATTACHMENT|navigation-flow-Sistema-de-cdcda--→-lobby-→-jogo-→-resultado-Mobile-Chrome/error-context.md]]
]]>
</system-out>
</testcase>
<testcase name="Sistema de Navegação - Testes Funcionais › deve funcionar corretamente em múltiplas abas" classname="navigation-flow.spec.ts" time="22.497">
<failure message="navigation-flow.spec.ts:139:7 deve funcionar corretamente em múltiplas abas" type="FAILURE">
<![CDATA[  [Mobile Chrome] › navigation-flow.spec.ts:139:7 › Sistema de Navegação - Testes Funcionais › deve funcionar corretamente em múltiplas abas 

    Error: Timed out 10000ms waiting for expect(locator).toBeVisible()

    Locator: locator('nav, [data-testid="navigation"]')
    Expected: visible
    Received: <element(s) not found>
    Call log:
      - Expect "toBeVisible" with timeout 10000ms
      - waiting for locator('nav, [data-testid="navigation"]')


       at pages/HomePage.ts:119

      117 |     
      118 |     // Verificar navegação principal
    > 119 |     await expect(this.navigationMenu).toBeVisible()
          |                                       ^
      120 |     
      121 |     // Verificar botões principais (pelo menos um deve estar visível)
      122 |     const mainButtons = [
        at HomePage.verifyPageElements (/Users/thamiresfernandesmendes/Desktop/NovoProjeto/criminal-minds-game/tests/functional/pages/HomePage.ts:119:39)
        at /Users/thamiresfernandesmendes/Desktop/NovoProjeto/criminal-minds-game/tests/functional/navigation-flow.spec.ts:157:5

    attachment #1: screenshot (image/png) ──────────────────────────────────────────────────────────
    ../../test-results/navigation-flow-Sistema-de-13ff8-retamente-em-múltiplas-abas-Mobile-Chrome/test-failed-3.png
    ────────────────────────────────────────────────────────────────────────────────────────────────

    attachment #2: screenshot (image/png) ──────────────────────────────────────────────────────────
    ../../test-results/navigation-flow-Sistema-de-13ff8-retamente-em-múltiplas-abas-Mobile-Chrome/test-failed-1.png
    ────────────────────────────────────────────────────────────────────────────────────────────────

    attachment #3: screenshot (image/png) ──────────────────────────────────────────────────────────
    ../../test-results/navigation-flow-Sistema-de-13ff8-retamente-em-múltiplas-abas-Mobile-Chrome/test-failed-2.png
    ────────────────────────────────────────────────────────────────────────────────────────────────

    attachment #4: video (video/webm) ──────────────────────────────────────────────────────────────
    ../../test-results/navigation-flow-Sistema-de-13ff8-retamente-em-múltiplas-abas-Mobile-Chrome/video.webm
    ────────────────────────────────────────────────────────────────────────────────────────────────

    Error Context: ../../test-results/navigation-flow-Sistema-de-13ff8-retamente-em-múltiplas-abas-Mobile-Chrome/error-context.md
]]>
</failure>
<system-out>
<![CDATA[
[[ATTACHMENT|navigation-flow-Sistema-de-13ff8-retamente-em-múltiplas-abas-Mobile-Chrome/test-failed-3.png]]

[[ATTACHMENT|navigation-flow-Sistema-de-13ff8-retamente-em-múltiplas-abas-Mobile-Chrome/test-failed-1.png]]

[[ATTACHMENT|navigation-flow-Sistema-de-13ff8-retamente-em-múltiplas-abas-Mobile-Chrome/test-failed-2.png]]

[[ATTACHMENT|navigation-flow-Sistema-de-13ff8-retamente-em-múltiplas-abas-Mobile-Chrome/video.webm]]

[[ATTACHMENT|navigation-flow-Sistema-de-13ff8-retamente-em-múltiplas-abas-Mobile-Chrome/error-context.md]]
]]>
</system-out>
</testcase>
<testcase name="Sistema de Navegação - Testes Funcionais › deve lidar corretamente com parâmetros de URL" classname="navigation-flow.spec.ts" time="16.712">
<failure message="navigation-flow.spec.ts:167:7 deve lidar corretamente com parâmetros de URL" type="FAILURE">
<![CDATA[  [Mobile Chrome] › navigation-flow.spec.ts:167:7 › Sistema de Navegação - Testes Funcionais › deve lidar corretamente com parâmetros de URL 

    Error: Timed out 10000ms waiting for expect(locator).toBeVisible()

    Locator: locator('[data-testid="investigation-map"], .investigation-map')
    Expected: visible
    Received: <element(s) not found>
    Call log:
      - Expect "toBeVisible" with timeout 10000ms
      - waiting for locator('[data-testid="investigation-map"], .investigation-map')


       at pages/InvestigationPage.ts:104

      102 |     // Aguardar elementos principais da investigação
      103 |     await expect(this.gameTitle).toBeVisible()
    > 104 |     await expect(this.investigationMap).toBeVisible()
          |                                         ^
      105 |   }
      106 |
      107 |   /**
        at InvestigationPage.waitForLoad (/Users/thamiresfernandesmendes/Desktop/NovoProjeto/criminal-minds-game/tests/functional/pages/InvestigationPage.ts:104:41)
        at InvestigationPage.goto (/Users/thamiresfernandesmendes/Desktop/NovoProjeto/criminal-minds-game/tests/functional/pages/InvestigationPage.ts:93:5)
        at /Users/thamiresfernandesmendes/Desktop/NovoProjeto/criminal-minds-game/tests/functional/navigation-flow.spec.ts:174:5

    attachment #1: screenshot (image/png) ──────────────────────────────────────────────────────────
    ../../test-results/navigation-flow-Sistema-de-1493d-mente-com-parâmetros-de-URL-Mobile-Chrome/test-failed-1.png
    ────────────────────────────────────────────────────────────────────────────────────────────────

    attachment #2: video (video/webm) ──────────────────────────────────────────────────────────────
    ../../test-results/navigation-flow-Sistema-de-1493d-mente-com-parâmetros-de-URL-Mobile-Chrome/video.webm
    ────────────────────────────────────────────────────────────────────────────────────────────────

    Error Context: ../../test-results/navigation-flow-Sistema-de-1493d-mente-com-parâmetros-de-URL-Mobile-Chrome/error-context.md
]]>
</failure>
<system-out>
<![CDATA[
[[ATTACHMENT|navigation-flow-Sistema-de-1493d-mente-com-parâmetros-de-URL-Mobile-Chrome/test-failed-1.png]]

[[ATTACHMENT|navigation-flow-Sistema-de-1493d-mente-com-parâmetros-de-URL-Mobile-Chrome/video.webm]]

[[ATTACHMENT|navigation-flow-Sistema-de-1493d-mente-com-parâmetros-de-URL-Mobile-Chrome/error-context.md]]
]]>
</system-out>
</testcase>
<testcase name="Sistema de Navegação - Testes Funcionais › deve lidar graciosamente com URLs inválidas" classname="navigation-flow.spec.ts" time="9.478">
</testcase>
<testcase name="Sistema de Navegação - Testes Funcionais › deve suportar diferentes métodos de navegação" classname="navigation-flow.spec.ts" time="23.386">
<failure message="navigation-flow.spec.ts:208:7 deve suportar diferentes métodos de navegação" type="FAILURE">
<![CDATA[  [Mobile Chrome] › navigation-flow.spec.ts:208:7 › Sistema de Navegação - Testes Funcionais › deve suportar diferentes métodos de navegação 

    TimeoutError: locator.click: Timeout 10000ms exceeded.
    Call log:
      - waiting for locator('button:has-text("Lobby"), a[href="/lobby"]')


       at pages/HomePage.ts:79

      77 |    */
      78 |   async goToLobby() {
    > 79 |     await this.lobbyButton.click()
         |                            ^
      80 |     await this.page.waitForURL('**/lobby')
      81 |   }
      82 |
        at HomePage.goToLobby (/Users/thamiresfernandesmendes/Desktop/NovoProjeto/criminal-minds-game/tests/functional/pages/HomePage.ts:79:28)
        at /Users/thamiresfernandesmendes/Desktop/NovoProjeto/criminal-minds-game/tests/functional/navigation-flow.spec.ts:211:20

    attachment #1: screenshot (image/png) ──────────────────────────────────────────────────────────
    ../../test-results/navigation-flow-Sistema-de-4fb25-rentes-métodos-de-navegação-Mobile-Chrome/test-failed-1.png
    ────────────────────────────────────────────────────────────────────────────────────────────────

    attachment #2: video (video/webm) ──────────────────────────────────────────────────────────────
    ../../test-results/navigation-flow-Sistema-de-4fb25-rentes-métodos-de-navegação-Mobile-Chrome/video.webm
    ────────────────────────────────────────────────────────────────────────────────────────────────

    Error Context: ../../test-results/navigation-flow-Sistema-de-4fb25-rentes-métodos-de-navegação-Mobile-Chrome/error-context.md
]]>
</failure>
<system-out>
<![CDATA[
[[ATTACHMENT|navigation-flow-Sistema-de-4fb25-rentes-métodos-de-navegação-Mobile-Chrome/test-failed-1.png]]

[[ATTACHMENT|navigation-flow-Sistema-de-4fb25-rentes-métodos-de-navegação-Mobile-Chrome/video.webm]]

[[ATTACHMENT|navigation-flow-Sistema-de-4fb25-rentes-métodos-de-navegação-Mobile-Chrome/error-context.md]]
]]>
</system-out>
</testcase>
<testcase name="Sistema de Navegação - Testes Funcionais › deve navegar corretamente em dispositivos móveis" classname="navigation-flow.spec.ts" time="24.115">
<failure message="navigation-flow.spec.ts:235:7 deve navegar corretamente em dispositivos móveis" type="FAILURE">
<![CDATA[  [Mobile Chrome] › navigation-flow.spec.ts:235:7 › Sistema de Navegação - Testes Funcionais › deve navegar corretamente em dispositivos móveis 

    Error: Timed out 10000ms waiting for expect(locator).toBeVisible()

    Locator: locator('nav, [data-testid="navigation"]')
    Expected: visible
    Received: <element(s) not found>
    Call log:
      - Expect "toBeVisible" with timeout 10000ms
      - waiting for locator('nav, [data-testid="navigation"]')


       at pages/HomePage.ts:119

      117 |     
      118 |     // Verificar navegação principal
    > 119 |     await expect(this.navigationMenu).toBeVisible()
          |                                       ^
      120 |     
      121 |     // Verificar botões principais (pelo menos um deve estar visível)
      122 |     const mainButtons = [
        at HomePage.verifyPageElements (/Users/thamiresfernandesmendes/Desktop/NovoProjeto/criminal-minds-game/tests/functional/pages/HomePage.ts:119:39)
        at /Users/thamiresfernandesmendes/Desktop/NovoProjeto/criminal-minds-game/tests/functional/navigation-flow.spec.ts:241:5

    attachment #1: screenshot (image/png) ──────────────────────────────────────────────────────────
    ../../test-results/navigation-flow-Sistema-de-63fa9-ente-em-dispositivos-móveis-Mobile-Chrome/test-failed-1.png
    ────────────────────────────────────────────────────────────────────────────────────────────────

    attachment #2: video (video/webm) ──────────────────────────────────────────────────────────────
    ../../test-results/navigation-flow-Sistema-de-63fa9-ente-em-dispositivos-móveis-Mobile-Chrome/video.webm
    ────────────────────────────────────────────────────────────────────────────────────────────────

    Error Context: ../../test-results/navigation-flow-Sistema-de-63fa9-ente-em-dispositivos-móveis-Mobile-Chrome/error-context.md
]]>
</failure>
<system-out>
<![CDATA[
[[ATTACHMENT|navigation-flow-Sistema-de-63fa9-ente-em-dispositivos-móveis-Mobile-Chrome/test-failed-1.png]]

[[ATTACHMENT|navigation-flow-Sistema-de-63fa9-ente-em-dispositivos-móveis-Mobile-Chrome/video.webm]]

[[ATTACHMENT|navigation-flow-Sistema-de-63fa9-ente-em-dispositivos-móveis-Mobile-Chrome/error-context.md]]
]]>
</system-out>
</testcase>
<testcase name="Sistema de Navegação - Testes Funcionais › deve navegar com performance adequada" classname="navigation-flow.spec.ts" time="18.292">
<failure message="navigation-flow.spec.ts:266:7 deve navegar com performance adequada" type="FAILURE">
<![CDATA[  [Mobile Chrome] › navigation-flow.spec.ts:266:7 › Sistema de Navegação - Testes Funcionais › deve navegar com performance adequada 

    TimeoutError: locator.click: Timeout 10000ms exceeded.
    Call log:
      - waiting for locator('button:has-text("Lobby"), a[href="/lobby"]')


       at pages/HomePage.ts:79

      77 |    */
      78 |   async goToLobby() {
    > 79 |     await this.lobbyButton.click()
         |                            ^
      80 |     await this.page.waitForURL('**/lobby')
      81 |   }
      82 |
        at HomePage.goToLobby (/Users/thamiresfernandesmendes/Desktop/NovoProjeto/criminal-minds-game/tests/functional/pages/HomePage.ts:79:28)
        at /Users/thamiresfernandesmendes/Desktop/NovoProjeto/criminal-minds-game/tests/functional/navigation-flow.spec.ts:271:20

    attachment #1: screenshot (image/png) ──────────────────────────────────────────────────────────
    ../../test-results/navigation-flow-Sistema-de-041c8-ar-com-performance-adequada-Mobile-Chrome/test-failed-1.png
    ────────────────────────────────────────────────────────────────────────────────────────────────

    attachment #2: video (video/webm) ──────────────────────────────────────────────────────────────
    ../../test-results/navigation-flow-Sistema-de-041c8-ar-com-performance-adequada-Mobile-Chrome/video.webm
    ────────────────────────────────────────────────────────────────────────────────────────────────

    Error Context: ../../test-results/navigation-flow-Sistema-de-041c8-ar-com-performance-adequada-Mobile-Chrome/error-context.md
]]>
</failure>
<system-out>
<![CDATA[
[[ATTACHMENT|navigation-flow-Sistema-de-041c8-ar-com-performance-adequada-Mobile-Chrome/test-failed-1.png]]

[[ATTACHMENT|navigation-flow-Sistema-de-041c8-ar-com-performance-adequada-Mobile-Chrome/video.webm]]

[[ATTACHMENT|navigation-flow-Sistema-de-041c8-ar-com-performance-adequada-Mobile-Chrome/error-context.md]]
]]>
</system-out>
</testcase>
<testcase name="Sistema de Navegação - Testes Funcionais › deve manter estado apropriado durante navegação" classname="navigation-flow.spec.ts" time="19.002">
<failure message="navigation-flow.spec.ts:295:7 deve manter estado apropriado durante navegação" type="FAILURE">
<![CDATA[  [Mobile Chrome] › navigation-flow.spec.ts:295:7 › Sistema de Navegação - Testes Funcionais › deve manter estado apropriado durante navegação 

    TimeoutError: locator.click: Timeout 10000ms exceeded.
    Call log:
      - waiting for locator('button:has-text("Lobby"), a[href="/lobby"]')


       at pages/HomePage.ts:79

      77 |    */
      78 |   async goToLobby() {
    > 79 |     await this.lobbyButton.click()
         |                            ^
      80 |     await this.page.waitForURL('**/lobby')
      81 |   }
      82 |
        at HomePage.goToLobby (/Users/thamiresfernandesmendes/Desktop/NovoProjeto/criminal-minds-game/tests/functional/pages/HomePage.ts:79:28)
        at /Users/thamiresfernandesmendes/Desktop/NovoProjeto/criminal-minds-game/tests/functional/navigation-flow.spec.ts:308:20

    attachment #1: screenshot (image/png) ──────────────────────────────────────────────────────────
    ../../test-results/navigation-flow-Sistema-de-6e9bc-propriado-durante-navegação-Mobile-Chrome/test-failed-1.png
    ────────────────────────────────────────────────────────────────────────────────────────────────

    attachment #2: video (video/webm) ──────────────────────────────────────────────────────────────
    ../../test-results/navigation-flow-Sistema-de-6e9bc-propriado-durante-navegação-Mobile-Chrome/video.webm
    ────────────────────────────────────────────────────────────────────────────────────────────────

    Error Context: ../../test-results/navigation-flow-Sistema-de-6e9bc-propriado-durante-navegação-Mobile-Chrome/error-context.md
]]>
</failure>
<system-out>
<![CDATA[
[[ATTACHMENT|navigation-flow-Sistema-de-6e9bc-propriado-durante-navegação-Mobile-Chrome/test-failed-1.png]]

[[ATTACHMENT|navigation-flow-Sistema-de-6e9bc-propriado-durante-navegação-Mobile-Chrome/video.webm]]

[[ATTACHMENT|navigation-flow-Sistema-de-6e9bc-propriado-durante-navegação-Mobile-Chrome/error-context.md]]
]]>
</system-out>
</testcase>
</testsuite>
<testsuite name="accusation-flow.spec.ts" timestamp="2025-07-26T13:50:52.835Z" hostname="Mobile Safari" tests="9" failures="9" skipped="0" time="158.085" errors="0">
<testcase name="Sistema de Acusação - Testes Funcionais Completos › deve permitir acusação correta e exibir vitória" classname="accusation-flow.spec.ts" time="17.391">
<failure message="accusation-flow.spec.ts:39:7 deve permitir acusação correta e exibir vitória" type="FAILURE">
<![CDATA[  [Mobile Safari] › accusation-flow.spec.ts:39:7 › Sistema de Acusação - Testes Funcionais Completos › deve permitir acusação correta e exibir vitória 

    Error: Timed out 10000ms waiting for expect(locator).toBeVisible()

    Locator: locator('[data-testid="investigation-map"], .investigation-map')
    Expected: visible
    Received: <element(s) not found>
    Call log:
      - Expect "toBeVisible" with timeout 10000ms
      - waiting for locator('[data-testid="investigation-map"], .investigation-map')


       at pages/InvestigationPage.ts:104

      102 |     // Aguardar elementos principais da investigação
      103 |     await expect(this.gameTitle).toBeVisible()
    > 104 |     await expect(this.investigationMap).toBeVisible()
          |                                         ^
      105 |   }
      106 |
      107 |   /**
        at InvestigationPage.waitForLoad (/Users/thamiresfernandesmendes/Desktop/NovoProjeto/criminal-minds-game/tests/functional/pages/InvestigationPage.ts:104:41)
        at InvestigationPage.goto (/Users/thamiresfernandesmendes/Desktop/NovoProjeto/criminal-minds-game/tests/functional/pages/InvestigationPage.ts:93:5)
        at /Users/thamiresfernandesmendes/Desktop/NovoProjeto/criminal-minds-game/tests/functional/accusation-flow.spec.ts:28:5

    attachment #1: screenshot (image/png) ──────────────────────────────────────────────────────────
    ../../test-results/accusation-flow-Sistema-de-2da99-ão-correta-e-exibir-vitória-Mobile-Safari/test-failed-1.png
    ────────────────────────────────────────────────────────────────────────────────────────────────

    attachment #2: video (video/webm) ──────────────────────────────────────────────────────────────
    ../../test-results/accusation-flow-Sistema-de-2da99-ão-correta-e-exibir-vitória-Mobile-Safari/video.webm
    ────────────────────────────────────────────────────────────────────────────────────────────────

    Error Context: ../../test-results/accusation-flow-Sistema-de-2da99-ão-correta-e-exibir-vitória-Mobile-Safari/error-context.md
]]>
</failure>
<system-out>
<![CDATA[
[[ATTACHMENT|accusation-flow-Sistema-de-2da99-ão-correta-e-exibir-vitória-Mobile-Safari/test-failed-1.png]]

[[ATTACHMENT|accusation-flow-Sistema-de-2da99-ão-correta-e-exibir-vitória-Mobile-Safari/video.webm]]

[[ATTACHMENT|accusation-flow-Sistema-de-2da99-ão-correta-e-exibir-vitória-Mobile-Safari/error-context.md]]
]]>
</system-out>
</testcase>
<testcase name="Sistema de Acusação - Testes Funcionais Completos › deve processar acusação incorreta e exibir derrota" classname="accusation-flow.spec.ts" time="16.893">
<failure message="accusation-flow.spec.ts:75:7 deve processar acusação incorreta e exibir derrota" type="FAILURE">
<![CDATA[  [Mobile Safari] › accusation-flow.spec.ts:75:7 › Sistema de Acusação - Testes Funcionais Completos › deve processar acusação incorreta e exibir derrota 

    Error: Timed out 10000ms waiting for expect(locator).toBeVisible()

    Locator: locator('[data-testid="investigation-map"], .investigation-map')
    Expected: visible
    Received: <element(s) not found>
    Call log:
      - Expect "toBeVisible" with timeout 10000ms
      - waiting for locator('[data-testid="investigation-map"], .investigation-map')


       at pages/InvestigationPage.ts:104

      102 |     // Aguardar elementos principais da investigação
      103 |     await expect(this.gameTitle).toBeVisible()
    > 104 |     await expect(this.investigationMap).toBeVisible()
          |                                         ^
      105 |   }
      106 |
      107 |   /**
        at InvestigationPage.waitForLoad (/Users/thamiresfernandesmendes/Desktop/NovoProjeto/criminal-minds-game/tests/functional/pages/InvestigationPage.ts:104:41)
        at InvestigationPage.goto (/Users/thamiresfernandesmendes/Desktop/NovoProjeto/criminal-minds-game/tests/functional/pages/InvestigationPage.ts:93:5)
        at /Users/thamiresfernandesmendes/Desktop/NovoProjeto/criminal-minds-game/tests/functional/accusation-flow.spec.ts:28:5

    attachment #1: screenshot (image/png) ──────────────────────────────────────────────────────────
    ../../test-results/accusation-flow-Sistema-de-a9794--incorreta-e-exibir-derrota-Mobile-Safari/test-failed-1.png
    ────────────────────────────────────────────────────────────────────────────────────────────────

    attachment #2: video (video/webm) ──────────────────────────────────────────────────────────────
    ../../test-results/accusation-flow-Sistema-de-a9794--incorreta-e-exibir-derrota-Mobile-Safari/video.webm
    ────────────────────────────────────────────────────────────────────────────────────────────────

    Error Context: ../../test-results/accusation-flow-Sistema-de-a9794--incorreta-e-exibir-derrota-Mobile-Safari/error-context.md
]]>
</failure>
<system-out>
<![CDATA[
[[ATTACHMENT|accusation-flow-Sistema-de-a9794--incorreta-e-exibir-derrota-Mobile-Safari/test-failed-1.png]]

[[ATTACHMENT|accusation-flow-Sistema-de-a9794--incorreta-e-exibir-derrota-Mobile-Safari/video.webm]]

[[ATTACHMENT|accusation-flow-Sistema-de-a9794--incorreta-e-exibir-derrota-Mobile-Safari/error-context.md]]
]]>
</system-out>
</testcase>
<testcase name="Sistema de Acusação - Testes Funcionais Completos › deve validar dados obrigatórios no formulário de acusação" classname="accusation-flow.spec.ts" time="16.211">
<failure message="accusation-flow.spec.ts:108:7 deve validar dados obrigatórios no formulário de acusação" type="FAILURE">
<![CDATA[  [Mobile Safari] › accusation-flow.spec.ts:108:7 › Sistema de Acusação - Testes Funcionais Completos › deve validar dados obrigatórios no formulário de acusação 

    Error: Timed out 10000ms waiting for expect(locator).toBeVisible()

    Locator: locator('[data-testid="investigation-map"], .investigation-map')
    Expected: visible
    Received: <element(s) not found>
    Call log:
      - Expect "toBeVisible" with timeout 10000ms
      - waiting for locator('[data-testid="investigation-map"], .investigation-map')


       at pages/InvestigationPage.ts:104

      102 |     // Aguardar elementos principais da investigação
      103 |     await expect(this.gameTitle).toBeVisible()
    > 104 |     await expect(this.investigationMap).toBeVisible()
          |                                         ^
      105 |   }
      106 |
      107 |   /**
        at InvestigationPage.waitForLoad (/Users/thamiresfernandesmendes/Desktop/NovoProjeto/criminal-minds-game/tests/functional/pages/InvestigationPage.ts:104:41)
        at InvestigationPage.goto (/Users/thamiresfernandesmendes/Desktop/NovoProjeto/criminal-minds-game/tests/functional/pages/InvestigationPage.ts:93:5)
        at /Users/thamiresfernandesmendes/Desktop/NovoProjeto/criminal-minds-game/tests/functional/accusation-flow.spec.ts:28:5

    attachment #1: screenshot (image/png) ──────────────────────────────────────────────────────────
    ../../test-results/accusation-flow-Sistema-de-8cdbe-s-no-formulário-de-acusação-Mobile-Safari/test-failed-1.png
    ────────────────────────────────────────────────────────────────────────────────────────────────

    attachment #2: video (video/webm) ──────────────────────────────────────────────────────────────
    ../../test-results/accusation-flow-Sistema-de-8cdbe-s-no-formulário-de-acusação-Mobile-Safari/video.webm
    ────────────────────────────────────────────────────────────────────────────────────────────────

    Error Context: ../../test-results/accusation-flow-Sistema-de-8cdbe-s-no-formulário-de-acusação-Mobile-Safari/error-context.md
]]>
</failure>
<system-out>
<![CDATA[
[[ATTACHMENT|accusation-flow-Sistema-de-8cdbe-s-no-formulário-de-acusação-Mobile-Safari/test-failed-1.png]]

[[ATTACHMENT|accusation-flow-Sistema-de-8cdbe-s-no-formulário-de-acusação-Mobile-Safari/video.webm]]

[[ATTACHMENT|accusation-flow-Sistema-de-8cdbe-s-no-formulário-de-acusação-Mobile-Safari/error-context.md]]
]]>
</system-out>
</testcase>
<testcase name="Sistema de Acusação - Testes Funcionais Completos › deve atualizar contador de caracteres em tempo real" classname="accusation-flow.spec.ts" time="18.495">
<failure message="accusation-flow.spec.ts:137:7 deve atualizar contador de caracteres em tempo real" type="FAILURE">
<![CDATA[  [Mobile Safari] › accusation-flow.spec.ts:137:7 › Sistema de Acusação - Testes Funcionais Completos › deve atualizar contador de caracteres em tempo real 

    Error: Timed out 10000ms waiting for expect(locator).toBeVisible()

    Locator: locator('[data-testid="investigation-map"], .investigation-map')
    Expected: visible
    Received: <element(s) not found>
    Call log:
      - Expect "toBeVisible" with timeout 10000ms
      - waiting for locator('[data-testid="investigation-map"], .investigation-map')


       at pages/InvestigationPage.ts:104

      102 |     // Aguardar elementos principais da investigação
      103 |     await expect(this.gameTitle).toBeVisible()
    > 104 |     await expect(this.investigationMap).toBeVisible()
          |                                         ^
      105 |   }
      106 |
      107 |   /**
        at InvestigationPage.waitForLoad (/Users/thamiresfernandesmendes/Desktop/NovoProjeto/criminal-minds-game/tests/functional/pages/InvestigationPage.ts:104:41)
        at InvestigationPage.goto (/Users/thamiresfernandesmendes/Desktop/NovoProjeto/criminal-minds-game/tests/functional/pages/InvestigationPage.ts:93:5)
        at /Users/thamiresfernandesmendes/Desktop/NovoProjeto/criminal-minds-game/tests/functional/accusation-flow.spec.ts:28:5

    attachment #1: screenshot (image/png) ──────────────────────────────────────────────────────────
    ../../test-results/accusation-flow-Sistema-de-ed2dc-de-caracteres-em-tempo-real-Mobile-Safari/test-failed-1.png
    ────────────────────────────────────────────────────────────────────────────────────────────────

    attachment #2: video (video/webm) ──────────────────────────────────────────────────────────────
    ../../test-results/accusation-flow-Sistema-de-ed2dc-de-caracteres-em-tempo-real-Mobile-Safari/video.webm
    ────────────────────────────────────────────────────────────────────────────────────────────────

    Error Context: ../../test-results/accusation-flow-Sistema-de-ed2dc-de-caracteres-em-tempo-real-Mobile-Safari/error-context.md
]]>
</failure>
<system-out>
<![CDATA[
[[ATTACHMENT|accusation-flow-Sistema-de-ed2dc-de-caracteres-em-tempo-real-Mobile-Safari/test-failed-1.png]]

[[ATTACHMENT|accusation-flow-Sistema-de-ed2dc-de-caracteres-em-tempo-real-Mobile-Safari/video.webm]]

[[ATTACHMENT|accusation-flow-Sistema-de-ed2dc-de-caracteres-em-tempo-real-Mobile-Safari/error-context.md]]
]]>
</system-out>
</testcase>
<testcase name="Sistema de Acusação - Testes Funcionais Completos › deve permitir cancelar acusação sem efeitos colaterais" classname="accusation-flow.spec.ts" time="19.573">
<failure message="accusation-flow.spec.ts:165:7 deve permitir cancelar acusação sem efeitos colaterais" type="FAILURE">
<![CDATA[  [Mobile Safari] › accusation-flow.spec.ts:165:7 › Sistema de Acusação - Testes Funcionais Completos › deve permitir cancelar acusação sem efeitos colaterais 

    Error: Timed out 10000ms waiting for expect(locator).toBeVisible()

    Locator: locator('[data-testid="investigation-map"], .investigation-map')
    Expected: visible
    Received: <element(s) not found>
    Call log:
      - Expect "toBeVisible" with timeout 10000ms
      - waiting for locator('[data-testid="investigation-map"], .investigation-map')


       at pages/InvestigationPage.ts:104

      102 |     // Aguardar elementos principais da investigação
      103 |     await expect(this.gameTitle).toBeVisible()
    > 104 |     await expect(this.investigationMap).toBeVisible()
          |                                         ^
      105 |   }
      106 |
      107 |   /**
        at InvestigationPage.waitForLoad (/Users/thamiresfernandesmendes/Desktop/NovoProjeto/criminal-minds-game/tests/functional/pages/InvestigationPage.ts:104:41)
        at InvestigationPage.goto (/Users/thamiresfernandesmendes/Desktop/NovoProjeto/criminal-minds-game/tests/functional/pages/InvestigationPage.ts:93:5)
        at /Users/thamiresfernandesmendes/Desktop/NovoProjeto/criminal-minds-game/tests/functional/accusation-flow.spec.ts:28:5

    attachment #1: screenshot (image/png) ──────────────────────────────────────────────────────────
    ../../test-results/accusation-flow-Sistema-de-0ab86-ação-sem-efeitos-colaterais-Mobile-Safari/test-failed-1.png
    ────────────────────────────────────────────────────────────────────────────────────────────────

    attachment #2: video (video/webm) ──────────────────────────────────────────────────────────────
    ../../test-results/accusation-flow-Sistema-de-0ab86-ação-sem-efeitos-colaterais-Mobile-Safari/video.webm
    ────────────────────────────────────────────────────────────────────────────────────────────────

    Error Context: ../../test-results/accusation-flow-Sistema-de-0ab86-ação-sem-efeitos-colaterais-Mobile-Safari/error-context.md
]]>
</failure>
<system-out>
<![CDATA[
[[ATTACHMENT|accusation-flow-Sistema-de-0ab86-ação-sem-efeitos-colaterais-Mobile-Safari/test-failed-1.png]]

[[ATTACHMENT|accusation-flow-Sistema-de-0ab86-ação-sem-efeitos-colaterais-Mobile-Safari/video.webm]]

[[ATTACHMENT|accusation-flow-Sistema-de-0ab86-ação-sem-efeitos-colaterais-Mobile-Safari/error-context.md]]
]]>
</system-out>
</testcase>
<testcase name="Sistema de Acusação - Testes Funcionais Completos › deve executar fluxo end-to-end completo com sucesso" classname="accusation-flow.spec.ts" time="17.863">
<failure message="accusation-flow.spec.ts:194:7 deve executar fluxo end-to-end completo com sucesso" type="FAILURE">
<![CDATA[  [Mobile Safari] › accusation-flow.spec.ts:194:7 › Sistema de Acusação - Testes Funcionais Completos › deve executar fluxo end-to-end completo com sucesso 

    Error: Timed out 10000ms waiting for expect(locator).toBeVisible()

    Locator: locator('[data-testid="investigation-map"], .investigation-map')
    Expected: visible
    Received: <element(s) not found>
    Call log:
      - Expect "toBeVisible" with timeout 10000ms
      - waiting for locator('[data-testid="investigation-map"], .investigation-map')


       at pages/InvestigationPage.ts:104

      102 |     // Aguardar elementos principais da investigação
      103 |     await expect(this.gameTitle).toBeVisible()
    > 104 |     await expect(this.investigationMap).toBeVisible()
          |                                         ^
      105 |   }
      106 |
      107 |   /**
        at InvestigationPage.waitForLoad (/Users/thamiresfernandesmendes/Desktop/NovoProjeto/criminal-minds-game/tests/functional/pages/InvestigationPage.ts:104:41)
        at InvestigationPage.goto (/Users/thamiresfernandesmendes/Desktop/NovoProjeto/criminal-minds-game/tests/functional/pages/InvestigationPage.ts:93:5)
        at /Users/thamiresfernandesmendes/Desktop/NovoProjeto/criminal-minds-game/tests/functional/accusation-flow.spec.ts:28:5

    attachment #1: screenshot (image/png) ──────────────────────────────────────────────────────────
    ../../test-results/accusation-flow-Sistema-de-3154e-to-end-completo-com-sucesso-Mobile-Safari/test-failed-1.png
    ────────────────────────────────────────────────────────────────────────────────────────────────

    attachment #2: video (video/webm) ──────────────────────────────────────────────────────────────
    ../../test-results/accusation-flow-Sistema-de-3154e-to-end-completo-com-sucesso-Mobile-Safari/video.webm
    ────────────────────────────────────────────────────────────────────────────────────────────────

    Error Context: ../../test-results/accusation-flow-Sistema-de-3154e-to-end-completo-com-sucesso-Mobile-Safari/error-context.md
]]>
</failure>
<system-out>
<![CDATA[
[[ATTACHMENT|accusation-flow-Sistema-de-3154e-to-end-completo-com-sucesso-Mobile-Safari/test-failed-1.png]]

[[ATTACHMENT|accusation-flow-Sistema-de-3154e-to-end-completo-com-sucesso-Mobile-Safari/video.webm]]

[[ATTACHMENT|accusation-flow-Sistema-de-3154e-to-end-completo-com-sucesso-Mobile-Safari/error-context.md]]
]]>
</system-out>
</testcase>
<testcase name="Sistema de Acusação - Testes Funcionais Completos › deve funcionar corretamente em diferentes resoluções" classname="accusation-flow.spec.ts" time="18.781">
<failure message="accusation-flow.spec.ts:243:7 deve funcionar corretamente em diferentes resoluções" type="FAILURE">
<![CDATA[  [Mobile Safari] › accusation-flow.spec.ts:243:7 › Sistema de Acusação - Testes Funcionais Completos › deve funcionar corretamente em diferentes resoluções 

    Error: Timed out 10000ms waiting for expect(locator).toBeVisible()

    Locator: locator('[data-testid="investigation-map"], .investigation-map')
    Expected: visible
    Received: <element(s) not found>
    Call log:
      - Expect "toBeVisible" with timeout 10000ms
      - waiting for locator('[data-testid="investigation-map"], .investigation-map')


       at pages/InvestigationPage.ts:104

      102 |     // Aguardar elementos principais da investigação
      103 |     await expect(this.gameTitle).toBeVisible()
    > 104 |     await expect(this.investigationMap).toBeVisible()
          |                                         ^
      105 |   }
      106 |
      107 |   /**
        at InvestigationPage.waitForLoad (/Users/thamiresfernandesmendes/Desktop/NovoProjeto/criminal-minds-game/tests/functional/pages/InvestigationPage.ts:104:41)
        at InvestigationPage.goto (/Users/thamiresfernandesmendes/Desktop/NovoProjeto/criminal-minds-game/tests/functional/pages/InvestigationPage.ts:93:5)
        at /Users/thamiresfernandesmendes/Desktop/NovoProjeto/criminal-minds-game/tests/functional/accusation-flow.spec.ts:28:5

    attachment #1: screenshot (image/png) ──────────────────────────────────────────────────────────
    ../../test-results/accusation-flow-Sistema-de-923f7-te-em-diferentes-resoluções-Mobile-Safari/test-failed-1.png
    ────────────────────────────────────────────────────────────────────────────────────────────────

    attachment #2: video (video/webm) ──────────────────────────────────────────────────────────────
    ../../test-results/accusation-flow-Sistema-de-923f7-te-em-diferentes-resoluções-Mobile-Safari/video.webm
    ────────────────────────────────────────────────────────────────────────────────────────────────

    Error Context: ../../test-results/accusation-flow-Sistema-de-923f7-te-em-diferentes-resoluções-Mobile-Safari/error-context.md
]]>
</failure>
<system-out>
<![CDATA[
[[ATTACHMENT|accusation-flow-Sistema-de-923f7-te-em-diferentes-resoluções-Mobile-Safari/test-failed-1.png]]

[[ATTACHMENT|accusation-flow-Sistema-de-923f7-te-em-diferentes-resoluções-Mobile-Safari/video.webm]]

[[ATTACHMENT|accusation-flow-Sistema-de-923f7-te-em-diferentes-resoluções-Mobile-Safari/error-context.md]]
]]>
</system-out>
</testcase>
<testcase name="Sistema de Acusação - Testes Funcionais Completos › deve atender requisitos básicos de acessibilidade" classname="accusation-flow.spec.ts" time="16.677">
<failure message="accusation-flow.spec.ts:274:7 deve atender requisitos básicos de acessibilidade" type="FAILURE">
<![CDATA[  [Mobile Safari] › accusation-flow.spec.ts:274:7 › Sistema de Acusação - Testes Funcionais Completos › deve atender requisitos básicos de acessibilidade 

    Error: Timed out 10000ms waiting for expect(locator).toBeVisible()

    Locator: locator('[data-testid="investigation-map"], .investigation-map')
    Expected: visible
    Received: <element(s) not found>
    Call log:
      - Expect "toBeVisible" with timeout 10000ms
      - waiting for locator('[data-testid="investigation-map"], .investigation-map')


       at pages/InvestigationPage.ts:104

      102 |     // Aguardar elementos principais da investigação
      103 |     await expect(this.gameTitle).toBeVisible()
    > 104 |     await expect(this.investigationMap).toBeVisible()
          |                                         ^
      105 |   }
      106 |
      107 |   /**
        at InvestigationPage.waitForLoad (/Users/thamiresfernandesmendes/Desktop/NovoProjeto/criminal-minds-game/tests/functional/pages/InvestigationPage.ts:104:41)
        at InvestigationPage.goto (/Users/thamiresfernandesmendes/Desktop/NovoProjeto/criminal-minds-game/tests/functional/pages/InvestigationPage.ts:93:5)
        at /Users/thamiresfernandesmendes/Desktop/NovoProjeto/criminal-minds-game/tests/functional/accusation-flow.spec.ts:28:5

    attachment #1: screenshot (image/png) ──────────────────────────────────────────────────────────
    ../../test-results/accusation-flow-Sistema-de-b8387-s-básicos-de-acessibilidade-Mobile-Safari/test-failed-1.png
    ────────────────────────────────────────────────────────────────────────────────────────────────

    attachment #2: video (video/webm) ──────────────────────────────────────────────────────────────
    ../../test-results/accusation-flow-Sistema-de-b8387-s-básicos-de-acessibilidade-Mobile-Safari/video.webm
    ────────────────────────────────────────────────────────────────────────────────────────────────

    Error Context: ../../test-results/accusation-flow-Sistema-de-b8387-s-básicos-de-acessibilidade-Mobile-Safari/error-context.md
]]>
</failure>
<system-out>
<![CDATA[
[[ATTACHMENT|accusation-flow-Sistema-de-b8387-s-básicos-de-acessibilidade-Mobile-Safari/test-failed-1.png]]

[[ATTACHMENT|accusation-flow-Sistema-de-b8387-s-básicos-de-acessibilidade-Mobile-Safari/video.webm]]

[[ATTACHMENT|accusation-flow-Sistema-de-b8387-s-básicos-de-acessibilidade-Mobile-Safari/error-context.md]]
]]>
</system-out>
</testcase>
<testcase name="Sistema de Acusação - Testes Funcionais Completos › deve se recuperar graciosamente de erros de rede" classname="accusation-flow.spec.ts" time="16.201">
<failure message="accusation-flow.spec.ts:302:7 deve se recuperar graciosamente de erros de rede" type="FAILURE">
<![CDATA[  [Mobile Safari] › accusation-flow.spec.ts:302:7 › Sistema de Acusação - Testes Funcionais Completos › deve se recuperar graciosamente de erros de rede 

    Error: Timed out 10000ms waiting for expect(locator).toBeVisible()

    Locator: locator('[data-testid="investigation-map"], .investigation-map')
    Expected: visible
    Received: <element(s) not found>
    Call log:
      - Expect "toBeVisible" with timeout 10000ms
      - waiting for locator('[data-testid="investigation-map"], .investigation-map')


       at pages/InvestigationPage.ts:104

      102 |     // Aguardar elementos principais da investigação
      103 |     await expect(this.gameTitle).toBeVisible()
    > 104 |     await expect(this.investigationMap).toBeVisible()
          |                                         ^
      105 |   }
      106 |
      107 |   /**
        at InvestigationPage.waitForLoad (/Users/thamiresfernandesmendes/Desktop/NovoProjeto/criminal-minds-game/tests/functional/pages/InvestigationPage.ts:104:41)
        at InvestigationPage.goto (/Users/thamiresfernandesmendes/Desktop/NovoProjeto/criminal-minds-game/tests/functional/pages/InvestigationPage.ts:93:5)
        at /Users/thamiresfernandesmendes/Desktop/NovoProjeto/criminal-minds-game/tests/functional/accusation-flow.spec.ts:28:5

    attachment #1: screenshot (image/png) ──────────────────────────────────────────────────────────
    ../../test-results/accusation-flow-Sistema-de-b9fb3-ciosamente-de-erros-de-rede-Mobile-Safari/test-failed-1.png
    ────────────────────────────────────────────────────────────────────────────────────────────────

    attachment #2: video (video/webm) ──────────────────────────────────────────────────────────────
    ../../test-results/accusation-flow-Sistema-de-b9fb3-ciosamente-de-erros-de-rede-Mobile-Safari/video.webm
    ────────────────────────────────────────────────────────────────────────────────────────────────

    Error Context: ../../test-results/accusation-flow-Sistema-de-b9fb3-ciosamente-de-erros-de-rede-Mobile-Safari/error-context.md
]]>
</failure>
<system-out>
<![CDATA[
[[ATTACHMENT|accusation-flow-Sistema-de-b9fb3-ciosamente-de-erros-de-rede-Mobile-Safari/test-failed-1.png]]

[[ATTACHMENT|accusation-flow-Sistema-de-b9fb3-ciosamente-de-erros-de-rede-Mobile-Safari/video.webm]]

[[ATTACHMENT|accusation-flow-Sistema-de-b9fb3-ciosamente-de-erros-de-rede-Mobile-Safari/error-context.md]]
]]>
</system-out>
</testcase>
</testsuite>
<testsuite name="navigation-flow.spec.ts" timestamp="2025-07-26T13:50:52.835Z" hostname="Mobile Safari" tests="11" failures="10" skipped="0" time="161.688" errors="0">
<testcase name="Sistema de Navegação - Testes Funcionais › deve navegar corretamente desde página inicial" classname="navigation-flow.spec.ts" time="15.215">
<failure message="navigation-flow.spec.ts:25:7 deve navegar corretamente desde página inicial" type="FAILURE">
<![CDATA[  [Mobile Safari] › navigation-flow.spec.ts:25:7 › Sistema de Navegação - Testes Funcionais › deve navegar corretamente desde página inicial 

    Error: Timed out 10000ms waiting for expect(locator).toBeVisible()

    Locator: locator('nav, [data-testid="navigation"]')
    Expected: visible
    Received: <element(s) not found>
    Call log:
      - Expect "toBeVisible" with timeout 10000ms
      - waiting for locator('nav, [data-testid="navigation"]')


       at pages/HomePage.ts:119

      117 |     
      118 |     // Verificar navegação principal
    > 119 |     await expect(this.navigationMenu).toBeVisible()
          |                                       ^
      120 |     
      121 |     // Verificar botões principais (pelo menos um deve estar visível)
      122 |     const mainButtons = [
        at HomePage.verifyPageElements (/Users/thamiresfernandesmendes/Desktop/NovoProjeto/criminal-minds-game/tests/functional/pages/HomePage.ts:119:39)
        at /Users/thamiresfernandesmendes/Desktop/NovoProjeto/criminal-minds-game/tests/functional/navigation-flow.spec.ts:28:5

    attachment #1: screenshot (image/png) ──────────────────────────────────────────────────────────
    ../../test-results/navigation-flow-Sistema-de-1e7a5-amente-desde-página-inicial-Mobile-Safari/test-failed-1.png
    ────────────────────────────────────────────────────────────────────────────────────────────────

    attachment #2: video (video/webm) ──────────────────────────────────────────────────────────────
    ../../test-results/navigation-flow-Sistema-de-1e7a5-amente-desde-página-inicial-Mobile-Safari/video.webm
    ────────────────────────────────────────────────────────────────────────────────────────────────

    Error Context: ../../test-results/navigation-flow-Sistema-de-1e7a5-amente-desde-página-inicial-Mobile-Safari/error-context.md
]]>
</failure>
<system-out>
<![CDATA[
[[ATTACHMENT|navigation-flow-Sistema-de-1e7a5-amente-desde-página-inicial-Mobile-Safari/test-failed-1.png]]

[[ATTACHMENT|navigation-flow-Sistema-de-1e7a5-amente-desde-página-inicial-Mobile-Safari/video.webm]]

[[ATTACHMENT|navigation-flow-Sistema-de-1e7a5-amente-desde-página-inicial-Mobile-Safari/error-context.md]]
]]>
</system-out>
</testcase>
<testcase name="Sistema de Navegação - Testes Funcionais › deve acessar configurações e retornar" classname="navigation-flow.spec.ts" time="14.916">
<failure message="navigation-flow.spec.ts:48:7 deve acessar configurações e retornar" type="FAILURE">
<![CDATA[  [Mobile Safari] › navigation-flow.spec.ts:48:7 › Sistema de Navegação - Testes Funcionais › deve acessar configurações e retornar 

    TimeoutError: locator.click: Timeout 10000ms exceeded.
    Call log:
      - waiting for locator('button:has-text("Configurações"), a[href="/settings"]')


       at pages/HomePage.ts:87

      85 |    */
      86 |   async goToSettings() {
    > 87 |     await this.settingsButton.click()
         |                               ^
      88 |     await this.page.waitForURL('**/settings')
      89 |   }
      90 |
        at HomePage.goToSettings (/Users/thamiresfernandesmendes/Desktop/NovoProjeto/criminal-minds-game/tests/functional/pages/HomePage.ts:87:31)
        at /Users/thamiresfernandesmendes/Desktop/NovoProjeto/criminal-minds-game/tests/functional/navigation-flow.spec.ts:53:20

    attachment #1: screenshot (image/png) ──────────────────────────────────────────────────────────
    ../../test-results/navigation-flow-Sistema-de-9de14-ar-configurações-e-retornar-Mobile-Safari/test-failed-1.png
    ────────────────────────────────────────────────────────────────────────────────────────────────

    attachment #2: video (video/webm) ──────────────────────────────────────────────────────────────
    ../../test-results/navigation-flow-Sistema-de-9de14-ar-configurações-e-retornar-Mobile-Safari/video.webm
    ────────────────────────────────────────────────────────────────────────────────────────────────

    Error Context: ../../test-results/navigation-flow-Sistema-de-9de14-ar-configurações-e-retornar-Mobile-Safari/error-context.md
]]>
</failure>
<system-out>
<![CDATA[
[[ATTACHMENT|navigation-flow-Sistema-de-9de14-ar-configurações-e-retornar-Mobile-Safari/test-failed-1.png]]

[[ATTACHMENT|navigation-flow-Sistema-de-9de14-ar-configurações-e-retornar-Mobile-Safari/video.webm]]

[[ATTACHMENT|navigation-flow-Sistema-de-9de14-ar-configurações-e-retornar-Mobile-Safari/error-context.md]]
]]>
</system-out>
</testcase>
<testcase name="Sistema de Navegação - Testes Funcionais › deve permitir acesso direto à investigação" classname="navigation-flow.spec.ts" time="16.1">
<failure message="navigation-flow.spec.ts:71:7 deve permitir acesso direto à investigação" type="FAILURE">
<![CDATA[  [Mobile Safari] › navigation-flow.spec.ts:71:7 › Sistema de Navegação - Testes Funcionais › deve permitir acesso direto à investigação 

    Error: Timed out 10000ms waiting for expect(locator).toBeVisible()

    Locator: locator('[data-testid="investigation-map"], .investigation-map')
    Expected: visible
    Received: <element(s) not found>
    Call log:
      - Expect "toBeVisible" with timeout 10000ms
      - waiting for locator('[data-testid="investigation-map"], .investigation-map')


       at pages/InvestigationPage.ts:104

      102 |     // Aguardar elementos principais da investigação
      103 |     await expect(this.gameTitle).toBeVisible()
    > 104 |     await expect(this.investigationMap).toBeVisible()
          |                                         ^
      105 |   }
      106 |
      107 |   /**
        at InvestigationPage.waitForLoad (/Users/thamiresfernandesmendes/Desktop/NovoProjeto/criminal-minds-game/tests/functional/pages/InvestigationPage.ts:104:41)
        at InvestigationPage.goto (/Users/thamiresfernandesmendes/Desktop/NovoProjeto/criminal-minds-game/tests/functional/pages/InvestigationPage.ts:93:5)
        at /Users/thamiresfernandesmendes/Desktop/NovoProjeto/criminal-minds-game/tests/functional/navigation-flow.spec.ts:73:5

    attachment #1: screenshot (image/png) ──────────────────────────────────────────────────────────
    ../../test-results/navigation-flow-Sistema-de-a2955-cesso-direto-à-investigação-Mobile-Safari/test-failed-1.png
    ────────────────────────────────────────────────────────────────────────────────────────────────

    attachment #2: video (video/webm) ──────────────────────────────────────────────────────────────
    ../../test-results/navigation-flow-Sistema-de-a2955-cesso-direto-à-investigação-Mobile-Safari/video.webm
    ────────────────────────────────────────────────────────────────────────────────────────────────

    Error Context: ../../test-results/navigation-flow-Sistema-de-a2955-cesso-direto-à-investigação-Mobile-Safari/error-context.md
]]>
</failure>
<system-out>
<![CDATA[
[[ATTACHMENT|navigation-flow-Sistema-de-a2955-cesso-direto-à-investigação-Mobile-Safari/test-failed-1.png]]

[[ATTACHMENT|navigation-flow-Sistema-de-a2955-cesso-direto-à-investigação-Mobile-Safari/video.webm]]

[[ATTACHMENT|navigation-flow-Sistema-de-a2955-cesso-direto-à-investigação-Mobile-Safari/error-context.md]]
]]>
</system-out>
</testcase>
<testcase name="Sistema de Navegação - Testes Funcionais › deve executar fluxo completo: home → lobby → jogo → resultado" classname="navigation-flow.spec.ts" time="15.797">
<failure message="navigation-flow.spec.ts:95:7 deve executar fluxo completo: home → lobby → jogo → resultado" type="FAILURE">
<![CDATA[  [Mobile Safari] › navigation-flow.spec.ts:95:7 › Sistema de Navegação - Testes Funcionais › deve executar fluxo completo: home → lobby → jogo → resultado 

    TimeoutError: locator.click: Timeout 10000ms exceeded.
    Call log:
      - waiting for locator('button:has-text("Lobby"), a[href="/lobby"]')


       at pages/HomePage.ts:79

      77 |    */
      78 |   async goToLobby() {
    > 79 |     await this.lobbyButton.click()
         |                            ^
      80 |     await this.page.waitForURL('**/lobby')
      81 |   }
      82 |
        at HomePage.goToLobby (/Users/thamiresfernandesmendes/Desktop/NovoProjeto/criminal-minds-game/tests/functional/pages/HomePage.ts:79:28)
        at /Users/thamiresfernandesmendes/Desktop/NovoProjeto/criminal-minds-game/tests/functional/navigation-flow.spec.ts:102:20

    attachment #1: screenshot (image/png) ──────────────────────────────────────────────────────────
    ../../test-results/navigation-flow-Sistema-de-cdcda--→-lobby-→-jogo-→-resultado-Mobile-Safari/test-failed-1.png
    ────────────────────────────────────────────────────────────────────────────────────────────────

    attachment #2: video (video/webm) ──────────────────────────────────────────────────────────────
    ../../test-results/navigation-flow-Sistema-de-cdcda--→-lobby-→-jogo-→-resultado-Mobile-Safari/video.webm
    ────────────────────────────────────────────────────────────────────────────────────────────────

    Error Context: ../../test-results/navigation-flow-Sistema-de-cdcda--→-lobby-→-jogo-→-resultado-Mobile-Safari/error-context.md
]]>
</failure>
<system-out>
<![CDATA[
[[ATTACHMENT|navigation-flow-Sistema-de-cdcda--→-lobby-→-jogo-→-resultado-Mobile-Safari/test-failed-1.png]]

[[ATTACHMENT|navigation-flow-Sistema-de-cdcda--→-lobby-→-jogo-→-resultado-Mobile-Safari/video.webm]]

[[ATTACHMENT|navigation-flow-Sistema-de-cdcda--→-lobby-→-jogo-→-resultado-Mobile-Safari/error-context.md]]
]]>
</system-out>
</testcase>
<testcase name="Sistema de Navegação - Testes Funcionais › deve funcionar corretamente em múltiplas abas" classname="navigation-flow.spec.ts" time="22.546">
<failure message="navigation-flow.spec.ts:139:7 deve funcionar corretamente em múltiplas abas" type="FAILURE">
<![CDATA[  [Mobile Safari] › navigation-flow.spec.ts:139:7 › Sistema de Navegação - Testes Funcionais › deve funcionar corretamente em múltiplas abas 

    Error: Timed out 10000ms waiting for expect(locator).toBeVisible()

    Locator: locator('nav, [data-testid="navigation"]')
    Expected: visible
    Received: <element(s) not found>
    Call log:
      - Expect "toBeVisible" with timeout 10000ms
      - waiting for locator('nav, [data-testid="navigation"]')


       at pages/HomePage.ts:119

      117 |     
      118 |     // Verificar navegação principal
    > 119 |     await expect(this.navigationMenu).toBeVisible()
          |                                       ^
      120 |     
      121 |     // Verificar botões principais (pelo menos um deve estar visível)
      122 |     const mainButtons = [
        at HomePage.verifyPageElements (/Users/thamiresfernandesmendes/Desktop/NovoProjeto/criminal-minds-game/tests/functional/pages/HomePage.ts:119:39)
        at /Users/thamiresfernandesmendes/Desktop/NovoProjeto/criminal-minds-game/tests/functional/navigation-flow.spec.ts:157:5

    attachment #1: screenshot (image/png) ──────────────────────────────────────────────────────────
    ../../test-results/navigation-flow-Sistema-de-13ff8-retamente-em-múltiplas-abas-Mobile-Safari/test-failed-1.png
    ────────────────────────────────────────────────────────────────────────────────────────────────

    attachment #2: screenshot (image/png) ──────────────────────────────────────────────────────────
    ../../test-results/navigation-flow-Sistema-de-13ff8-retamente-em-múltiplas-abas-Mobile-Safari/test-failed-3.png
    ────────────────────────────────────────────────────────────────────────────────────────────────

    attachment #3: screenshot (image/png) ──────────────────────────────────────────────────────────
    ../../test-results/navigation-flow-Sistema-de-13ff8-retamente-em-múltiplas-abas-Mobile-Safari/test-failed-2.png
    ────────────────────────────────────────────────────────────────────────────────────────────────

    attachment #4: video (video/webm) ──────────────────────────────────────────────────────────────
    ../../test-results/navigation-flow-Sistema-de-13ff8-retamente-em-múltiplas-abas-Mobile-Safari/video.webm
    ────────────────────────────────────────────────────────────────────────────────────────────────

    Error Context: ../../test-results/navigation-flow-Sistema-de-13ff8-retamente-em-múltiplas-abas-Mobile-Safari/error-context.md
]]>
</failure>
<system-out>
<![CDATA[
[[ATTACHMENT|navigation-flow-Sistema-de-13ff8-retamente-em-múltiplas-abas-Mobile-Safari/test-failed-1.png]]

[[ATTACHMENT|navigation-flow-Sistema-de-13ff8-retamente-em-múltiplas-abas-Mobile-Safari/test-failed-3.png]]

[[ATTACHMENT|navigation-flow-Sistema-de-13ff8-retamente-em-múltiplas-abas-Mobile-Safari/test-failed-2.png]]

[[ATTACHMENT|navigation-flow-Sistema-de-13ff8-retamente-em-múltiplas-abas-Mobile-Safari/video.webm]]

[[ATTACHMENT|navigation-flow-Sistema-de-13ff8-retamente-em-múltiplas-abas-Mobile-Safari/error-context.md]]
]]>
</system-out>
</testcase>
<testcase name="Sistema de Navegação - Testes Funcionais › deve lidar corretamente com parâmetros de URL" classname="navigation-flow.spec.ts" time="8.068">
<failure message="navigation-flow.spec.ts:167:7 deve lidar corretamente com parâmetros de URL" type="FAILURE">
<![CDATA[  [Mobile Safari] › navigation-flow.spec.ts:167:7 › Sistema de Navegação - Testes Funcionais › deve lidar corretamente com parâmetros de URL 

    Error: page.goto: Navigation to "http://localhost:3000/game/url-param-test-123/investigation" is interrupted by another navigation to "http://localhost:3000/login"
    Call log:
      - navigating to "http://localhost:3000/game/url-param-test-123/investigation", waiting until "load"


       at pages/InvestigationPage.ts:92

      90 |    */
      91 |   async goto(gameId: string = 'test-game') {
    > 92 |     await this.page.goto(`/game/${gameId}/investigation`)
         |                     ^
      93 |     await this.waitForLoad()
      94 |   }
      95 |
        at InvestigationPage.goto (/Users/thamiresfernandesmendes/Desktop/NovoProjeto/criminal-minds-game/tests/functional/pages/InvestigationPage.ts:92:21)
        at /Users/thamiresfernandesmendes/Desktop/NovoProjeto/criminal-minds-game/tests/functional/navigation-flow.spec.ts:174:29

    attachment #1: screenshot (image/png) ──────────────────────────────────────────────────────────
    ../../test-results/navigation-flow-Sistema-de-1493d-mente-com-parâmetros-de-URL-Mobile-Safari/test-failed-1.png
    ────────────────────────────────────────────────────────────────────────────────────────────────

    attachment #2: video (video/webm) ──────────────────────────────────────────────────────────────
    ../../test-results/navigation-flow-Sistema-de-1493d-mente-com-parâmetros-de-URL-Mobile-Safari/video.webm
    ────────────────────────────────────────────────────────────────────────────────────────────────

    Error Context: ../../test-results/navigation-flow-Sistema-de-1493d-mente-com-parâmetros-de-URL-Mobile-Safari/error-context.md
]]>
</failure>
<system-out>
<![CDATA[
[[ATTACHMENT|navigation-flow-Sistema-de-1493d-mente-com-parâmetros-de-URL-Mobile-Safari/test-failed-1.png]]

[[ATTACHMENT|navigation-flow-Sistema-de-1493d-mente-com-parâmetros-de-URL-Mobile-Safari/video.webm]]

[[ATTACHMENT|navigation-flow-Sistema-de-1493d-mente-com-parâmetros-de-URL-Mobile-Safari/error-context.md]]
]]>
</system-out>
</testcase>
<testcase name="Sistema de Navegação - Testes Funcionais › deve lidar graciosamente com URLs inválidas" classname="navigation-flow.spec.ts" time="9.758">
</testcase>
<testcase name="Sistema de Navegação - Testes Funcionais › deve suportar diferentes métodos de navegação" classname="navigation-flow.spec.ts" time="16.512">
<failure message="navigation-flow.spec.ts:208:7 deve suportar diferentes métodos de navegação" type="FAILURE">
<![CDATA[  [Mobile Safari] › navigation-flow.spec.ts:208:7 › Sistema de Navegação - Testes Funcionais › deve suportar diferentes métodos de navegação 

    TimeoutError: locator.click: Timeout 10000ms exceeded.
    Call log:
      - waiting for locator('button:has-text("Lobby"), a[href="/lobby"]')


       at pages/HomePage.ts:79

      77 |    */
      78 |   async goToLobby() {
    > 79 |     await this.lobbyButton.click()
         |                            ^
      80 |     await this.page.waitForURL('**/lobby')
      81 |   }
      82 |
        at HomePage.goToLobby (/Users/thamiresfernandesmendes/Desktop/NovoProjeto/criminal-minds-game/tests/functional/pages/HomePage.ts:79:28)
        at /Users/thamiresfernandesmendes/Desktop/NovoProjeto/criminal-minds-game/tests/functional/navigation-flow.spec.ts:211:20

    attachment #1: screenshot (image/png) ──────────────────────────────────────────────────────────
    ../../test-results/navigation-flow-Sistema-de-4fb25-rentes-métodos-de-navegação-Mobile-Safari/test-failed-1.png
    ────────────────────────────────────────────────────────────────────────────────────────────────

    attachment #2: video (video/webm) ──────────────────────────────────────────────────────────────
    ../../test-results/navigation-flow-Sistema-de-4fb25-rentes-métodos-de-navegação-Mobile-Safari/video.webm
    ────────────────────────────────────────────────────────────────────────────────────────────────

    Error Context: ../../test-results/navigation-flow-Sistema-de-4fb25-rentes-métodos-de-navegação-Mobile-Safari/error-context.md
]]>
</failure>
<system-out>
<![CDATA[
[[ATTACHMENT|navigation-flow-Sistema-de-4fb25-rentes-métodos-de-navegação-Mobile-Safari/test-failed-1.png]]

[[ATTACHMENT|navigation-flow-Sistema-de-4fb25-rentes-métodos-de-navegação-Mobile-Safari/video.webm]]

[[ATTACHMENT|navigation-flow-Sistema-de-4fb25-rentes-métodos-de-navegação-Mobile-Safari/error-context.md]]
]]>
</system-out>
</testcase>
<testcase name="Sistema de Navegação - Testes Funcionais › deve navegar corretamente em dispositivos móveis" classname="navigation-flow.spec.ts" time="15.196">
<failure message="navigation-flow.spec.ts:235:7 deve navegar corretamente em dispositivos móveis" type="FAILURE">
<![CDATA[  [Mobile Safari] › navigation-flow.spec.ts:235:7 › Sistema de Navegação - Testes Funcionais › deve navegar corretamente em dispositivos móveis 

    Error: Timed out 10000ms waiting for expect(locator).toBeVisible()

    Locator: locator('nav, [data-testid="navigation"]')
    Expected: visible
    Received: <element(s) not found>
    Call log:
      - Expect "toBeVisible" with timeout 10000ms
      - waiting for locator('nav, [data-testid="navigation"]')


       at pages/HomePage.ts:119

      117 |     
      118 |     // Verificar navegação principal
    > 119 |     await expect(this.navigationMenu).toBeVisible()
          |                                       ^
      120 |     
      121 |     // Verificar botões principais (pelo menos um deve estar visível)
      122 |     const mainButtons = [
        at HomePage.verifyPageElements (/Users/thamiresfernandesmendes/Desktop/NovoProjeto/criminal-minds-game/tests/functional/pages/HomePage.ts:119:39)
        at /Users/thamiresfernandesmendes/Desktop/NovoProjeto/criminal-minds-game/tests/functional/navigation-flow.spec.ts:241:5

    attachment #1: screenshot (image/png) ──────────────────────────────────────────────────────────
    ../../test-results/navigation-flow-Sistema-de-63fa9-ente-em-dispositivos-móveis-Mobile-Safari/test-failed-1.png
    ────────────────────────────────────────────────────────────────────────────────────────────────

    attachment #2: video (video/webm) ──────────────────────────────────────────────────────────────
    ../../test-results/navigation-flow-Sistema-de-63fa9-ente-em-dispositivos-móveis-Mobile-Safari/video.webm
    ────────────────────────────────────────────────────────────────────────────────────────────────

    Error Context: ../../test-results/navigation-flow-Sistema-de-63fa9-ente-em-dispositivos-móveis-Mobile-Safari/error-context.md
]]>
</failure>
<system-out>
<![CDATA[
[[ATTACHMENT|navigation-flow-Sistema-de-63fa9-ente-em-dispositivos-móveis-Mobile-Safari/test-failed-1.png]]

[[ATTACHMENT|navigation-flow-Sistema-de-63fa9-ente-em-dispositivos-móveis-Mobile-Safari/video.webm]]

[[ATTACHMENT|navigation-flow-Sistema-de-63fa9-ente-em-dispositivos-móveis-Mobile-Safari/error-context.md]]
]]>
</system-out>
</testcase>
<testcase name="Sistema de Navegação - Testes Funcionais › deve navegar com performance adequada" classname="navigation-flow.spec.ts" time="15.514">
<failure message="navigation-flow.spec.ts:266:7 deve navegar com performance adequada" type="FAILURE">
<![CDATA[  [Mobile Safari] › navigation-flow.spec.ts:266:7 › Sistema de Navegação - Testes Funcionais › deve navegar com performance adequada 

    TimeoutError: locator.click: Timeout 10000ms exceeded.
    Call log:
      - waiting for locator('button:has-text("Lobby"), a[href="/lobby"]')


       at pages/HomePage.ts:79

      77 |    */
      78 |   async goToLobby() {
    > 79 |     await this.lobbyButton.click()
         |                            ^
      80 |     await this.page.waitForURL('**/lobby')
      81 |   }
      82 |
        at HomePage.goToLobby (/Users/thamiresfernandesmendes/Desktop/NovoProjeto/criminal-minds-game/tests/functional/pages/HomePage.ts:79:28)
        at /Users/thamiresfernandesmendes/Desktop/NovoProjeto/criminal-minds-game/tests/functional/navigation-flow.spec.ts:271:20

    attachment #1: screenshot (image/png) ──────────────────────────────────────────────────────────
    ../../test-results/navigation-flow-Sistema-de-041c8-ar-com-performance-adequada-Mobile-Safari/test-failed-1.png
    ────────────────────────────────────────────────────────────────────────────────────────────────

    attachment #2: video (video/webm) ──────────────────────────────────────────────────────────────
    ../../test-results/navigation-flow-Sistema-de-041c8-ar-com-performance-adequada-Mobile-Safari/video.webm
    ────────────────────────────────────────────────────────────────────────────────────────────────

    Error Context: ../../test-results/navigation-flow-Sistema-de-041c8-ar-com-performance-adequada-Mobile-Safari/error-context.md
]]>
</failure>
<system-out>
<![CDATA[
[[ATTACHMENT|navigation-flow-Sistema-de-041c8-ar-com-performance-adequada-Mobile-Safari/test-failed-1.png]]

[[ATTACHMENT|navigation-flow-Sistema-de-041c8-ar-com-performance-adequada-Mobile-Safari/video.webm]]

[[ATTACHMENT|navigation-flow-Sistema-de-041c8-ar-com-performance-adequada-Mobile-Safari/error-context.md]]
]]>
</system-out>
</testcase>
<testcase name="Sistema de Navegação - Testes Funcionais › deve manter estado apropriado durante navegação" classname="navigation-flow.spec.ts" time="12.066">
<failure message="navigation-flow.spec.ts:295:7 deve manter estado apropriado durante navegação" type="FAILURE">
<![CDATA[  [Mobile Safari] › navigation-flow.spec.ts:295:7 › Sistema de Navegação - Testes Funcionais › deve manter estado apropriado durante navegação 

    TimeoutError: locator.click: Timeout 10000ms exceeded.
    Call log:
      - waiting for locator('button:has-text("Lobby"), a[href="/lobby"]')


       at pages/HomePage.ts:79

      77 |    */
      78 |   async goToLobby() {
    > 79 |     await this.lobbyButton.click()
         |                            ^
      80 |     await this.page.waitForURL('**/lobby')
      81 |   }
      82 |
        at HomePage.goToLobby (/Users/thamiresfernandesmendes/Desktop/NovoProjeto/criminal-minds-game/tests/functional/pages/HomePage.ts:79:28)
        at /Users/thamiresfernandesmendes/Desktop/NovoProjeto/criminal-minds-game/tests/functional/navigation-flow.spec.ts:308:20

    attachment #1: screenshot (image/png) ──────────────────────────────────────────────────────────
    ../../test-results/navigation-flow-Sistema-de-6e9bc-propriado-durante-navegação-Mobile-Safari/test-failed-1.png
    ────────────────────────────────────────────────────────────────────────────────────────────────

    attachment #2: video (video/webm) ──────────────────────────────────────────────────────────────
    ../../test-results/navigation-flow-Sistema-de-6e9bc-propriado-durante-navegação-Mobile-Safari/video.webm
    ────────────────────────────────────────────────────────────────────────────────────────────────

    Error Context: ../../test-results/navigation-flow-Sistema-de-6e9bc-propriado-durante-navegação-Mobile-Safari/error-context.md
]]>
</failure>
<system-out>
<![CDATA[
[[ATTACHMENT|navigation-flow-Sistema-de-6e9bc-propriado-durante-navegação-Mobile-Safari/test-failed-1.png]]

[[ATTACHMENT|navigation-flow-Sistema-de-6e9bc-propriado-durante-navegação-Mobile-Safari/video.webm]]

[[ATTACHMENT|navigation-flow-Sistema-de-6e9bc-propriado-durante-navegação-Mobile-Safari/error-context.md]]
]]>
</system-out>
</testcase>
</testsuite>
</testsuites>